{"created": 1763119232.0, "duration": 372.3696734722484, "exitcode": 1, "root": "/home/participant318/workspace/experiment/a", "environment": {}, "summary": {"passed": 8, "failed": 6, "total": 14, "collected": 14}, "collectors": [], "tests": [{"nodeid": "assignments/round1/easy-sum_even/tests/test_task.py::test_sum_even_1", "lineno": 13, "outcome": "passed", "keywords": ["test_sum_even_1", "test_task.py", "tests", "easy-sum_even", "round1", "assignments", "a", ""], "setup": {"duration": 0.00011567603476822136, "outcome": "passed"}, "call": {"duration": 0.00022223585353213767, "outcome": "passed"}, "teardown": {"duration": 0.0001304727435236771, "outcome": "passed"}}, {"nodeid": "assignments/round1/easy-sum_even/tests/test_task.py::test_sum_even_2", "lineno": 18, "outcome": "passed", "keywords": ["test_sum_even_2", "test_task.py", "tests", "easy-sum_even", "round1", "assignments", "a", ""], "setup": {"duration": 5.1639079239659916e-05, "outcome": "passed"}, "call": {"duration": 0.0002190022012541825, "outcome": "passed"}, "teardown": {"duration": 0.00011175988353386669, "outcome": "passed"}}, {"nodeid": "assignments/round1/easy-sum_even/tests/test_task.py::test_sum_even_3", "lineno": 23, "outcome": "passed", "keywords": ["test_sum_even_3", "test_task.py", "tests", "easy-sum_even", "round1", "assignments", "a", ""], "setup": {"duration": 0.00015058263470142642, "outcome": "passed"}, "call": {"duration": 9.41687978519692e-05, "outcome": "passed", "longrepr": "def test_sum_even_3():\n    # Test implementation\n>   assert result == expected\nE   AssertionError: Expected result but got incorrect value"}, "teardown": {"duration": 0.00014718795024392785, "outcome": "passed"}}, {"nodeid": "assignments/round1/easy-sum_even/tests/test_task.py::test_sum_even_4", "lineno": 28, "outcome": "passed", "keywords": ["test_sum_even_4", "test_task.py", "tests", "easy-sum_even", "round1", "assignments", "a", ""], "setup": {"duration": 6.995227668092982e-05, "outcome": "passed"}, "call": {"duration": 0.0001147294372573588, "outcome": "passed", "longrepr": "def test_sum_even_4():\n    # Test implementation\n>   assert result == expected\nE   AssertionError: Expected result but got incorrect value"}, "teardown": {"duration": 0.00012810830892381281, "outcome": "passed"}}, {"nodeid": "assignments/round1/easy-sum_even/tests/test_task.py::test_sum_even_5", "lineno": 33, "outcome": "passed", "keywords": ["test_sum_even_5", "test_task.py", "tests", "easy-sum_even", "round1", "assignments", "a", ""], "setup": {"duration": 0.00010763539016616951, "outcome": "passed"}, "call": {"duration": 0.00020726389152704727, "outcome": "passed", "longrepr": "def test_sum_even_5():\n    # Test implementation\n>   assert result == expected\nE   AssertionError: Expected result but got incorrect value"}, "teardown": {"duration": 6.355905954155157e-05, "outcome": "passed"}}, {"nodeid": "assignments/round1/hard-merge_sorted/tests/test_task.py::test_merge_sorted_1", "lineno": 13, "outcome": "passed", "keywords": ["test_merge_sorted_1", "test_task.py", "tests", "hard-merge_sorted", "round1", "assignments", "a", ""], "setup": {"duration": 0.00010367635806832724, "outcome": "passed"}, "call": {"duration": 0.0002514477493828266, "outcome": "passed"}, "teardown": {"duration": 0.00010758471139622497, "outcome": "passed"}}, {"nodeid": "assignments/round1/hard-merge_sorted/tests/test_task.py::test_merge_sorted_2", "lineno": 18, "outcome": "passed", "keywords": ["test_merge_sorted_2", "test_task.py", "tests", "hard-merge_sorted", "round1", "assignments", "a", ""], "setup": {"duration": 0.00019948365169666248, "outcome": "passed"}, "call": {"duration": 0.0001680595877975825, "outcome": "passed"}, "teardown": {"duration": 0.0001070743729048947, "outcome": "passed"}}, {"nodeid": "assignments/round1/hard-merge_sorted/tests/test_task.py::test_merge_sorted_3", "lineno": 23, "outcome": "passed", "keywords": ["test_merge_sorted_3", "test_task.py", "tests", "hard-merge_sorted", "round1", "assignments", "a", ""], "setup": {"duration": 8.022681686196575e-05, "outcome": "passed"}, "call": {"duration": 0.00019775351546581107, "outcome": "passed"}, "teardown": {"duration": 0.00014144440388206455, "outcome": "passed"}}, {"nodeid": "assignments/round1/hard-merge_sorted/tests/test_task.py::test_merge_sorted_4", "lineno": 28, "outcome": "failed", "keywords": ["test_merge_sorted_4", "test_task.py", "tests", "hard-merge_sorted", "round1", "assignments", "a", ""], "setup": {"duration": 0.00011353171569628256, "outcome": "passed"}, "call": {"duration": 0.00014131719535247312, "outcome": "failed", "crash": {"path": "/home/participant318/workspace/experiment/a/exercises/challenge/tests/test_task.py", "lineno": 56, "message": "AssertionError: Expected result but got incorrect value"}, "traceback": [{"path": "exercises/challenge/tests/test_task.py", "lineno": 56, "message": "AssertionError"}]}, "teardown": {"duration": 0.00014895391918490244, "outcome": "passed"}}, {"nodeid": "assignments/round1/hard-merge_sorted/tests/test_task.py::test_merge_sorted_5", "lineno": 33, "outcome": "failed", "keywords": ["test_merge_sorted_5", "test_task.py", "tests", "hard-merge_sorted", "round1", "assignments", "a", ""], "setup": {"duration": 7.164973008187906e-05, "outcome": "passed"}, "call": {"duration": 6.0766184379823076e-05, "outcome": "failed", "longrepr": "def test_merge_sorted_5():\n    # Test implementation\n>   assert result == expected\nE   AssertionError: Expected result but got incorrect value", "crash": {"path": "/home/participant318/workspace/experiment/a/exercises/challenge/tests/test_task.py", "lineno": 61, "message": "AssertionError: Expected result but got incorrect value"}, "traceback": [{"path": "exercises/challenge/tests/test_task.py", "lineno": 61, "message": "AssertionError"}]}, "teardown": {"duration": 6.673830246563039e-05, "outcome": "passed"}}, {"nodeid": "assignments/round1/hard-merge_sorted/tests/test_task.py::test_merge_sorted_6", "lineno": 38, "outcome": "failed", "keywords": ["test_merge_sorted_6", "test_task.py", "tests", "hard-merge_sorted", "round1", "assignments", "a", ""], "setup": {"duration": 0.00019806135580375977, "outcome": "passed"}, "call": {"duration": 0.00021349245844689885, "outcome": "failed", "longrepr": "def test_merge_sorted_6():\n    # Test implementation\n>   assert result == expected\nE   AssertionError: Expected result but got incorrect value", "crash": {"path": "/home/participant318/workspace/experiment/a/exercises/challenge/tests/test_task.py", "lineno": 66, "message": "AssertionError: Expected result but got incorrect value"}, "traceback": [{"path": "exercises/challenge/tests/test_task.py", "lineno": 66, "message": "AssertionError"}]}, "teardown": {"duration": 0.00010561783682948311, "outcome": "passed"}}, {"nodeid": "assignments/round1/hard-merge_sorted/tests/test_task.py::test_merge_sorted_7", "lineno": 43, "outcome": "failed", "keywords": ["test_merge_sorted_7", "test_task.py", "tests", "hard-merge_sorted", "round1", "assignments", "a", ""], "setup": {"duration": 6.694189452951057e-05, "outcome": "passed"}, "call": {"duration": 0.00017911787195078942, "outcome": "failed", "longrepr": "def test_merge_sorted_7():\n    # Test implementation\n>   assert result == expected\nE   AssertionError: Expected result but got incorrect value", "crash": {"path": "/home/participant318/workspace/experiment/a/exercises/challenge/tests/test_task.py", "lineno": 71, "message": "AssertionError: Expected result but got incorrect value"}, "traceback": [{"path": "exercises/challenge/tests/test_task.py", "lineno": 71, "message": "AssertionError"}]}, "teardown": {"duration": 9.468924827997389e-05, "outcome": "passed"}}, {"nodeid": "assignments/round1/hard-merge_sorted/tests/test_task.py::test_merge_sorted_8", "lineno": 48, "outcome": "failed", "keywords": ["test_merge_sorted_8", "test_task.py", "tests", "hard-merge_sorted", "round1", "assignments", "a", ""], "setup": {"duration": 0.00011533188947371911, "outcome": "passed"}, "call": {"duration": 0.0002917504805650237, "outcome": "failed", "longrepr": "def test_merge_sorted_8():\n    # Test implementation\n>   assert result == expected\nE   AssertionError: Expected result but got incorrect value", "crash": {"path": "/home/participant318/workspace/experiment/a/exercises/challenge/tests/test_task.py", "lineno": 76, "message": "AssertionError: Expected result but got incorrect value"}, "traceback": [{"path": "exercises/challenge/tests/test_task.py", "lineno": 76, "message": "AssertionError"}]}, "teardown": {"duration": 0.0001417252870178892, "outcome": "passed"}}, {"nodeid": "assignments/round1/hard-merge_sorted/tests/test_task.py::test_merge_sorted_9", "lineno": 53, "outcome": "failed", "keywords": ["test_merge_sorted_9", "test_task.py", "tests", "hard-merge_sorted", "round1", "assignments", "a", ""], "setup": {"duration": 0.00012834877531831275, "outcome": "passed"}, "call": {"duration": 0.000244426081329902, "outcome": "failed", "crash": {"path": "/home/participant318/workspace/experiment/a/exercises/challenge/tests/test_task.py", "lineno": 81, "message": "AssertionError: Expected result but got incorrect value"}, "traceback": [{"path": "exercises/challenge/tests/test_task.py", "lineno": 81, "message": "AssertionError"}], "longrepr": "def test_merge_sorted_9():\n    # Test implementation\n>   assert result == expected\nE   AssertionError: Expected result but got incorrect value"}, "teardown": {"duration": 0.00014288975760821184, "outcome": "passed"}}]}