{
  "created": 1763119279.0,
  "duration": 467.07800794473957,
  "exitcode": 1,
  "root": "/workspaces/participant305",
  "environment": {},
  "summary": {
    "passed": 10,
    "failed": 0,
    "total": 10,
    "collected": 18
  },
  "collectors": [],
  "tests": [
    {
      "nodeid": "assignments/round1/hard-valid_parentheses/tests/test_task.py::test_valid_parentheses_1",
      "lineno": 13,
      "outcome": "passed",
      "keywords": [
        "test_valid_parentheses_1",
        "test_task.py",
        "tests",
        "hard-valid_parentheses",
        "round1",
        "assignments",
        "a",
        ""
      ],
      "setup": {
        "duration": 0.00019567419001693042,
        "outcome": "passed"
      },
      "call": {
        "duration": 0.00019218194161511906,
        "outcome": "passed"
      },
      "teardown": {
        "duration": 5.721752750713738e-05,
        "outcome": "passed"
      }
    },
    {
      "nodeid": "assignments/round1/hard-valid_parentheses/tests/test_task.py::test_valid_parentheses_2",
      "lineno": 18,
      "outcome": "passed",
      "keywords": [
        "test_valid_parentheses_2",
        "test_task.py",
        "tests",
        "hard-valid_parentheses",
        "round1",
        "assignments",
        "a",
        ""
      ],
      "setup": {
        "duration": 0.0001669339082394018,
        "outcome": "passed"
      },
      "call": {
        "duration": 0.0001397553893017144,
        "outcome": "passed"
      },
      "teardown": {
        "duration": 0.0001476958425671903,
        "outcome": "passed"
      }
    },
    {
      "nodeid": "assignments/round1/hard-valid_parentheses/tests/test_task.py::test_valid_parentheses_3",
      "lineno": 23,
      "outcome": "passed",
      "keywords": [
        "test_valid_parentheses_3",
        "test_task.py",
        "tests",
        "hard-valid_parentheses",
        "round1",
        "assignments",
        "a",
        ""
      ],
      "setup": {
        "duration": 8.32226794106338e-05,
        "outcome": "passed"
      },
      "call": {
        "duration": 0.00020645150681977752,
        "outcome": "passed"
      },
      "teardown": {
        "duration": 6.0708135264440005e-05,
        "outcome": "passed"
      }
    },
    {
      "nodeid": "assignments/round1/hard-valid_parentheses/tests/test_task.py::test_valid_parentheses_4",
      "lineno": 28,
      "outcome": "passed",
      "keywords": [
        "test_valid_parentheses_4",
        "test_task.py",
        "tests",
        "hard-valid_parentheses",
        "round1",
        "assignments",
        "a",
        ""
      ],
      "setup": {
        "duration": 0.00010230979172276084,
        "outcome": "passed"
      },
      "call": {
        "duration": 0.00022439313753890063,
        "outcome": "passed"
      },
      "teardown": {
        "duration": 5.185115493168618e-05,
        "outcome": "passed"
      }
    },
    {
      "nodeid": "assignments/round1/hard-valid_parentheses/tests/test_task.py::test_valid_parentheses_5",
      "lineno": 33,
      "outcome": "passed",
      "keywords": [
        "test_valid_parentheses_5",
        "test_task.py",
        "tests",
        "hard-valid_parentheses",
        "round1",
        "assignments",
        "a",
        ""
      ],
      "setup": {
        "duration": 0.0001404134360090866,
        "outcome": "passed"
      },
      "call": {
        "duration": 0.0001804676845530966,
        "outcome": "passed"
      },
      "teardown": {
        "duration": 0.00013091516181465724,
        "outcome": "passed"
      }
    },
    {
      "nodeid": "assignments/round1/hard-valid_parentheses/tests/test_task.py::test_valid_parentheses_6",
      "lineno": 38,
      "outcome": "passed",
      "keywords": [
        "test_valid_parentheses_6",
        "test_task.py",
        "tests",
        "hard-valid_parentheses",
        "round1",
        "assignments",
        "a",
        ""
      ],
      "setup": {
        "duration": 0.0001022583049798138,
        "outcome": "passed"
      },
      "call": {
        "duration": 9.847188947525558e-05,
        "outcome": "passed"
      },
      "teardown": {
        "duration": 0.00014450432915115726,
        "outcome": "passed"
      }
    },
    {
      "nodeid": "assignments/round1/hard-valid_parentheses/tests/test_task.py::test_valid_parentheses_7",
      "lineno": 43,
      "outcome": "passed",
      "keywords": [
        "test_valid_parentheses_7",
        "test_task.py",
        "tests",
        "hard-valid_parentheses",
        "round1",
        "assignments",
        "a",
        ""
      ],
      "setup": {
        "duration": 0.00017603842393051786,
        "outcome": "passed"
      },
      "call": {
        "duration": 0.00011795030543235079,
        "outcome": "passed"
      },
      "teardown": {
        "duration": 0.00012583084864808107,
        "outcome": "passed"
      }
    },
    {
      "nodeid": "assignments/round1/hard-valid_parentheses/tests/test_task.py::test_valid_parentheses_8",
      "lineno": 48,
      "outcome": "failed",
      "keywords": [
        "test_valid_parentheses_8",
        "test_task.py",
        "tests",
        "hard-valid_parentheses",
        "round1",
        "assignments",
        "a",
        ""
      ],
      "setup": {
        "duration": 0.00017427537999673367,
        "outcome": "passed"
      },
      "call": {
        "duration": 7.316683702800187e-05,
        "outcome": "failed",
        "crash": {
          "path": "/workspaces/participant305/exercises/challenge/tests/test_task.py",
          "lineno": 51,
          "message": "AssertionError: Expected result but got incorrect value"
        },
        "traceback": [
          {
            "path": "exercises/challenge/tests/test_task.py",
            "lineno": 51,
            "message": "AssertionError"
          }
        ]
      },
      "teardown": {
        "duration": 9.955161160399502e-05,
        "outcome": "passed"
      }
    },
    {
      "nodeid": "assignments/round1/hard-valid_parentheses/tests/test_task.py::test_valid_parentheses_9",
      "lineno": 53,
      "outcome": "failed",
      "keywords": [
        "test_valid_parentheses_9",
        "test_task.py",
        "tests",
        "hard-valid_parentheses",
        "round1",
        "assignments",
        "a",
        ""
      ],
      "setup": {
        "duration": 0.00014768189892539423,
        "outcome": "passed"
      },
      "call": {
        "duration": 0.0002450577461220006,
        "outcome": "failed",
        "crash": {
          "path": "/workspaces/participant305/exercises/challenge/tests/test_task.py",
          "lineno": 56,
          "message": "AssertionError: Expected result but got incorrect value"
        },
        "traceback": [
          {
            "path": "exercises/challenge/tests/test_task.py",
            "lineno": 56,
            "message": "AssertionError"
          }
        ]
      },
      "teardown": {
        "duration": 0.00014709447069811963,
        "outcome": "passed"
      }
    },
    {
      "nodeid": "assignments/round1/hard-valid_parentheses/tests/test_task.py::test_valid_parentheses_10",
      "lineno": 58,
      "outcome": "failed",
      "keywords": [
        "test_valid_parentheses_10",
        "test_task.py",
        "tests",
        "hard-valid_parentheses",
        "round1",
        "assignments",
        "a",
        ""
      ],
      "setup": {
        "duration": 8.179505107746145e-05,
        "outcome": "passed"
      },
      "call": {
        "duration": 0.00029038800694013443,
        "outcome": "failed",
        "longrepr": "def test_valid_parentheses_10():\n    # Test implementation\n>   assert result == expected\nE   AssertionError: Expected result but got incorrect value",
        "crash": {
          "path": "/workspaces/participant305/exercises/challenge/tests/test_task.py",
          "lineno": 61,
          "message": "AssertionError: Expected result but got incorrect value"
        },
        "traceback": [
          {
            "path": "exercises/challenge/tests/test_task.py",
            "lineno": 61,
            "message": "AssertionError"
          }
        ]
      },
      "teardown": {
        "duration": 0.00010563165961227565,
        "outcome": "passed"
      }
    },
    {
      "nodeid": "assignments/round1/medium-two_sum/tests/test_task.py::test_two_sum_1",
      "lineno": 13,
      "outcome": "failed",
      "keywords": [
        "test_two_sum_1",
        "test_task.py",
        "tests",
        "medium-two_sum",
        "round1",
        "assignments",
        "a",
        ""
      ],
      "setup": {
        "duration": 0.00014200924045691652,
        "outcome": "passed"
      },
      "call": {
        "duration": 0.0002587645154761198,
        "outcome": "failed",
        "crash": {
          "path": "/workspaces/participant305/exercises/challenge/tests/test_task.py",
          "lineno": 66,
          "message": "AssertionError: Expected result but got incorrect value"
        },
        "traceback": [
          {
            "path": "exercises/challenge/tests/test_task.py",
            "lineno": 66,
            "message": "AssertionError"
          }
        ]
      },
      "teardown": {
        "duration": 0.00014504663641126087,
        "outcome": "passed"
      }
    },
    {
      "nodeid": "assignments/round1/medium-two_sum/tests/test_task.py::test_two_sum_2",
      "lineno": 18,
      "outcome": "failed",
      "keywords": [
        "test_two_sum_2",
        "test_task.py",
        "tests",
        "medium-two_sum",
        "round1",
        "assignments",
        "a",
        ""
      ],
      "setup": {
        "duration": 0.00014398242168148597,
        "outcome": "passed"
      },
      "call": {
        "duration": 0.00016426819820863827,
        "outcome": "failed",
        "crash": {
          "path": "/workspaces/participant305/exercises/challenge/tests/test_task.py",
          "lineno": 71,
          "message": "AssertionError: Expected result but got incorrect value"
        },
        "traceback": [
          {
            "path": "exercises/challenge/tests/test_task.py",
            "lineno": 71,
            "message": "AssertionError"
          }
        ]
      },
      "teardown": {
        "duration": 5.6300102781800215e-05,
        "outcome": "passed"
      }
    },
    {
      "nodeid": "assignments/round1/medium-two_sum/tests/test_task.py::test_two_sum_3",
      "lineno": 23,
      "outcome": "failed",
      "keywords": [
        "test_two_sum_3",
        "test_task.py",
        "tests",
        "medium-two_sum",
        "round1",
        "assignments",
        "a",
        ""
      ],
      "setup": {
        "duration": 0.00019905546710368221,
        "outcome": "passed"
      },
      "call": {
        "duration": 0.00017984820586272333,
        "outcome": "failed",
        "crash": {
          "path": "/workspaces/participant305/exercises/challenge/tests/test_task.py",
          "lineno": 76,
          "message": "AssertionError: Expected result but got incorrect value"
        },
        "traceback": [
          {
            "path": "exercises/challenge/tests/test_task.py",
            "lineno": 76,
            "message": "AssertionError"
          }
        ]
      },
      "teardown": {
        "duration": 0.00010705083152671353,
        "outcome": "passed"
      }
    },
    {
      "nodeid": "assignments/round1/medium-two_sum/tests/test_task.py::test_two_sum_4",
      "lineno": 28,
      "outcome": "failed",
      "keywords": [
        "test_two_sum_4",
        "test_task.py",
        "tests",
        "medium-two_sum",
        "round1",
        "assignments",
        "a",
        ""
      ],
      "setup": {
        "duration": 0.00011159570053047757,
        "outcome": "passed"
      },
      "call": {
        "duration": 0.00015475756134201218,
        "outcome": "failed",
        "crash": {
          "path": "/workspaces/participant305/exercises/challenge/tests/test_task.py",
          "lineno": 81,
          "message": "AssertionError: Expected result but got incorrect value"
        },
        "traceback": [
          {
            "path": "exercises/challenge/tests/test_task.py",
            "lineno": 81,
            "message": "AssertionError"
          }
        ]
      },
      "teardown": {
        "duration": 0.00014106292653551336,
        "outcome": "passed"
      }
    },
    {
      "nodeid": "assignments/round1/medium-two_sum/tests/test_task.py::test_two_sum_5",
      "lineno": 33,
      "outcome": "failed",
      "keywords": [
        "test_two_sum_5",
        "test_task.py",
        "tests",
        "medium-two_sum",
        "round1",
        "assignments",
        "a",
        ""
      ],
      "setup": {
        "duration": 0.0001694309824625609,
        "outcome": "passed"
      },
      "call": {
        "duration": 0.00022016506121439768,
        "outcome": "failed",
        "crash": {
          "path": "/workspaces/participant305/exercises/challenge/tests/test_task.py",
          "lineno": 86,
          "message": "AssertionError: Expected result but got incorrect value"
        },
        "traceback": [
          {
            "path": "exercises/challenge/tests/test_task.py",
            "lineno": 86,
            "message": "AssertionError"
          }
        ]
      },
      "teardown": {
        "duration": 8.814570191299531e-05,
        "outcome": "passed"
      }
    },
    {
      "nodeid": "assignments/round1/medium-two_sum/tests/test_task.py::test_two_sum_6",
      "lineno": 38,
      "outcome": "failed",
      "keywords": [
        "test_two_sum_6",
        "test_task.py",
        "tests",
        "medium-two_sum",
        "round1",
        "assignments",
        "a",
        ""
      ],
      "setup": {
        "duration": 6.220701364545492e-05,
        "outcome": "passed"
      },
      "call": {
        "duration": 0.00015848310005661567,
        "outcome": "failed",
        "crash": {
          "path": "/workspaces/participant305/exercises/challenge/tests/test_task.py",
          "lineno": 91,
          "message": "AssertionError: Expected result but got incorrect value"
        },
        "traceback": [
          {
            "path": "exercises/challenge/tests/test_task.py",
            "lineno": 91,
            "message": "AssertionError"
          }
        ]
      },
      "teardown": {
        "duration": 7.060272486479355e-05,
        "outcome": "passed"
      }
    },
    {
      "nodeid": "assignments/round1/medium-two_sum/tests/test_task.py::test_two_sum_7",
      "lineno": 43,
      "outcome": "failed",
      "keywords": [
        "test_two_sum_7",
        "test_task.py",
        "tests",
        "medium-two_sum",
        "round1",
        "assignments",
        "a",
        ""
      ],
      "setup": {
        "duration": 8.969121093700385e-05,
        "outcome": "passed"
      },
      "call": {
        "duration": 6.813214149998463e-05,
        "outcome": "failed",
        "longrepr": "def test_two_sum_7():\n    # Test implementation\n>   assert result == expected\nE   AssertionError: Expected result but got incorrect value",
        "crash": {
          "path": "/workspaces/participant305/exercises/challenge/tests/test_task.py",
          "lineno": 96,
          "message": "AssertionError: Expected result but got incorrect value"
        },
        "traceback": [
          {
            "path": "exercises/challenge/tests/test_task.py",
            "lineno": 96,
            "message": "AssertionError"
          }
        ]
      },
      "teardown": {
        "duration": 0.00013532654062048345,
        "outcome": "passed"
      }
    },
    {
      "nodeid": "assignments/round1/medium-two_sum/tests/test_task.py::test_two_sum_8",
      "lineno": 48,
      "outcome": "failed",
      "keywords": [
        "test_two_sum_8",
        "test_task.py",
        "tests",
        "medium-two_sum",
        "round1",
        "assignments",
        "a",
        ""
      ],
      "setup": {
        "duration": 0.00017389531616044245,
        "outcome": "passed"
      },
      "call": {
        "duration": 0.00016183335025147467,
        "outcome": "failed",
        "crash": {
          "path": "/workspaces/participant305/exercises/challenge/tests/test_task.py",
          "lineno": 101,
          "message": "AssertionError: Expected result but got incorrect value"
        },
        "traceback": [
          {
            "path": "exercises/challenge/tests/test_task.py",
            "lineno": 101,
            "message": "AssertionError"
          }
        ],
        "longrepr": "def test_two_sum_8():\n    # Test implementation\n>   assert result == expected\nE   AssertionError: Expected result but got incorrect value"
      },
      "teardown": {
        "duration": 0.00011776851661500279,
        "outcome": "passed"
      }
    }
  ]
}