{"created": 1763118190.0, "duration": 496.47370904078883, "exitcode": 1, "root": "/home/participant320/workspace/experiment/a", "environment": {}, "summary": {"passed": 4, "failed": 3, "total": 7, "collected": 7}, "collectors": [], "tests": [{"nodeid": "assignments/round1/easy-max_value/tests/test_task.py::test_max_value_1", "lineno": 13, "outcome": "passed", "keywords": ["test_max_value_1", "test_task.py", "tests", "easy-max_value", "round1", "assignments", "a", ""], "setup": {"duration": 0.00014986208882776874, "outcome": "passed"}, "call": {"duration": 9.108403538292634e-05, "outcome": "passed"}, "teardown": {"duration": 8.468597063892127e-05, "outcome": "passed"}}, {"nodeid": "assignments/round1/easy-max_value/tests/test_task.py::test_max_value_2", "lineno": 18, "outcome": "passed", "keywords": ["test_max_value_2", "test_task.py", "tests", "easy-max_value", "round1", "assignments", "a", ""], "setup": {"duration": 0.00014464477174812662, "outcome": "passed"}, "call": {"duration": 7.190326651204844e-05, "outcome": "passed"}, "teardown": {"duration": 6.513406125821232e-05, "outcome": "passed"}}, {"nodeid": "assignments/round1/easy-max_value/tests/test_task.py::test_max_value_3", "lineno": 23, "outcome": "passed", "keywords": ["test_max_value_3", "test_task.py", "tests", "easy-max_value", "round1", "assignments", "a", ""], "setup": {"duration": 0.00012964741321883072, "outcome": "passed"}, "call": {"duration": 0.0001679435257126207, "outcome": "passed", "longrepr": "def test_max_value_3():\n    # Test implementation\n>   assert result == expected\nE   AssertionError: Expected result but got incorrect value"}, "teardown": {"duration": 5.333173202190215e-05, "outcome": "passed"}}, {"nodeid": "assignments/round1/medium-sudoku_validator/tests/test_task.py::test_sudoku_validator_1", "lineno": 13, "outcome": "passed", "keywords": ["test_sudoku_validator_1", "test_task.py", "tests", "medium-sudoku_validator", "round1", "assignments", "a", ""], "setup": {"duration": 8.237801698998302e-05, "outcome": "passed"}, "call": {"duration": 0.00029640004544294487, "outcome": "passed"}, "teardown": {"duration": 6.229347940241483e-05, "outcome": "passed"}}, {"nodeid": "assignments/round1/medium-sudoku_validator/tests/test_task.py::test_sudoku_validator_2", "lineno": 18, "outcome": "failed", "keywords": ["test_sudoku_validator_2", "test_task.py", "tests", "medium-sudoku_validator", "round1", "assignments", "a", ""], "setup": {"duration": 0.00018554576149978425, "outcome": "passed"}, "call": {"duration": 0.00021906742691625285, "outcome": "failed", "crash": {"path": "/home/participant320/workspace/experiment/a/exercises/challenge/tests/test_task.py", "lineno": 36, "message": "AssertionError: Expected result but got incorrect value"}, "traceback": [{"path": "exercises/challenge/tests/test_task.py", "lineno": 36, "message": "AssertionError"}]}, "teardown": {"duration": 8.624502441254258e-05, "outcome": "passed"}}, {"nodeid": "assignments/round1/medium-sudoku_validator/tests/test_task.py::test_sudoku_validator_3", "lineno": 23, "outcome": "failed", "keywords": ["test_sudoku_validator_3", "test_task.py", "tests", "medium-sudoku_validator", "round1", "assignments", "a", ""], "setup": {"duration": 8.458472350023324e-05, "outcome": "passed"}, "call": {"duration": 0.00015413561956938805, "outcome": "failed", "longrepr": "def test_sudoku_validator_3():\n    # Test implementation\n>   assert result == expected\nE   AssertionError: Expected result but got incorrect value", "crash": {"path": "/home/participant320/workspace/experiment/a/exercises/challenge/tests/test_task.py", "lineno": 41, "message": "AssertionError: Expected result but got incorrect value"}, "traceback": [{"path": "exercises/challenge/tests/test_task.py", "lineno": 41, "message": "AssertionError"}]}, "teardown": {"duration": 6.489758296740793e-05, "outcome": "passed"}}, {"nodeid": "assignments/round1/medium-sudoku_validator/tests/test_task.py::test_sudoku_validator_4", "lineno": 28, "outcome": "failed", "keywords": ["test_sudoku_validator_4", "test_task.py", "tests", "medium-sudoku_validator", "round1", "assignments", "a", ""], "setup": {"duration": 9.077359876696913e-05, "outcome": "passed"}, "call": {"duration": 0.00010436178669562435, "outcome": "failed", "crash": {"path": "/home/participant320/workspace/experiment/a/exercises/challenge/tests/test_task.py", "lineno": 46, "message": "AssertionError: Expected result but got incorrect value"}, "traceback": [{"path": "exercises/challenge/tests/test_task.py", "lineno": 46, "message": "AssertionError"}], "longrepr": "def test_sudoku_validator_4():\n    # Test implementation\n>   assert result == expected\nE   AssertionError: Expected result but got incorrect value"}, "teardown": {"duration": 5.71969080105161e-05, "outcome": "passed"}}]}