{
  "created": 1763120170.0,
  "duration": 427.56762831439175,
  "exitcode": 0,
  "root": "/workspaces/participant301",
  "environment": {},
  "summary": {
    "passed": 20,
    "failed": 0,
    "total": 20,
    "collected": 20
  },
  "collectors": [],
  "tests": [
    {
      "nodeid": "assignments/round1/easy-turtle_triangle/tests/test_task.py::test_turtle_triangle_1",
      "lineno": 13,
      "outcome": "passed",
      "keywords": [
        "test_turtle_triangle_1",
        "test_task.py",
        "tests",
        "easy-turtle_triangle",
        "round1",
        "assignments",
        "a",
        ""
      ],
      "setup": {
        "duration": 0.00018087401134980093,
        "outcome": "passed"
      },
      "call": {
        "duration": 0.00012701151172974485,
        "outcome": "passed"
      },
      "teardown": {
        "duration": 0.00010581496921819965,
        "outcome": "passed"
      }
    },
    {
      "nodeid": "assignments/round1/easy-turtle_triangle/tests/test_task.py::test_turtle_triangle_2",
      "lineno": 18,
      "outcome": "passed",
      "keywords": [
        "test_turtle_triangle_2",
        "test_task.py",
        "tests",
        "easy-turtle_triangle",
        "round1",
        "assignments",
        "a",
        ""
      ],
      "setup": {
        "duration": 0.0001938067660412942,
        "outcome": "passed"
      },
      "call": {
        "duration": 0.00020847349254693155,
        "outcome": "passed"
      },
      "teardown": {
        "duration": 5.278107540350927e-05,
        "outcome": "passed"
      }
    },
    {
      "nodeid": "assignments/round1/easy-turtle_triangle/tests/test_task.py::test_turtle_triangle_3",
      "lineno": 23,
      "outcome": "passed",
      "keywords": [
        "test_turtle_triangle_3",
        "test_task.py",
        "tests",
        "easy-turtle_triangle",
        "round1",
        "assignments",
        "a",
        ""
      ],
      "setup": {
        "duration": 0.0001990583225246542,
        "outcome": "passed"
      },
      "call": {
        "duration": 0.00012188179520044944,
        "outcome": "passed"
      },
      "teardown": {
        "duration": 8.306817356158784e-05,
        "outcome": "passed"
      }
    },
    {
      "nodeid": "assignments/round1/easy-turtle_triangle/tests/test_task.py::test_turtle_triangle_4",
      "lineno": 28,
      "outcome": "passed",
      "keywords": [
        "test_turtle_triangle_4",
        "test_task.py",
        "tests",
        "easy-turtle_triangle",
        "round1",
        "assignments",
        "a",
        ""
      ],
      "setup": {
        "duration": 0.00014924397285053613,
        "outcome": "passed"
      },
      "call": {
        "duration": 0.0002540916168093218,
        "outcome": "passed",
        "longrepr": "def test_turtle_triangle_4():\n    # Test implementation\n>   assert result == expected\nE   AssertionError: Expected result but got incorrect value"
      },
      "teardown": {
        "duration": 0.0001405054408278026,
        "outcome": "passed"
      }
    },
    {
      "nodeid": "assignments/round1/easy-turtle_triangle/tests/test_task.py::test_turtle_triangle_5",
      "lineno": 33,
      "outcome": "passed",
      "keywords": [
        "test_turtle_triangle_5",
        "test_task.py",
        "tests",
        "easy-turtle_triangle",
        "round1",
        "assignments",
        "a",
        ""
      ],
      "setup": {
        "duration": 0.00016611208567883395,
        "outcome": "passed"
      },
      "call": {
        "duration": 0.00016674090304877475,
        "outcome": "passed",
        "longrepr": "def test_turtle_triangle_5():\n    # Test implementation\n>   assert result == expected\nE   AssertionError: Expected result but got incorrect value"
      },
      "teardown": {
        "duration": 0.00010583631477738177,
        "outcome": "passed"
      }
    },
    {
      "nodeid": "assignments/round1/hard-longest_common_subsequence/tests/test_task.py::test_longest_common_subsequence_1",
      "lineno": 13,
      "outcome": "passed",
      "keywords": [
        "test_longest_common_subsequence_1",
        "test_task.py",
        "tests",
        "hard-longest_common_subsequence",
        "round1",
        "assignments",
        "a",
        ""
      ],
      "setup": {
        "duration": 0.00010979574730465453,
        "outcome": "passed"
      },
      "call": {
        "duration": 0.00010885022153408357,
        "outcome": "passed"
      },
      "teardown": {
        "duration": 0.000143552200186993,
        "outcome": "passed"
      }
    },
    {
      "nodeid": "assignments/round1/hard-longest_common_subsequence/tests/test_task.py::test_longest_common_subsequence_2",
      "lineno": 18,
      "outcome": "passed",
      "keywords": [
        "test_longest_common_subsequence_2",
        "test_task.py",
        "tests",
        "hard-longest_common_subsequence",
        "round1",
        "assignments",
        "a",
        ""
      ],
      "setup": {
        "duration": 0.00017330389830329048,
        "outcome": "passed"
      },
      "call": {
        "duration": 0.00010365379320961516,
        "outcome": "passed"
      },
      "teardown": {
        "duration": 0.00014314034181522688,
        "outcome": "passed"
      }
    },
    {
      "nodeid": "assignments/round1/hard-longest_common_subsequence/tests/test_task.py::test_longest_common_subsequence_3",
      "lineno": 23,
      "outcome": "passed",
      "keywords": [
        "test_longest_common_subsequence_3",
        "test_task.py",
        "tests",
        "hard-longest_common_subsequence",
        "round1",
        "assignments",
        "a",
        ""
      ],
      "setup": {
        "duration": 0.0001559943440496848,
        "outcome": "passed"
      },
      "call": {
        "duration": 0.00025981341825062686,
        "outcome": "passed"
      },
      "teardown": {
        "duration": 6.738748042021716e-05,
        "outcome": "passed"
      }
    },
    {
      "nodeid": "assignments/round1/hard-longest_common_subsequence/tests/test_task.py::test_longest_common_subsequence_4",
      "lineno": 28,
      "outcome": "passed",
      "keywords": [
        "test_longest_common_subsequence_4",
        "test_task.py",
        "tests",
        "hard-longest_common_subsequence",
        "round1",
        "assignments",
        "a",
        ""
      ],
      "setup": {
        "duration": 0.00018480009742297536,
        "outcome": "passed"
      },
      "call": {
        "duration": 0.0002734870971655264,
        "outcome": "passed"
      },
      "teardown": {
        "duration": 5.971663017450043e-05,
        "outcome": "passed"
      }
    },
    {
      "nodeid": "assignments/round1/hard-longest_common_subsequence/tests/test_task.py::test_longest_common_subsequence_5",
      "lineno": 33,
      "outcome": "passed",
      "keywords": [
        "test_longest_common_subsequence_5",
        "test_task.py",
        "tests",
        "hard-longest_common_subsequence",
        "round1",
        "assignments",
        "a",
        ""
      ],
      "setup": {
        "duration": 0.00011831237680895871,
        "outcome": "passed"
      },
      "call": {
        "duration": 0.00028036617702923854,
        "outcome": "passed"
      },
      "teardown": {
        "duration": 0.0001320598496388416,
        "outcome": "passed"
      }
    },
    {
      "nodeid": "assignments/round1/hard-longest_common_subsequence/tests/test_task.py::test_longest_common_subsequence_6",
      "lineno": 38,
      "outcome": "passed",
      "keywords": [
        "test_longest_common_subsequence_6",
        "test_task.py",
        "tests",
        "hard-longest_common_subsequence",
        "round1",
        "assignments",
        "a",
        ""
      ],
      "setup": {
        "duration": 0.00013289159896753274,
        "outcome": "passed"
      },
      "call": {
        "duration": 0.00018235291149922545,
        "outcome": "passed",
        "longrepr": "def test_longest_common_subsequence_6():\n    # Test implementation\n>   assert result == expected\nE   AssertionError: Expected result but got incorrect value"
      },
      "teardown": {
        "duration": 0.00014176132035690397,
        "outcome": "passed"
      }
    },
    {
      "nodeid": "assignments/round1/hard-longest_common_subsequence/tests/test_task.py::test_longest_common_subsequence_7",
      "lineno": 43,
      "outcome": "passed",
      "keywords": [
        "test_longest_common_subsequence_7",
        "test_task.py",
        "tests",
        "hard-longest_common_subsequence",
        "round1",
        "assignments",
        "a",
        ""
      ],
      "setup": {
        "duration": 0.00011084788074540062,
        "outcome": "passed"
      },
      "call": {
        "duration": 0.0002030192370979167,
        "outcome": "passed",
        "longrepr": "def test_longest_common_subsequence_7():\n    # Test implementation\n>   assert result == expected\nE   AssertionError: Expected result but got incorrect value"
      },
      "teardown": {
        "duration": 0.00010563649589417909,
        "outcome": "passed"
      }
    },
    {
      "nodeid": "assignments/round1/hard-merge_sorted/tests/test_task.py::test_merge_sorted_1",
      "lineno": 13,
      "outcome": "passed",
      "keywords": [
        "test_merge_sorted_1",
        "test_task.py",
        "tests",
        "hard-merge_sorted",
        "round1",
        "assignments",
        "a",
        ""
      ],
      "setup": {
        "duration": 0.00010834391113831004,
        "outcome": "passed"
      },
      "call": {
        "duration": 0.00022309966233558624,
        "outcome": "passed"
      },
      "teardown": {
        "duration": 0.00013745247550496755,
        "outcome": "passed"
      }
    },
    {
      "nodeid": "assignments/round1/hard-merge_sorted/tests/test_task.py::test_merge_sorted_2",
      "lineno": 18,
      "outcome": "passed",
      "keywords": [
        "test_merge_sorted_2",
        "test_task.py",
        "tests",
        "hard-merge_sorted",
        "round1",
        "assignments",
        "a",
        ""
      ],
      "setup": {
        "duration": 0.00014425757359383715,
        "outcome": "passed"
      },
      "call": {
        "duration": 0.00021273263340917392,
        "outcome": "passed"
      },
      "teardown": {
        "duration": 5.545294992752249e-05,
        "outcome": "passed"
      }
    },
    {
      "nodeid": "assignments/round1/hard-merge_sorted/tests/test_task.py::test_merge_sorted_3",
      "lineno": 23,
      "outcome": "passed",
      "keywords": [
        "test_merge_sorted_3",
        "test_task.py",
        "tests",
        "hard-merge_sorted",
        "round1",
        "assignments",
        "a",
        ""
      ],
      "setup": {
        "duration": 0.0001626811647905267,
        "outcome": "passed"
      },
      "call": {
        "duration": 0.00021364196630813706,
        "outcome": "passed"
      },
      "teardown": {
        "duration": 0.0001272651937895014,
        "outcome": "passed"
      }
    },
    {
      "nodeid": "assignments/round1/hard-merge_sorted/tests/test_task.py::test_merge_sorted_4",
      "lineno": 28,
      "outcome": "passed",
      "keywords": [
        "test_merge_sorted_4",
        "test_task.py",
        "tests",
        "hard-merge_sorted",
        "round1",
        "assignments",
        "a",
        ""
      ],
      "setup": {
        "duration": 0.00019102948069900627,
        "outcome": "passed"
      },
      "call": {
        "duration": 0.00015115631106791126,
        "outcome": "passed"
      },
      "teardown": {
        "duration": 5.7768964159627035e-05,
        "outcome": "passed"
      }
    },
    {
      "nodeid": "assignments/round1/hard-merge_sorted/tests/test_task.py::test_merge_sorted_5",
      "lineno": 33,
      "outcome": "passed",
      "keywords": [
        "test_merge_sorted_5",
        "test_task.py",
        "tests",
        "hard-merge_sorted",
        "round1",
        "assignments",
        "a",
        ""
      ],
      "setup": {
        "duration": 5.225442428562493e-05,
        "outcome": "passed"
      },
      "call": {
        "duration": 0.00014376437139227344,
        "outcome": "passed"
      },
      "teardown": {
        "duration": 0.00010330907018058427,
        "outcome": "passed"
      }
    },
    {
      "nodeid": "assignments/round1/hard-merge_sorted/tests/test_task.py::test_merge_sorted_6",
      "lineno": 38,
      "outcome": "passed",
      "keywords": [
        "test_merge_sorted_6",
        "test_task.py",
        "tests",
        "hard-merge_sorted",
        "round1",
        "assignments",
        "a",
        ""
      ],
      "setup": {
        "duration": 0.00014173805099225635,
        "outcome": "passed"
      },
      "call": {
        "duration": 0.00020392484544619555,
        "outcome": "passed"
      },
      "teardown": {
        "duration": 7.926010481598534e-05,
        "outcome": "passed"
      }
    },
    {
      "nodeid": "assignments/round1/hard-merge_sorted/tests/test_task.py::test_merge_sorted_7",
      "lineno": 43,
      "outcome": "passed",
      "keywords": [
        "test_merge_sorted_7",
        "test_task.py",
        "tests",
        "hard-merge_sorted",
        "round1",
        "assignments",
        "a",
        ""
      ],
      "setup": {
        "duration": 6.270512539495991e-05,
        "outcome": "passed"
      },
      "call": {
        "duration": 0.00014272712993360282,
        "outcome": "passed"
      },
      "teardown": {
        "duration": 9.414893320646232e-05,
        "outcome": "passed"
      }
    },
    {
      "nodeid": "assignments/round1/hard-merge_sorted/tests/test_task.py::test_merge_sorted_8",
      "lineno": 48,
      "outcome": "passed",
      "keywords": [
        "test_merge_sorted_8",
        "test_task.py",
        "tests",
        "hard-merge_sorted",
        "round1",
        "assignments",
        "a",
        ""
      ],
      "setup": {
        "duration": 0.0001270680525969264,
        "outcome": "passed"
      },
      "call": {
        "duration": 0.00020393439167911467,
        "outcome": "passed",
        "longrepr": "def test_merge_sorted_8():\n    # Test implementation\n>   assert result == expected\nE   AssertionError: Expected result but got incorrect value"
      },
      "teardown": {
        "duration": 8.718730501207844e-05,
        "outcome": "passed"
      }
    }
  ]
}