{
  "created": 1763118310.0,
  "duration": 320.8595052620516,
  "exitcode": 1,
  "root": "/workspaces/participant320",
  "environment": {},
  "summary": {
    "passed": 20,
    "failed": 0,
    "total": 20,
    "collected": 11
  },
  "collectors": [],
  "tests": [
    {
      "nodeid": "assignments/round1/medium-two_sum/tests/test_task.py::test_two_sum_1",
      "lineno": 13,
      "outcome": "passed",
      "keywords": [
        "test_two_sum_1",
        "test_task.py",
        "tests",
        "medium-two_sum",
        "round1",
        "assignments",
        "a",
        ""
      ],
      "setup": {
        "duration": 0.00010372403899245801,
        "outcome": "passed"
      },
      "call": {
        "duration": 0.00023191650075961553,
        "outcome": "passed"
      },
      "teardown": {
        "duration": 6.0179398441829424e-05,
        "outcome": "passed"
      }
    },
    {
      "nodeid": "assignments/round1/medium-two_sum/tests/test_task.py::test_two_sum_2",
      "lineno": 18,
      "outcome": "passed",
      "keywords": [
        "test_two_sum_2",
        "test_task.py",
        "tests",
        "medium-two_sum",
        "round1",
        "assignments",
        "a",
        ""
      ],
      "setup": {
        "duration": 0.00015182313712038478,
        "outcome": "passed"
      },
      "call": {
        "duration": 0.00011785477886264385,
        "outcome": "passed"
      },
      "teardown": {
        "duration": 8.371424381193844e-05,
        "outcome": "passed"
      }
    },
    {
      "nodeid": "assignments/round1/medium-two_sum/tests/test_task.py::test_two_sum_3",
      "lineno": 23,
      "outcome": "passed",
      "keywords": [
        "test_two_sum_3",
        "test_task.py",
        "tests",
        "medium-two_sum",
        "round1",
        "assignments",
        "a",
        ""
      ],
      "setup": {
        "duration": 0.00017875564656921628,
        "outcome": "passed"
      },
      "call": {
        "duration": 0.00016545171303102298,
        "outcome": "passed"
      },
      "teardown": {
        "duration": 0.00011291137752954299,
        "outcome": "passed"
      }
    },
    {
      "nodeid": "assignments/round1/medium-two_sum/tests/test_task.py::test_two_sum_4",
      "lineno": 28,
      "outcome": "passed",
      "keywords": [
        "test_two_sum_4",
        "test_task.py",
        "tests",
        "medium-two_sum",
        "round1",
        "assignments",
        "a",
        ""
      ],
      "setup": {
        "duration": 0.0001945768983348566,
        "outcome": "passed"
      },
      "call": {
        "duration": 6.734051147843991e-05,
        "outcome": "passed"
      },
      "teardown": {
        "duration": 5.100219941506091e-05,
        "outcome": "passed"
      }
    },
    {
      "nodeid": "assignments/round1/medium-two_sum/tests/test_task.py::test_two_sum_5",
      "lineno": 33,
      "outcome": "passed",
      "keywords": [
        "test_two_sum_5",
        "test_task.py",
        "tests",
        "medium-two_sum",
        "round1",
        "assignments",
        "a",
        ""
      ],
      "setup": {
        "duration": 0.00015358188060169442,
        "outcome": "passed"
      },
      "call": {
        "duration": 0.0002246171260490461,
        "outcome": "passed",
        "longrepr": "def test_two_sum_5():\n    # Test implementation\n>   assert result == expected\nE   AssertionError: Expected result but got incorrect value"
      },
      "teardown": {
        "duration": 8.807821763672926e-05,
        "outcome": "passed"
      }
    },
    {
      "nodeid": "assignments/round1/medium-two_sum/tests/test_task.py::test_two_sum_6",
      "lineno": 38,
      "outcome": "passed",
      "keywords": [
        "test_two_sum_6",
        "test_task.py",
        "tests",
        "medium-two_sum",
        "round1",
        "assignments",
        "a",
        ""
      ],
      "setup": {
        "duration": 0.00010755468214731007,
        "outcome": "passed"
      },
      "call": {
        "duration": 0.00012723686996485571,
        "outcome": "passed",
        "longrepr": "def test_two_sum_6():\n    # Test implementation\n>   assert result == expected\nE   AssertionError: Expected result but got incorrect value"
      },
      "teardown": {
        "duration": 6.658364416221394e-05,
        "outcome": "passed"
      }
    },
    {
      "nodeid": "assignments/round1/hard-merge_sorted/tests/test_task.py::test_merge_sorted_1",
      "lineno": 13,
      "outcome": "failed",
      "keywords": [
        "test_merge_sorted_1",
        "test_task.py",
        "tests",
        "hard-merge_sorted",
        "round1",
        "assignments",
        "a",
        ""
      ],
      "setup": {
        "duration": 0.0001995795102166595,
        "outcome": "passed"
      },
      "call": {
        "duration": 0.00011427954305174518,
        "outcome": "failed",
        "crash": {
          "path": "/workspaces/participant320/exercises/challenge/tests/test_task.py",
          "lineno": 46,
          "message": "AssertionError: Expected result but got incorrect value"
        },
        "traceback": [
          {
            "path": "exercises/challenge/tests/test_task.py",
            "lineno": 46,
            "message": "AssertionError"
          }
        ]
      },
      "teardown": {
        "duration": 0.00012149832572145422,
        "outcome": "passed"
      }
    },
    {
      "nodeid": "assignments/round1/hard-merge_sorted/tests/test_task.py::test_merge_sorted_2",
      "lineno": 18,
      "outcome": "failed",
      "keywords": [
        "test_merge_sorted_2",
        "test_task.py",
        "tests",
        "hard-merge_sorted",
        "round1",
        "assignments",
        "a",
        ""
      ],
      "setup": {
        "duration": 0.00017316042638491737,
        "outcome": "passed"
      },
      "call": {
        "duration": 0.00013166258671340827,
        "outcome": "failed",
        "crash": {
          "path": "/workspaces/participant320/exercises/challenge/tests/test_task.py",
          "lineno": 51,
          "message": "AssertionError: Expected result but got incorrect value"
        },
        "traceback": [
          {
            "path": "exercises/challenge/tests/test_task.py",
            "lineno": 51,
            "message": "AssertionError"
          }
        ]
      },
      "teardown": {
        "duration": 0.00011198253106159653,
        "outcome": "passed"
      }
    },
    {
      "nodeid": "assignments/round1/hard-merge_sorted/tests/test_task.py::test_merge_sorted_3",
      "lineno": 23,
      "outcome": "failed",
      "keywords": [
        "test_merge_sorted_3",
        "test_task.py",
        "tests",
        "hard-merge_sorted",
        "round1",
        "assignments",
        "a",
        ""
      ],
      "setup": {
        "duration": 0.0001893877532925916,
        "outcome": "passed"
      },
      "call": {
        "duration": 0.00023157961290706536,
        "outcome": "failed",
        "crash": {
          "path": "/workspaces/participant320/exercises/challenge/tests/test_task.py",
          "lineno": 56,
          "message": "AssertionError: Expected result but got incorrect value"
        },
        "traceback": [
          {
            "path": "exercises/challenge/tests/test_task.py",
            "lineno": 56,
            "message": "AssertionError"
          }
        ]
      },
      "teardown": {
        "duration": 9.198325516698954e-05,
        "outcome": "passed"
      }
    },
    {
      "nodeid": "assignments/round1/hard-merge_sorted/tests/test_task.py::test_merge_sorted_4",
      "lineno": 28,
      "outcome": "failed",
      "keywords": [
        "test_merge_sorted_4",
        "test_task.py",
        "tests",
        "hard-merge_sorted",
        "round1",
        "assignments",
        "a",
        ""
      ],
      "setup": {
        "duration": 0.00012510958550559473,
        "outcome": "passed"
      },
      "call": {
        "duration": 6.478918066756372e-05,
        "outcome": "failed",
        "crash": {
          "path": "/workspaces/participant320/exercises/challenge/tests/test_task.py",
          "lineno": 61,
          "message": "AssertionError: Expected result but got incorrect value"
        },
        "traceback": [
          {
            "path": "exercises/challenge/tests/test_task.py",
            "lineno": 61,
            "message": "AssertionError"
          }
        ]
      },
      "teardown": {
        "duration": 6.564149022145782e-05,
        "outcome": "passed"
      }
    },
    {
      "nodeid": "assignments/round1/hard-merge_sorted/tests/test_task.py::test_merge_sorted_5",
      "lineno": 33,
      "outcome": "failed",
      "keywords": [
        "test_merge_sorted_5",
        "test_task.py",
        "tests",
        "hard-merge_sorted",
        "round1",
        "assignments",
        "a",
        ""
      ],
      "setup": {
        "duration": 0.00011045714278100373,
        "outcome": "passed"
      },
      "call": {
        "duration": 0.0001048004246170464,
        "outcome": "failed",
        "crash": {
          "path": "/workspaces/participant320/exercises/challenge/tests/test_task.py",
          "lineno": 66,
          "message": "AssertionError: Expected result but got incorrect value"
        },
        "traceback": [
          {
            "path": "exercises/challenge/tests/test_task.py",
            "lineno": 66,
            "message": "AssertionError"
          }
        ],
        "longrepr": "def test_merge_sorted_5():\n    # Test implementation\n>   assert result == expected\nE   AssertionError: Expected result but got incorrect value"
      },
      "teardown": {
        "duration": 7.73373909641643e-05,
        "outcome": "passed"
      }
    }
  ]
}