{"created": 1763119540.0, "duration": 500.8959630785797, "exitcode": 1, "root": "/home/participant316/workspace/experiment/a", "environment": {}, "summary": {"passed": 4, "failed": 17, "total": 21, "collected": 21}, "collectors": [], "tests": [{"nodeid": "assignments/round1/easy-list_average/tests/test_task.py::test_list_average_1", "lineno": 13, "outcome": "passed", "keywords": ["test_list_average_1", "test_task.py", "tests", "easy-list_average", "round1", "assignments", "a", ""], "setup": {"duration": 7.527238664060155e-05, "outcome": "passed"}, "call": {"duration": 0.0001240834932183073, "outcome": "passed"}, "teardown": {"duration": 9.560841638720663e-05, "outcome": "passed"}}, {"nodeid": "assignments/round1/easy-list_average/tests/test_task.py::test_list_average_2", "lineno": 18, "outcome": "passed", "keywords": ["test_list_average_2", "test_task.py", "tests", "easy-list_average", "round1", "assignments", "a", ""], "setup": {"duration": 0.00013021902588474812, "outcome": "passed"}, "call": {"duration": 0.00015061229824234163, "outcome": "passed"}, "teardown": {"duration": 0.00012223297375269136, "outcome": "passed"}}, {"nodeid": "assignments/round1/easy-list_average/tests/test_task.py::test_list_average_3", "lineno": 23, "outcome": "passed", "keywords": ["test_list_average_3", "test_task.py", "tests", "easy-list_average", "round1", "assignments", "a", ""], "setup": {"duration": 0.0001821367061658553, "outcome": "passed"}, "call": {"duration": 0.00026302313985915657, "outcome": "passed"}, "teardown": {"duration": 5.097411737393542e-05, "outcome": "passed"}}, {"nodeid": "assignments/round1/easy-list_average/tests/test_task.py::test_list_average_4", "lineno": 28, "outcome": "passed", "keywords": ["test_list_average_4", "test_task.py", "tests", "easy-list_average", "round1", "assignments", "a", ""], "setup": {"duration": 9.91205589875709e-05, "outcome": "passed"}, "call": {"duration": 0.00027105994858822336, "outcome": "passed", "longrepr": "def test_list_average_4():\n    # Test implementation\n>   assert result == expected\nE   AssertionError: Expected result but got incorrect value"}, "teardown": {"duration": 8.723457270423648e-05, "outcome": "passed"}}, {"nodeid": "assignments/round1/hard-word_break/tests/test_task.py::test_word_break_1", "lineno": 13, "outcome": "failed", "keywords": ["test_word_break_1", "test_task.py", "tests", "hard-word_break", "round1", "assignments", "a", ""], "setup": {"duration": 0.00013668469376292355, "outcome": "passed"}, "call": {"duration": 0.00017134485482933384, "outcome": "failed", "crash": {"path": "/home/participant316/workspace/experiment/a/exercises/challenge/tests/test_task.py", "lineno": 36, "message": "AssertionError: Expected result but got incorrect value"}, "traceback": [{"path": "exercises/challenge/tests/test_task.py", "lineno": 36, "message": "AssertionError"}]}, "teardown": {"duration": 0.00013852671452041024, "outcome": "passed"}}, {"nodeid": "assignments/round1/hard-word_break/tests/test_task.py::test_word_break_2", "lineno": 18, "outcome": "failed", "keywords": ["test_word_break_2", "test_task.py", "tests", "hard-word_break", "round1", "assignments", "a", ""], "setup": {"duration": 0.00010651407234906507, "outcome": "passed"}, "call": {"duration": 0.00020945043432347388, "outcome": "failed", "crash": {"path": "/home/participant316/workspace/experiment/a/exercises/challenge/tests/test_task.py", "lineno": 41, "message": "AssertionError: Expected result but got incorrect value"}, "traceback": [{"path": "exercises/challenge/tests/test_task.py", "lineno": 41, "message": "AssertionError"}]}, "teardown": {"duration": 9.721446651925376e-05, "outcome": "passed"}}, {"nodeid": "assignments/round1/hard-word_break/tests/test_task.py::test_word_break_3", "lineno": 23, "outcome": "failed", "keywords": ["test_word_break_3", "test_task.py", "tests", "hard-word_break", "round1", "assignments", "a", ""], "setup": {"duration": 0.00011926400152353914, "outcome": "passed"}, "call": {"duration": 9.995008661909313e-05, "outcome": "failed", "crash": {"path": "/home/participant316/workspace/experiment/a/exercises/challenge/tests/test_task.py", "lineno": 46, "message": "AssertionError: Expected result but got incorrect value"}, "traceback": [{"path": "exercises/challenge/tests/test_task.py", "lineno": 46, "message": "AssertionError"}]}, "teardown": {"duration": 0.00013391545709297674, "outcome": "passed"}}, {"nodeid": "assignments/round1/hard-word_break/tests/test_task.py::test_word_break_4", "lineno": 28, "outcome": "failed", "keywords": ["test_word_break_4", "test_task.py", "tests", "hard-word_break", "round1", "assignments", "a", ""], "setup": {"duration": 0.00011167080284029126, "outcome": "passed"}, "call": {"duration": 0.0001952251991250601, "outcome": "failed", "crash": {"path": "/home/participant316/workspace/experiment/a/exercises/challenge/tests/test_task.py", "lineno": 51, "message": "AssertionError: Expected result but got incorrect value"}, "traceback": [{"path": "exercises/challenge/tests/test_task.py", "lineno": 51, "message": "AssertionError"}]}, "teardown": {"duration": 9.15498331403388e-05, "outcome": "passed"}}, {"nodeid": "assignments/round1/hard-word_break/tests/test_task.py::test_word_break_5", "lineno": 33, "outcome": "failed", "keywords": ["test_word_break_5", "test_task.py", "tests", "hard-word_break", "round1", "assignments", "a", ""], "setup": {"duration": 0.00012564733714668836, "outcome": "passed"}, "call": {"duration": 0.0001594819991421089, "outcome": "failed", "crash": {"path": "/home/participant316/workspace/experiment/a/exercises/challenge/tests/test_task.py", "lineno": 56, "message": "AssertionError: Expected result but got incorrect value"}, "traceback": [{"path": "exercises/challenge/tests/test_task.py", "lineno": 56, "message": "AssertionError"}]}, "teardown": {"duration": 7.26310307889432e-05, "outcome": "passed"}}, {"nodeid": "assignments/round1/hard-word_break/tests/test_task.py::test_word_break_6", "lineno": 38, "outcome": "failed", "keywords": ["test_word_break_6", "test_task.py", "tests", "hard-word_break", "round1", "assignments", "a", ""], "setup": {"duration": 9.565864354220348e-05, "outcome": "passed"}, "call": {"duration": 0.00011890193239922073, "outcome": "failed", "longrepr": "def test_word_break_6():\n    # Test implementation\n>   assert result == expected\nE   AssertionError: Expected result but got incorrect value", "crash": {"path": "/home/participant316/workspace/experiment/a/exercises/challenge/tests/test_task.py", "lineno": 61, "message": "AssertionError: Expected result but got incorrect value"}, "traceback": [{"path": "exercises/challenge/tests/test_task.py", "lineno": 61, "message": "AssertionError"}]}, "teardown": {"duration": 0.00013872902368201501, "outcome": "passed"}}, {"nodeid": "assignments/round1/hard-word_break/tests/test_task.py::test_word_break_7", "lineno": 43, "outcome": "failed", "keywords": ["test_word_break_7", "test_task.py", "tests", "hard-word_break", "round1", "assignments", "a", ""], "setup": {"duration": 0.00013347886252277133, "outcome": "passed"}, "call": {"duration": 9.810350439250594e-05, "outcome": "failed", "longrepr": "def test_word_break_7():\n    # Test implementation\n>   assert result == expected\nE   AssertionError: Expected result but got incorrect value", "crash": {"path": "/home/participant316/workspace/experiment/a/exercises/challenge/tests/test_task.py", "lineno": 66, "message": "AssertionError: Expected result but got incorrect value"}, "traceback": [{"path": "exercises/challenge/tests/test_task.py", "lineno": 66, "message": "AssertionError"}]}, "teardown": {"duration": 8.099623158046984e-05, "outcome": "passed"}}, {"nodeid": "assignments/round1/hard-word_break/tests/test_task.py::test_word_break_8", "lineno": 48, "outcome": "failed", "keywords": ["test_word_break_8", "test_task.py", "tests", "hard-word_break", "round1", "assignments", "a", ""], "setup": {"duration": 8.263875611609125e-05, "outcome": "passed"}, "call": {"duration": 7.795660719482758e-05, "outcome": "failed", "longrepr": "def test_word_break_8():\n    # Test implementation\n>   assert result == expected\nE   AssertionError: Expected result but got incorrect value", "crash": {"path": "/home/participant316/workspace/experiment/a/exercises/challenge/tests/test_task.py", "lineno": 71, "message": "AssertionError: Expected result but got incorrect value"}, "traceback": [{"path": "exercises/challenge/tests/test_task.py", "lineno": 71, "message": "AssertionError"}]}, "teardown": {"duration": 0.00011311695798341264, "outcome": "passed"}}, {"nodeid": "assignments/round1/hard-word_break/tests/test_task.py::test_word_break_9", "lineno": 53, "outcome": "failed", "keywords": ["test_word_break_9", "test_task.py", "tests", "hard-word_break", "round1", "assignments", "a", ""], "setup": {"duration": 0.0001289055221611728, "outcome": "passed"}, "call": {"duration": 0.00022808131257044198, "outcome": "failed", "longrepr": "def test_word_break_9():\n    # Test implementation\n>   assert result == expected\nE   AssertionError: Expected result but got incorrect value", "crash": {"path": "/home/participant316/workspace/experiment/a/exercises/challenge/tests/test_task.py", "lineno": 76, "message": "AssertionError: Expected result but got incorrect value"}, "traceback": [{"path": "exercises/challenge/tests/test_task.py", "lineno": 76, "message": "AssertionError"}]}, "teardown": {"duration": 5.183347190417401e-05, "outcome": "passed"}}, {"nodeid": "assignments/round1/hard-word_break/tests/test_task.py::test_word_break_1", "lineno": 13, "outcome": "failed", "keywords": ["test_word_break_1", "test_task.py", "tests", "hard-word_break", "round1", "assignments", "a", ""], "setup": {"duration": 0.00010044255266536703, "outcome": "passed"}, "call": {"duration": 7.220752704812302e-05, "outcome": "failed", "crash": {"path": "/home/participant316/workspace/experiment/a/exercises/challenge/tests/test_task.py", "lineno": 81, "message": "AssertionError: Expected result but got incorrect value"}, "traceback": [{"path": "exercises/challenge/tests/test_task.py", "lineno": 81, "message": "AssertionError"}]}, "teardown": {"duration": 0.00013652551209178423, "outcome": "passed"}}, {"nodeid": "assignments/round1/hard-word_break/tests/test_task.py::test_word_break_2", "lineno": 18, "outcome": "failed", "keywords": ["test_word_break_2", "test_task.py", "tests", "hard-word_break", "round1", "assignments", "a", ""], "setup": {"duration": 0.00018003719413434307, "outcome": "passed"}, "call": {"duration": 7.410053623925376e-05, "outcome": "failed", "crash": {"path": "/home/participant316/workspace/experiment/a/exercises/challenge/tests/test_task.py", "lineno": 86, "message": "AssertionError: Expected result but got incorrect value"}, "traceback": [{"path": "exercises/challenge/tests/test_task.py", "lineno": 86, "message": "AssertionError"}]}, "teardown": {"duration": 7.590184744386526e-05, "outcome": "passed"}}, {"nodeid": "assignments/round1/hard-word_break/tests/test_task.py::test_word_break_3", "lineno": 23, "outcome": "failed", "keywords": ["test_word_break_3", "test_task.py", "tests", "hard-word_break", "round1", "assignments", "a", ""], "setup": {"duration": 0.00013525676625239538, "outcome": "passed"}, "call": {"duration": 7.981593974735476e-05, "outcome": "failed", "crash": {"path": "/home/participant316/workspace/experiment/a/exercises/challenge/tests/test_task.py", "lineno": 91, "message": "AssertionError: Expected result but got incorrect value"}, "traceback": [{"path": "exercises/challenge/tests/test_task.py", "lineno": 91, "message": "AssertionError"}]}, "teardown": {"duration": 0.00011768759947420641, "outcome": "passed"}}, {"nodeid": "assignments/round1/hard-word_break/tests/test_task.py::test_word_break_4", "lineno": 28, "outcome": "failed", "keywords": ["test_word_break_4", "test_task.py", "tests", "hard-word_break", "round1", "assignments", "a", ""], "setup": {"duration": 0.00011244308148305879, "outcome": "passed"}, "call": {"duration": 0.00022470877422996302, "outcome": "failed", "crash": {"path": "/home/participant316/workspace/experiment/a/exercises/challenge/tests/test_task.py", "lineno": 96, "message": "AssertionError: Expected result but got incorrect value"}, "traceback": [{"path": "exercises/challenge/tests/test_task.py", "lineno": 96, "message": "AssertionError"}]}, "teardown": {"duration": 5.692444238023443e-05, "outcome": "passed"}}, {"nodeid": "assignments/round1/hard-word_break/tests/test_task.py::test_word_break_5", "lineno": 33, "outcome": "failed", "keywords": ["test_word_break_5", "test_task.py", "tests", "hard-word_break", "round1", "assignments", "a", ""], "setup": {"duration": 6.548231902747507e-05, "outcome": "passed"}, "call": {"duration": 0.0002528383145050295, "outcome": "failed", "crash": {"path": "/home/participant316/workspace/experiment/a/exercises/challenge/tests/test_task.py", "lineno": 101, "message": "AssertionError: Expected result but got incorrect value"}, "traceback": [{"path": "exercises/challenge/tests/test_task.py", "lineno": 101, "message": "AssertionError"}]}, "teardown": {"duration": 0.00014610085864748878, "outcome": "passed"}}, {"nodeid": "assignments/round1/hard-word_break/tests/test_task.py::test_word_break_6", "lineno": 38, "outcome": "failed", "keywords": ["test_word_break_6", "test_task.py", "tests", "hard-word_break", "round1", "assignments", "a", ""], "setup": {"duration": 0.00014039272937893437, "outcome": "passed"}, "call": {"duration": 0.0002966075429321901, "outcome": "failed", "crash": {"path": "/home/participant316/workspace/experiment/a/exercises/challenge/tests/test_task.py", "lineno": 106, "message": "AssertionError: Expected result but got incorrect value"}, "traceback": [{"path": "exercises/challenge/tests/test_task.py", "lineno": 106, "message": "AssertionError"}]}, "teardown": {"duration": 7.429342725591412e-05, "outcome": "passed"}}, {"nodeid": "assignments/round1/hard-word_break/tests/test_task.py::test_word_break_7", "lineno": 43, "outcome": "failed", "keywords": ["test_word_break_7", "test_task.py", "tests", "hard-word_break", "round1", "assignments", "a", ""], "setup": {"duration": 0.0001073919688645402, "outcome": "passed"}, "call": {"duration": 0.0002832486114411296, "outcome": "failed", "crash": {"path": "/home/participant316/workspace/experiment/a/exercises/challenge/tests/test_task.py", "lineno": 111, "message": "AssertionError: Expected result but got incorrect value"}, "traceback": [{"path": "exercises/challenge/tests/test_task.py", "lineno": 111, "message": "AssertionError"}], "longrepr": "def test_word_break_7():\n    # Test implementation\n>   assert result == expected\nE   AssertionError: Expected result but got incorrect value"}, "teardown": {"duration": 0.00010688526280948815, "outcome": "passed"}}, {"nodeid": "assignments/round1/hard-word_break/tests/test_task.py::test_word_break_8", "lineno": 48, "outcome": "failed", "keywords": ["test_word_break_8", "test_task.py", "tests", "hard-word_break", "round1", "assignments", "a", ""], "setup": {"duration": 0.00018283927821232613, "outcome": "passed"}, "call": {"duration": 7.078872082945538e-05, "outcome": "failed", "crash": {"path": "/home/participant316/workspace/experiment/a/exercises/challenge/tests/test_task.py", "lineno": 116, "message": "AssertionError: Expected result but got incorrect value"}, "traceback": [{"path": "exercises/challenge/tests/test_task.py", "lineno": 116, "message": "AssertionError"}], "longrepr": "def test_word_break_8():\n    # Test implementation\n>   assert result == expected\nE   AssertionError: Expected result but got incorrect value"}, "teardown": {"duration": 5.477510921462707e-05, "outcome": "passed"}}]}