{
  "created": 1763120201.0,
  "duration": 535.1023262547196,
  "exitcode": 1,
  "root": "/workspaces/participant304",
  "environment": {},
  "summary": {
    "passed": 15,
    "failed": 0,
    "total": 15,
    "collected": 19
  },
  "collectors": [],
  "tests": [
    {
      "nodeid": "assignments/round1/hard-merge_sorted/tests/test_task.py::test_merge_sorted_1",
      "lineno": 13,
      "outcome": "passed",
      "keywords": [
        "test_merge_sorted_1",
        "test_task.py",
        "tests",
        "hard-merge_sorted",
        "round1",
        "assignments",
        "a",
        ""
      ],
      "setup": {
        "duration": 6.880803786795181e-05,
        "outcome": "passed"
      },
      "call": {
        "duration": 0.00022554257582671142,
        "outcome": "passed"
      },
      "teardown": {
        "duration": 0.00011994016869777569,
        "outcome": "passed"
      }
    },
    {
      "nodeid": "assignments/round1/hard-merge_sorted/tests/test_task.py::test_merge_sorted_2",
      "lineno": 18,
      "outcome": "passed",
      "keywords": [
        "test_merge_sorted_2",
        "test_task.py",
        "tests",
        "hard-merge_sorted",
        "round1",
        "assignments",
        "a",
        ""
      ],
      "setup": {
        "duration": 7.690462821943229e-05,
        "outcome": "passed"
      },
      "call": {
        "duration": 9.644633808873175e-05,
        "outcome": "passed"
      },
      "teardown": {
        "duration": 8.854558027317086e-05,
        "outcome": "passed"
      }
    },
    {
      "nodeid": "assignments/round1/hard-merge_sorted/tests/test_task.py::test_merge_sorted_3",
      "lineno": 23,
      "outcome": "passed",
      "keywords": [
        "test_merge_sorted_3",
        "test_task.py",
        "tests",
        "hard-merge_sorted",
        "round1",
        "assignments",
        "a",
        ""
      ],
      "setup": {
        "duration": 0.00016403861832234084,
        "outcome": "passed"
      },
      "call": {
        "duration": 0.0002681745121416034,
        "outcome": "passed"
      },
      "teardown": {
        "duration": 9.846874500618206e-05,
        "outcome": "passed"
      }
    },
    {
      "nodeid": "assignments/round1/hard-merge_sorted/tests/test_task.py::test_merge_sorted_4",
      "lineno": 28,
      "outcome": "passed",
      "keywords": [
        "test_merge_sorted_4",
        "test_task.py",
        "tests",
        "hard-merge_sorted",
        "round1",
        "assignments",
        "a",
        ""
      ],
      "setup": {
        "duration": 0.00017391524199595655,
        "outcome": "passed"
      },
      "call": {
        "duration": 0.0002506567369203544,
        "outcome": "passed"
      },
      "teardown": {
        "duration": 9.403736176551863e-05,
        "outcome": "passed"
      }
    },
    {
      "nodeid": "assignments/round1/hard-merge_sorted/tests/test_task.py::test_merge_sorted_5",
      "lineno": 33,
      "outcome": "passed",
      "keywords": [
        "test_merge_sorted_5",
        "test_task.py",
        "tests",
        "hard-merge_sorted",
        "round1",
        "assignments",
        "a",
        ""
      ],
      "setup": {
        "duration": 5.2978142651399434e-05,
        "outcome": "passed"
      },
      "call": {
        "duration": 0.00012259958803085972,
        "outcome": "passed",
        "longrepr": "def test_merge_sorted_5():\n    # Test implementation\n>   assert result == expected\nE   AssertionError: Expected result but got incorrect value"
      },
      "teardown": {
        "duration": 0.00014542591353220097,
        "outcome": "passed"
      }
    },
    {
      "nodeid": "assignments/round1/hard-merge_sorted/tests/test_task.py::test_merge_sorted_6",
      "lineno": 38,
      "outcome": "passed",
      "keywords": [
        "test_merge_sorted_6",
        "test_task.py",
        "tests",
        "hard-merge_sorted",
        "round1",
        "assignments",
        "a",
        ""
      ],
      "setup": {
        "duration": 9.12977097094943e-05,
        "outcome": "passed"
      },
      "call": {
        "duration": 0.00020129475600131247,
        "outcome": "passed",
        "longrepr": "def test_merge_sorted_6():\n    # Test implementation\n>   assert result == expected\nE   AssertionError: Expected result but got incorrect value"
      },
      "teardown": {
        "duration": 0.00011736955842343898,
        "outcome": "passed"
      }
    },
    {
      "nodeid": "assignments/round1/hard-merge_sorted/tests/test_task.py::test_merge_sorted_7",
      "lineno": 43,
      "outcome": "passed",
      "keywords": [
        "test_merge_sorted_7",
        "test_task.py",
        "tests",
        "hard-merge_sorted",
        "round1",
        "assignments",
        "a",
        ""
      ],
      "setup": {
        "duration": 0.00013484606831985275,
        "outcome": "passed"
      },
      "call": {
        "duration": 6.185688177583002e-05,
        "outcome": "passed",
        "longrepr": "def test_merge_sorted_7():\n    # Test implementation\n>   assert result == expected\nE   AssertionError: Expected result but got incorrect value"
      },
      "teardown": {
        "duration": 5.003448071468586e-05,
        "outcome": "passed"
      }
    },
    {
      "nodeid": "assignments/round1/hard-merge_sorted/tests/test_task.py::test_merge_sorted_8",
      "lineno": 48,
      "outcome": "passed",
      "keywords": [
        "test_merge_sorted_8",
        "test_task.py",
        "tests",
        "hard-merge_sorted",
        "round1",
        "assignments",
        "a",
        ""
      ],
      "setup": {
        "duration": 0.00018560737087996719,
        "outcome": "passed"
      },
      "call": {
        "duration": 0.00013847521799178897,
        "outcome": "passed",
        "longrepr": "def test_merge_sorted_8():\n    # Test implementation\n>   assert result == expected\nE   AssertionError: Expected result but got incorrect value"
      },
      "teardown": {
        "duration": 6.521738262232657e-05,
        "outcome": "passed"
      }
    },
    {
      "nodeid": "assignments/round1/hard-longest_common_subsequence/tests/test_task.py::test_longest_common_subsequence_1",
      "lineno": 13,
      "outcome": "passed",
      "keywords": [
        "test_longest_common_subsequence_1",
        "test_task.py",
        "tests",
        "hard-longest_common_subsequence",
        "round1",
        "assignments",
        "a",
        ""
      ],
      "setup": {
        "duration": 0.00019699527234033008,
        "outcome": "passed"
      },
      "call": {
        "duration": 0.00025558931439285915,
        "outcome": "passed"
      },
      "teardown": {
        "duration": 5.414015033371978e-05,
        "outcome": "passed"
      }
    },
    {
      "nodeid": "assignments/round1/hard-longest_common_subsequence/tests/test_task.py::test_longest_common_subsequence_2",
      "lineno": 18,
      "outcome": "passed",
      "keywords": [
        "test_longest_common_subsequence_2",
        "test_task.py",
        "tests",
        "hard-longest_common_subsequence",
        "round1",
        "assignments",
        "a",
        ""
      ],
      "setup": {
        "duration": 8.99734671395444e-05,
        "outcome": "passed"
      },
      "call": {
        "duration": 0.00024103496122533668,
        "outcome": "passed"
      },
      "teardown": {
        "duration": 0.00011436817889587018,
        "outcome": "passed"
      }
    },
    {
      "nodeid": "assignments/round1/hard-longest_common_subsequence/tests/test_task.py::test_longest_common_subsequence_3",
      "lineno": 23,
      "outcome": "passed",
      "keywords": [
        "test_longest_common_subsequence_3",
        "test_task.py",
        "tests",
        "hard-longest_common_subsequence",
        "round1",
        "assignments",
        "a",
        ""
      ],
      "setup": {
        "duration": 0.00019265444621727312,
        "outcome": "passed"
      },
      "call": {
        "duration": 0.0002894327345641702,
        "outcome": "passed"
      },
      "teardown": {
        "duration": 0.00014089210461217387,
        "outcome": "passed"
      }
    },
    {
      "nodeid": "assignments/round1/hard-longest_common_subsequence/tests/test_task.py::test_longest_common_subsequence_4",
      "lineno": 28,
      "outcome": "passed",
      "keywords": [
        "test_longest_common_subsequence_4",
        "test_task.py",
        "tests",
        "hard-longest_common_subsequence",
        "round1",
        "assignments",
        "a",
        ""
      ],
      "setup": {
        "duration": 0.00012001311358024076,
        "outcome": "passed"
      },
      "call": {
        "duration": 0.00015224790177422842,
        "outcome": "passed"
      },
      "teardown": {
        "duration": 0.0001318075352497272,
        "outcome": "passed"
      }
    },
    {
      "nodeid": "assignments/round1/hard-longest_common_subsequence/tests/test_task.py::test_longest_common_subsequence_5",
      "lineno": 33,
      "outcome": "passed",
      "keywords": [
        "test_longest_common_subsequence_5",
        "test_task.py",
        "tests",
        "hard-longest_common_subsequence",
        "round1",
        "assignments",
        "a",
        ""
      ],
      "setup": {
        "duration": 0.0001246779874268363,
        "outcome": "passed"
      },
      "call": {
        "duration": 0.00017548377337369087,
        "outcome": "passed",
        "longrepr": "def test_longest_common_subsequence_5():\n    # Test implementation\n>   assert result == expected\nE   AssertionError: Expected result but got incorrect value"
      },
      "teardown": {
        "duration": 7.990619957113564e-05,
        "outcome": "passed"
      }
    },
    {
      "nodeid": "assignments/round1/hard-longest_common_subsequence/tests/test_task.py::test_longest_common_subsequence_1",
      "lineno": 13,
      "outcome": "passed",
      "keywords": [
        "test_longest_common_subsequence_1",
        "test_task.py",
        "tests",
        "hard-longest_common_subsequence",
        "round1",
        "assignments",
        "a",
        ""
      ],
      "setup": {
        "duration": 0.00012567179375282207,
        "outcome": "passed"
      },
      "call": {
        "duration": 0.00014824768612157723,
        "outcome": "passed"
      },
      "teardown": {
        "duration": 7.784586690736921e-05,
        "outcome": "passed"
      }
    },
    {
      "nodeid": "assignments/round1/hard-longest_common_subsequence/tests/test_task.py::test_longest_common_subsequence_2",
      "lineno": 18,
      "outcome": "passed",
      "keywords": [
        "test_longest_common_subsequence_2",
        "test_task.py",
        "tests",
        "hard-longest_common_subsequence",
        "round1",
        "assignments",
        "a",
        ""
      ],
      "setup": {
        "duration": 5.3821539782893024e-05,
        "outcome": "passed"
      },
      "call": {
        "duration": 0.0001449639141837022,
        "outcome": "passed"
      },
      "teardown": {
        "duration": 0.00010131048933851645,
        "outcome": "passed"
      }
    },
    {
      "nodeid": "assignments/round1/hard-longest_common_subsequence/tests/test_task.py::test_longest_common_subsequence_3",
      "lineno": 23,
      "outcome": "failed",
      "keywords": [
        "test_longest_common_subsequence_3",
        "test_task.py",
        "tests",
        "hard-longest_common_subsequence",
        "round1",
        "assignments",
        "a",
        ""
      ],
      "setup": {
        "duration": 0.00017757131929291715,
        "outcome": "passed"
      },
      "call": {
        "duration": 0.00026158026874034635,
        "outcome": "failed",
        "crash": {
          "path": "/workspaces/participant304/exercises/challenge/tests/test_task.py",
          "lineno": 91,
          "message": "AssertionError: Expected result but got incorrect value"
        },
        "traceback": [
          {
            "path": "exercises/challenge/tests/test_task.py",
            "lineno": 91,
            "message": "AssertionError"
          }
        ]
      },
      "teardown": {
        "duration": 8.847927406576375e-05,
        "outcome": "passed"
      }
    },
    {
      "nodeid": "assignments/round1/hard-longest_common_subsequence/tests/test_task.py::test_longest_common_subsequence_4",
      "lineno": 28,
      "outcome": "failed",
      "keywords": [
        "test_longest_common_subsequence_4",
        "test_task.py",
        "tests",
        "hard-longest_common_subsequence",
        "round1",
        "assignments",
        "a",
        ""
      ],
      "setup": {
        "duration": 0.00019972864336153005,
        "outcome": "passed"
      },
      "call": {
        "duration": 0.00023605177955957074,
        "outcome": "failed",
        "longrepr": "def test_longest_common_subsequence_4():\n    # Test implementation\n>   assert result == expected\nE   AssertionError: Expected result but got incorrect value",
        "crash": {
          "path": "/workspaces/participant304/exercises/challenge/tests/test_task.py",
          "lineno": 96,
          "message": "AssertionError: Expected result but got incorrect value"
        },
        "traceback": [
          {
            "path": "exercises/challenge/tests/test_task.py",
            "lineno": 96,
            "message": "AssertionError"
          }
        ]
      },
      "teardown": {
        "duration": 0.0001047162942454847,
        "outcome": "passed"
      }
    },
    {
      "nodeid": "assignments/round1/hard-longest_common_subsequence/tests/test_task.py::test_longest_common_subsequence_5",
      "lineno": 33,
      "outcome": "failed",
      "keywords": [
        "test_longest_common_subsequence_5",
        "test_task.py",
        "tests",
        "hard-longest_common_subsequence",
        "round1",
        "assignments",
        "a",
        ""
      ],
      "setup": {
        "duration": 0.0001868127031491429,
        "outcome": "passed"
      },
      "call": {
        "duration": 0.00018949417608428885,
        "outcome": "failed",
        "longrepr": "def test_longest_common_subsequence_5():\n    # Test implementation\n>   assert result == expected\nE   AssertionError: Expected result but got incorrect value",
        "crash": {
          "path": "/workspaces/participant304/exercises/challenge/tests/test_task.py",
          "lineno": 101,
          "message": "AssertionError: Expected result but got incorrect value"
        },
        "traceback": [
          {
            "path": "exercises/challenge/tests/test_task.py",
            "lineno": 101,
            "message": "AssertionError"
          }
        ]
      },
      "teardown": {
        "duration": 8.249352176006001e-05,
        "outcome": "passed"
      }
    },
    {
      "nodeid": "assignments/round1/hard-longest_common_subsequence/tests/test_task.py::test_longest_common_subsequence_6",
      "lineno": 38,
      "outcome": "failed",
      "keywords": [
        "test_longest_common_subsequence_6",
        "test_task.py",
        "tests",
        "hard-longest_common_subsequence",
        "round1",
        "assignments",
        "a",
        ""
      ],
      "setup": {
        "duration": 0.00011822674810105227,
        "outcome": "passed"
      },
      "call": {
        "duration": 0.00014723058410255458,
        "outcome": "failed",
        "crash": {
          "path": "/workspaces/participant304/exercises/challenge/tests/test_task.py",
          "lineno": 106,
          "message": "AssertionError: Expected result but got incorrect value"
        },
        "traceback": [
          {
            "path": "exercises/challenge/tests/test_task.py",
            "lineno": 106,
            "message": "AssertionError"
          }
        ],
        "longrepr": "def test_longest_common_subsequence_6():\n    # Test implementation\n>   assert result == expected\nE   AssertionError: Expected result but got incorrect value"
      },
      "teardown": {
        "duration": 0.00011415750219669735,
        "outcome": "passed"
      }
    }
  ]
}