{"created": 1763120512.7223725, "duration": 0.10294771194458008, "exitcode": 1, "root": "/workspaces/a", "environment": {}, "summary": {"passed": 4, "failed": 6, "total": 10, "collected": 10}, "collectors": [{"nodeid": "", "outcome": "passed", "result": [{"nodeid": "assignments/round1", "type": "Dir"}]}, {"nodeid": "assignments/round1/hard-valid_parentheses/tests/test_task.py", "outcome": "passed", "result": [{"nodeid": "assignments/round1/hard-valid_parentheses/tests/test_task.py::test_empty_string", "type": "Function", "lineno": 13}, {"nodeid": "assignments/round1/hard-valid_parentheses/tests/test_task.py::test_simple_valid", "type": "Function", "lineno": 18}, {"nodeid": "assignments/round1/hard-valid_parentheses/tests/test_task.py::test_nested_valid", "type": "Function", "lineno": 25}, {"nodeid": "assignments/round1/hard-valid_parentheses/tests/test_task.py::test_invalid_mismatch", "type": "Function", "lineno": 32}, {"nodeid": "assignments/round1/hard-valid_parentheses/tests/test_task.py::test_invalid_unclosed", "type": "Function", "lineno": 38}, {"nodeid": "assignments/round1/hard-valid_parentheses/tests/test_task.py::test_invalid_extra_close", "type": "Function", "lineno": 44}]}, {"nodeid": "assignments/round1/hard-valid_parentheses/tests", "outcome": "passed", "result": [{"nodeid": "assignments/round1/hard-valid_parentheses/tests/test_task.py", "type": "Module"}]}, {"nodeid": "assignments/round1/hard-valid_parentheses", "outcome": "passed", "result": [{"nodeid": "assignments/round1/hard-valid_parentheses/tests", "type": "Dir"}]}, {"nodeid": "assignments/round1/medium-two_sum/tests/test_task.py", "outcome": "passed", "result": [{"nodeid": "assignments/round1/medium-two_sum/tests/test_task.py::test_two_sum_basic", "type": "Function", "lineno": 13}, {"nodeid": "assignments/round1/medium-two_sum/tests/test_task.py::test_two_sum_no_solution", "type": "Function", "lineno": 19}, {"nodeid": "assignments/round1/medium-two_sum/tests/test_task.py::test_two_sum_duplicates", "type": "Function", "lineno": 25}, {"nodeid": "assignments/round1/medium-two_sum/tests/test_task.py::test_two_sum_negative", "type": "Function", "lineno": 31}]}, {"nodeid": "assignments/round1/medium-two_sum/tests", "outcome": "passed", "result": [{"nodeid": "assignments/round1/medium-two_sum/tests/test_task.py", "type": "Module"}]}, {"nodeid": "assignments/round1/medium-two_sum", "outcome": "passed", "result": [{"nodeid": "assignments/round1/medium-two_sum/tests", "type": "Dir"}]}, {"nodeid": "assignments/round1", "outcome": "passed", "result": [{"nodeid": "assignments/round1/hard-valid_parentheses", "type": "Dir"}, {"nodeid": "assignments/round1/medium-two_sum", "type": "Dir"}]}], "tests": [{"nodeid": "assignments/round1/hard-valid_parentheses/tests/test_task.py::test_empty_string", "lineno": 13, "outcome": "passed", "keywords": ["test_empty_string", "test_task.py", "tests", "hard-valid_parentheses", "round1", "assignments", "a", ""], "setup": {"duration": 0.0003818050000177209, "outcome": "passed"}, "call": {"duration": 0.00012469200004261438, "outcome": "passed"}, "teardown": {"duration": 0.00010633099998358375, "outcome": "passed"}}, {"nodeid": "assignments/round1/hard-valid_parentheses/tests/test_task.py::test_simple_valid", "lineno": 18, "outcome": "failed", "keywords": ["test_simple_valid", "test_task.py", "tests", "hard-valid_parentheses", "round1", "assignments", "a", ""], "setup": {"duration": 8.603399999174144e-05, "outcome": "passed"}, "call": {"duration": 0.00021415499998056475, "outcome": "failed", "crash": {"path": "/workspaces/a/assignments/round1/hard-valid_parentheses/tests/test_task.py", "lineno": 21, "message": "AssertionError: assert False == True\n +  where False = is_valid_parentheses('()')"}, "traceback": [{"path": "assignments/round1/hard-valid_parentheses/tests/test_task.py", "lineno": 21, "message": "AssertionError"}], "longrepr": "def test_simple_valid():\n        \"\"\"Test simple valid parentheses\"\"\"\n>       assert is_valid_parentheses(\"()\") == True\nE       AssertionError: assert False == True\nE        +  where False = is_valid_parentheses('()')\n\nassignments/round1/hard-valid_parentheses/tests/test_task.py:21: AssertionError"}, "teardown": {"duration": 0.0001251620000175535, "outcome": "passed"}}, {"nodeid": "assignments/round1/hard-valid_parentheses/tests/test_task.py::test_nested_valid", "lineno": 25, "outcome": "failed", "keywords": ["test_nested_valid", "test_task.py", "tests", "hard-valid_parentheses", "round1", "assignments", "a", ""], "setup": {"duration": 8.571699999038174e-05, "outcome": "passed"}, "call": {"duration": 0.00018240999997942708, "outcome": "failed", "crash": {"path": "/workspaces/a/assignments/round1/hard-valid_parentheses/tests/test_task.py", "lineno": 28, "message": "AssertionError: assert False == True\n +  where False = is_valid_parentheses('()[]{}')"}, "traceback": [{"path": "assignments/round1/hard-valid_parentheses/tests/test_task.py", "lineno": 28, "message": "AssertionError"}], "longrepr": "def test_nested_valid():\n        \"\"\"Test nested valid parentheses\"\"\"\n>       assert is_valid_parentheses(\"()[]{}\") == True\nE       AssertionError: assert False == True\nE        +  where False = is_valid_parentheses('()[]{}')\n\nassignments/round1/hard-valid_parentheses/tests/test_task.py:28: AssertionError"}, "teardown": {"duration": 0.00010332299996207439, "outcome": "passed"}}, {"nodeid": "assignments/round1/hard-valid_parentheses/tests/test_task.py::test_invalid_mismatch", "lineno": 32, "outcome": "failed", "keywords": ["test_invalid_mismatch", "test_task.py", "tests", "hard-valid_parentheses", "round1", "assignments", "a", ""], "setup": {"duration": 8.307899997817003e-05, "outcome": "passed"}, "call": {"duration": 0.00015689200000679193, "outcome": "failed", "crash": {"path": "/workspaces/a/assignments/round1/hard-valid_parentheses/tests/test_task.py", "lineno": 35, "message": "AssertionError: assert True == False\n +  where True = is_valid_parentheses('(]')"}, "traceback": [{"path": "assignments/round1/hard-valid_parentheses/tests/test_task.py", "lineno": 35, "message": "AssertionError"}], "longrepr": "def test_invalid_mismatch():\n        \"\"\"Test mismatched brackets\"\"\"\n>       assert is_valid_parentheses(\"(]\") == False\nE       AssertionError: assert True == False\nE        +  where True = is_valid_parentheses('(]')\n\nassignments/round1/hard-valid_parentheses/tests/test_task.py:35: AssertionError"}, "teardown": {"duration": 0.00010156799999094801, "outcome": "passed"}}, {"nodeid": "assignments/round1/hard-valid_parentheses/tests/test_task.py::test_invalid_unclosed", "lineno": 38, "outcome": "passed", "keywords": ["test_invalid_unclosed", "test_task.py", "tests", "hard-valid_parentheses", "round1", "assignments", "a", ""], "setup": {"duration": 8.051200001091274e-05, "outcome": "passed"}, "call": {"duration": 9.805599995615921e-05, "outcome": "passed"}, "teardown": {"duration": 9.914600002502993e-05, "outcome": "passed"}}, {"nodeid": "assignments/round1/hard-valid_parentheses/tests/test_task.py::test_invalid_extra_close", "lineno": 44, "outcome": "passed", "keywords": ["test_invalid_extra_close", "test_task.py", "tests", "hard-valid_parentheses", "round1", "assignments", "a", ""], "setup": {"duration": 7.44539999573135e-05, "outcome": "passed"}, "call": {"duration": 8.440599998493781e-05, "outcome": "passed"}, "teardown": {"duration": 9.216399996603286e-05, "outcome": "passed"}}, {"nodeid": "assignments/round1/medium-two_sum/tests/test_task.py::test_two_sum_basic", "lineno": 13, "outcome": "failed", "keywords": ["test_two_sum_basic", "test_task.py", "tests", "medium-two_sum", "round1", "assignments", "a", ""], "setup": {"duration": 7.17409999992924e-05, "outcome": "passed"}, "call": {"duration": 0.00019779000001562963, "outcome": "failed", "crash": {"path": "/workspaces/a/assignments/round1/medium-two_sum/tests/test_task.py", "lineno": 17, "message": "AssertionError: Expected [0, 1], got [1, 1]\nassert [1, 1] == [0, 1]\n  \n  At index 0 diff: 1 != 0\n  Use -v to get more diff"}, "traceback": [{"path": "assignments/round1/medium-two_sum/tests/test_task.py", "lineno": 17, "message": "AssertionError"}], "longrepr": "def test_two_sum_basic():\n        \"\"\"Test basic two sum functionality\"\"\"\n        result = two_sum([2, 7, 11, 15], 9)\n>       assert result == [0, 1], f\"Expected [0, 1], got {result}\"\nE       AssertionError: Expected [0, 1], got [1, 1]\nE       assert [1, 1] == [0, 1]\nE         \nE         At index 0 diff: 1 != 0\nE         Use -v to get more diff\n\nassignments/round1/medium-two_sum/tests/test_task.py:17: AssertionError"}, "teardown": {"duration": 0.00010137700002132988, "outcome": "passed"}}, {"nodeid": "assignments/round1/medium-two_sum/tests/test_task.py::test_two_sum_no_solution", "lineno": 19, "outcome": "passed", "keywords": ["test_two_sum_no_solution", "test_task.py", "tests", "medium-two_sum", "round1", "assignments", "a", ""], "setup": {"duration": 8.245000003626046e-05, "outcome": "passed"}, "call": {"duration": 8.517799994933739e-05, "outcome": "passed"}, "teardown": {"duration": 7.859300001200609e-05, "outcome": "passed"}}, {"nodeid": "assignments/round1/medium-two_sum/tests/test_task.py::test_two_sum_duplicates", "lineno": 25, "outcome": "failed", "keywords": ["test_two_sum_duplicates", "test_task.py", "tests", "medium-two_sum", "round1", "assignments", "a", ""], "setup": {"duration": 7.217199998876822e-05, "outcome": "passed"}, "call": {"duration": 0.00018841899998278677, "outcome": "failed", "crash": {"path": "/workspaces/a/assignments/round1/medium-two_sum/tests/test_task.py", "lineno": 29, "message": "AssertionError: Expected [0, 1], got [1, 1]\nassert [1, 1] == [0, 1]\n  \n  At index 0 diff: 1 != 0\n  Use -v to get more diff"}, "traceback": [{"path": "assignments/round1/medium-two_sum/tests/test_task.py", "lineno": 29, "message": "AssertionError"}], "longrepr": "def test_two_sum_duplicates():\n        \"\"\"Test with duplicate numbers\"\"\"\n        result = two_sum([3, 3], 6)\n>       assert result == [0, 1], f\"Expected [0, 1], got {result}\"\nE       AssertionError: Expected [0, 1], got [1, 1]\nE       assert [1, 1] == [0, 1]\nE         \nE         At index 0 diff: 1 != 0\nE         Use -v to get more diff\n\nassignments/round1/medium-two_sum/tests/test_task.py:29: AssertionError"}, "teardown": {"duration": 9.601400000747162e-05, "outcome": "passed"}}, {"nodeid": "assignments/round1/medium-two_sum/tests/test_task.py::test_two_sum_negative", "lineno": 31, "outcome": "failed", "keywords": ["test_two_sum_negative", "test_task.py", "tests", "medium-two_sum", "round1", "assignments", "a", ""], "setup": {"duration": 7.314599997698679e-05, "outcome": "passed"}, "call": {"duration": 0.00019677300002740594, "outcome": "failed", "crash": {"path": "/workspaces/a/assignments/round1/medium-two_sum/tests/test_task.py", "lineno": 35, "message": "AssertionError: Expected [2, 4], got [3, 4]\nassert [3, 4] == [2, 4]\n  \n  At index 0 diff: 3 != 2\n  Use -v to get more diff"}, "traceback": [{"path": "assignments/round1/medium-two_sum/tests/test_task.py", "lineno": 35, "message": "AssertionError"}], "longrepr": "def test_two_sum_negative():\n        \"\"\"Test with negative numbers\"\"\"\n        result = two_sum([-1, -2, -3, -4, -5], -8)\n>       assert result == [2, 4], f\"Expected [2, 4], got {result}\"\nE       AssertionError: Expected [2, 4], got [3, 4]\nE       assert [3, 4] == [2, 4]\nE         \nE         At index 0 diff: 3 != 2\nE         Use -v to get more diff\n\nassignments/round1/medium-two_sum/tests/test_task.py:35: AssertionError"}, "teardown": {"duration": 9.828999998262589e-05, "outcome": "passed"}}]}