{
  "created": 1763118937.0,
  "duration": 356.7867758689681,
  "exitcode": 1,
  "root": "/home/participant317/workspace/experiment/a",
  "environment": {},
  "summary": {
    "passed": 4,
    "failed": 16,
    "total": 20,
    "collected": 18
  },
  "collectors": [],
  "tests": [
    {
      "nodeid": "assignments/round1/easy-list_average/tests/test_task.py::test_list_average_1",
      "lineno": 13,
      "outcome": "passed",
      "keywords": [
        "test_list_average_1",
        "test_task.py",
        "tests",
        "easy-list_average",
        "round1",
        "assignments",
        "a",
        ""
      ],
      "setup": {
        "duration": 9.137978642247545e-05,
        "outcome": "passed"
      },
      "call": {
        "duration": 0.00025669542805706455,
        "outcome": "passed"
      },
      "teardown": {
        "duration": 5.033424756035286e-05,
        "outcome": "passed"
      }
    },
    {
      "nodeid": "assignments/round1/easy-list_average/tests/test_task.py::test_list_average_2",
      "lineno": 18,
      "outcome": "passed",
      "keywords": [
        "test_list_average_2",
        "test_task.py",
        "tests",
        "easy-list_average",
        "round1",
        "assignments",
        "a",
        ""
      ],
      "setup": {
        "duration": 0.0001335238665769415,
        "outcome": "passed"
      },
      "call": {
        "duration": 0.00024540776228738356,
        "outcome": "passed",
        "longrepr": "def test_list_average_2():\n    # Test implementation\n>   assert result == expected\nE   AssertionError: Expected result but got incorrect value"
      },
      "teardown": {
        "duration": 0.00012728758609733352,
        "outcome": "passed"
      }
    },
    {
      "nodeid": "assignments/round1/easy-list_average/tests/test_task.py::test_list_average_3",
      "lineno": 23,
      "outcome": "passed",
      "keywords": [
        "test_list_average_3",
        "test_task.py",
        "tests",
        "easy-list_average",
        "round1",
        "assignments",
        "a",
        ""
      ],
      "setup": {
        "duration": 0.0001568786992681372,
        "outcome": "passed"
      },
      "call": {
        "duration": 0.0001709259450741681,
        "outcome": "passed",
        "longrepr": "def test_list_average_3():\n    # Test implementation\n>   assert result == expected\nE   AssertionError: Expected result but got incorrect value"
      },
      "teardown": {
        "duration": 0.00014086292607816308,
        "outcome": "passed"
      }
    },
    {
      "nodeid": "assignments/round1/hard-word_break/tests/test_task.py::test_word_break_1",
      "lineno": 13,
      "outcome": "failed",
      "keywords": [
        "test_word_break_1",
        "test_task.py",
        "tests",
        "hard-word_break",
        "round1",
        "assignments",
        "a",
        ""
      ],
      "setup": {
        "duration": 0.00013922849733470803,
        "outcome": "passed"
      },
      "call": {
        "duration": 0.0002646340180148836,
        "outcome": "failed",
        "crash": {
          "path": "/home/participant317/workspace/experiment/a/exercises/challenge/tests/test_task.py",
          "lineno": 31,
          "message": "AssertionError: Expected result but got incorrect value"
        },
        "traceback": [
          {
            "path": "exercises/challenge/tests/test_task.py",
            "lineno": 31,
            "message": "AssertionError"
          }
        ]
      },
      "teardown": {
        "duration": 0.0001429665000982896,
        "outcome": "passed"
      }
    },
    {
      "nodeid": "assignments/round1/hard-word_break/tests/test_task.py::test_word_break_2",
      "lineno": 18,
      "outcome": "failed",
      "keywords": [
        "test_word_break_2",
        "test_task.py",
        "tests",
        "hard-word_break",
        "round1",
        "assignments",
        "a",
        ""
      ],
      "setup": {
        "duration": 0.00013515342335192147,
        "outcome": "passed"
      },
      "call": {
        "duration": 0.00022875604038223737,
        "outcome": "failed",
        "crash": {
          "path": "/home/participant317/workspace/experiment/a/exercises/challenge/tests/test_task.py",
          "lineno": 36,
          "message": "AssertionError: Expected result but got incorrect value"
        },
        "traceback": [
          {
            "path": "exercises/challenge/tests/test_task.py",
            "lineno": 36,
            "message": "AssertionError"
          }
        ]
      },
      "teardown": {
        "duration": 0.00012885343195721192,
        "outcome": "passed"
      }
    },
    {
      "nodeid": "assignments/round1/hard-word_break/tests/test_task.py::test_word_break_3",
      "lineno": 23,
      "outcome": "failed",
      "keywords": [
        "test_word_break_3",
        "test_task.py",
        "tests",
        "hard-word_break",
        "round1",
        "assignments",
        "a",
        ""
      ],
      "setup": {
        "duration": 0.00015180821864338047,
        "outcome": "passed"
      },
      "call": {
        "duration": 0.00022483175229627057,
        "outcome": "failed",
        "crash": {
          "path": "/home/participant317/workspace/experiment/a/exercises/challenge/tests/test_task.py",
          "lineno": 41,
          "message": "AssertionError: Expected result but got incorrect value"
        },
        "traceback": [
          {
            "path": "exercises/challenge/tests/test_task.py",
            "lineno": 41,
            "message": "AssertionError"
          }
        ]
      },
      "teardown": {
        "duration": 5.8534808448559093e-05,
        "outcome": "passed"
      }
    },
    {
      "nodeid": "assignments/round1/hard-word_break/tests/test_task.py::test_word_break_4",
      "lineno": 28,
      "outcome": "failed",
      "keywords": [
        "test_word_break_4",
        "test_task.py",
        "tests",
        "hard-word_break",
        "round1",
        "assignments",
        "a",
        ""
      ],
      "setup": {
        "duration": 6.944542801910566e-05,
        "outcome": "passed"
      },
      "call": {
        "duration": 0.00012814977849663988,
        "outcome": "failed",
        "crash": {
          "path": "/home/participant317/workspace/experiment/a/exercises/challenge/tests/test_task.py",
          "lineno": 46,
          "message": "AssertionError: Expected result but got incorrect value"
        },
        "traceback": [
          {
            "path": "exercises/challenge/tests/test_task.py",
            "lineno": 46,
            "message": "AssertionError"
          }
        ]
      },
      "teardown": {
        "duration": 0.0001106249791282311,
        "outcome": "passed"
      }
    },
    {
      "nodeid": "assignments/round1/hard-word_break/tests/test_task.py::test_word_break_5",
      "lineno": 33,
      "outcome": "failed",
      "keywords": [
        "test_word_break_5",
        "test_task.py",
        "tests",
        "hard-word_break",
        "round1",
        "assignments",
        "a",
        ""
      ],
      "setup": {
        "duration": 0.00011553032310749302,
        "outcome": "passed"
      },
      "call": {
        "duration": 0.00016467358432873733,
        "outcome": "failed",
        "longrepr": "def test_word_break_5():\n    # Test implementation\n>   assert result == expected\nE   AssertionError: Expected result but got incorrect value",
        "crash": {
          "path": "/home/participant317/workspace/experiment/a/exercises/challenge/tests/test_task.py",
          "lineno": 51,
          "message": "AssertionError: Expected result but got incorrect value"
        },
        "traceback": [
          {
            "path": "exercises/challenge/tests/test_task.py",
            "lineno": 51,
            "message": "AssertionError"
          }
        ]
      },
      "teardown": {
        "duration": 0.000112349018293125,
        "outcome": "passed"
      }
    },
    {
      "nodeid": "assignments/round1/hard-word_break/tests/test_task.py::test_word_break_6",
      "lineno": 38,
      "outcome": "failed",
      "keywords": [
        "test_word_break_6",
        "test_task.py",
        "tests",
        "hard-word_break",
        "round1",
        "assignments",
        "a",
        ""
      ],
      "setup": {
        "duration": 0.00014892078880037374,
        "outcome": "passed"
      },
      "call": {
        "duration": 7.016745772540381e-05,
        "outcome": "failed",
        "longrepr": "def test_word_break_6():\n    # Test implementation\n>   assert result == expected\nE   AssertionError: Expected result but got incorrect value",
        "crash": {
          "path": "/home/participant317/workspace/experiment/a/exercises/challenge/tests/test_task.py",
          "lineno": 56,
          "message": "AssertionError: Expected result but got incorrect value"
        },
        "traceback": [
          {
            "path": "exercises/challenge/tests/test_task.py",
            "lineno": 56,
            "message": "AssertionError"
          }
        ]
      },
      "teardown": {
        "duration": 0.00012058348642015083,
        "outcome": "passed"
      }
    },
    {
      "nodeid": "assignments/round1/hard-longest_common_subsequence/tests/test_task.py::test_longest_common_subsequence_1",
      "lineno": 13,
      "outcome": "failed",
      "keywords": [
        "test_longest_common_subsequence_1",
        "test_task.py",
        "tests",
        "hard-longest_common_subsequence",
        "round1",
        "assignments",
        "a",
        ""
      ],
      "setup": {
        "duration": 0.00018165731841771984,
        "outcome": "passed"
      },
      "call": {
        "duration": 0.0001170772667060731,
        "outcome": "failed",
        "crash": {
          "path": "/home/participant317/workspace/experiment/a/exercises/challenge/tests/test_task.py",
          "lineno": 61,
          "message": "AssertionError: Expected result but got incorrect value"
        },
        "traceback": [
          {
            "path": "exercises/challenge/tests/test_task.py",
            "lineno": 61,
            "message": "AssertionError"
          }
        ]
      },
      "teardown": {
        "duration": 7.959278886740566e-05,
        "outcome": "passed"
      }
    },
    {
      "nodeid": "assignments/round1/hard-longest_common_subsequence/tests/test_task.py::test_longest_common_subsequence_2",
      "lineno": 18,
      "outcome": "failed",
      "keywords": [
        "test_longest_common_subsequence_2",
        "test_task.py",
        "tests",
        "hard-longest_common_subsequence",
        "round1",
        "assignments",
        "a",
        ""
      ],
      "setup": {
        "duration": 8.5296504600555e-05,
        "outcome": "passed"
      },
      "call": {
        "duration": 0.0002954713929955646,
        "outcome": "failed",
        "crash": {
          "path": "/home/participant317/workspace/experiment/a/exercises/challenge/tests/test_task.py",
          "lineno": 66,
          "message": "AssertionError: Expected result but got incorrect value"
        },
        "traceback": [
          {
            "path": "exercises/challenge/tests/test_task.py",
            "lineno": 66,
            "message": "AssertionError"
          }
        ]
      },
      "teardown": {
        "duration": 7.117109394326114e-05,
        "outcome": "passed"
      }
    },
    {
      "nodeid": "assignments/round1/hard-longest_common_subsequence/tests/test_task.py::test_longest_common_subsequence_3",
      "lineno": 23,
      "outcome": "failed",
      "keywords": [
        "test_longest_common_subsequence_3",
        "test_task.py",
        "tests",
        "hard-longest_common_subsequence",
        "round1",
        "assignments",
        "a",
        ""
      ],
      "setup": {
        "duration": 0.00016418012824108959,
        "outcome": "passed"
      },
      "call": {
        "duration": 0.0002560922822805207,
        "outcome": "failed",
        "crash": {
          "path": "/home/participant317/workspace/experiment/a/exercises/challenge/tests/test_task.py",
          "lineno": 71,
          "message": "AssertionError: Expected result but got incorrect value"
        },
        "traceback": [
          {
            "path": "exercises/challenge/tests/test_task.py",
            "lineno": 71,
            "message": "AssertionError"
          }
        ]
      },
      "teardown": {
        "duration": 5.2519091138245655e-05,
        "outcome": "passed"
      }
    },
    {
      "nodeid": "assignments/round1/hard-longest_common_subsequence/tests/test_task.py::test_longest_common_subsequence_4",
      "lineno": 28,
      "outcome": "failed",
      "keywords": [
        "test_longest_common_subsequence_4",
        "test_task.py",
        "tests",
        "hard-longest_common_subsequence",
        "round1",
        "assignments",
        "a",
        ""
      ],
      "setup": {
        "duration": 0.00016442587999299186,
        "outcome": "passed"
      },
      "call": {
        "duration": 6.605183553062927e-05,
        "outcome": "failed",
        "crash": {
          "path": "/home/participant317/workspace/experiment/a/exercises/challenge/tests/test_task.py",
          "lineno": 76,
          "message": "AssertionError: Expected result but got incorrect value"
        },
        "traceback": [
          {
            "path": "exercises/challenge/tests/test_task.py",
            "lineno": 76,
            "message": "AssertionError"
          }
        ]
      },
      "teardown": {
        "duration": 8.13190267247972e-05,
        "outcome": "passed"
      }
    },
    {
      "nodeid": "assignments/round1/hard-longest_common_subsequence/tests/test_task.py::test_longest_common_subsequence_5",
      "lineno": 33,
      "outcome": "failed",
      "keywords": [
        "test_longest_common_subsequence_5",
        "test_task.py",
        "tests",
        "hard-longest_common_subsequence",
        "round1",
        "assignments",
        "a",
        ""
      ],
      "setup": {
        "duration": 0.00016244241182374806,
        "outcome": "passed"
      },
      "call": {
        "duration": 0.00022578427255386184,
        "outcome": "failed",
        "crash": {
          "path": "/home/participant317/workspace/experiment/a/exercises/challenge/tests/test_task.py",
          "lineno": 81,
          "message": "AssertionError: Expected result but got incorrect value"
        },
        "traceback": [
          {
            "path": "exercises/challenge/tests/test_task.py",
            "lineno": 81,
            "message": "AssertionError"
          }
        ]
      },
      "teardown": {
        "duration": 7.114220323333086e-05,
        "outcome": "passed"
      }
    },
    {
      "nodeid": "assignments/round1/hard-longest_common_subsequence/tests/test_task.py::test_longest_common_subsequence_6",
      "lineno": 38,
      "outcome": "failed",
      "keywords": [
        "test_longest_common_subsequence_6",
        "test_task.py",
        "tests",
        "hard-longest_common_subsequence",
        "round1",
        "assignments",
        "a",
        ""
      ],
      "setup": {
        "duration": 0.00013784884083808943,
        "outcome": "passed"
      },
      "call": {
        "duration": 0.00014569470300319993,
        "outcome": "failed",
        "crash": {
          "path": "/home/participant317/workspace/experiment/a/exercises/challenge/tests/test_task.py",
          "lineno": 86,
          "message": "AssertionError: Expected result but got incorrect value"
        },
        "traceback": [
          {
            "path": "exercises/challenge/tests/test_task.py",
            "lineno": 86,
            "message": "AssertionError"
          }
        ],
        "longrepr": "def test_longest_common_subsequence_6():\n    # Test implementation\n>   assert result == expected\nE   AssertionError: Expected result but got incorrect value"
      },
      "teardown": {
        "duration": 0.00011402194504132976,
        "outcome": "passed"
      }
    },
    {
      "nodeid": "assignments/round1/hard-longest_common_subsequence/tests/test_task.py::test_longest_common_subsequence_7",
      "lineno": 43,
      "outcome": "failed",
      "keywords": [
        "test_longest_common_subsequence_7",
        "test_task.py",
        "tests",
        "hard-longest_common_subsequence",
        "round1",
        "assignments",
        "a",
        ""
      ],
      "setup": {
        "duration": 7.126054302569852e-05,
        "outcome": "passed"
      },
      "call": {
        "duration": 0.00011273059410163463,
        "outcome": "failed",
        "crash": {
          "path": "/home/participant317/workspace/experiment/a/exercises/challenge/tests/test_task.py",
          "lineno": 91,
          "message": "AssertionError: Expected result but got incorrect value"
        },
        "traceback": [
          {
            "path": "exercises/challenge/tests/test_task.py",
            "lineno": 91,
            "message": "AssertionError"
          }
        ],
        "longrepr": "def test_longest_common_subsequence_7():\n    # Test implementation\n>   assert result == expected\nE   AssertionError: Expected result but got incorrect value"
      },
      "teardown": {
        "duration": 7.844946073099807e-05,
        "outcome": "passed"
      }
    },
    {
      "nodeid": "assignments/round1/hard-longest_common_subsequence/tests/test_task.py::test_longest_common_subsequence_8",
      "lineno": 48,
      "outcome": "failed",
      "keywords": [
        "test_longest_common_subsequence_8",
        "test_task.py",
        "tests",
        "hard-longest_common_subsequence",
        "round1",
        "assignments",
        "a",
        ""
      ],
      "setup": {
        "duration": 0.00016821748598353094,
        "outcome": "passed"
      },
      "call": {
        "duration": 0.0002317197525125048,
        "outcome": "failed",
        "crash": {
          "path": "/home/participant317/workspace/experiment/a/exercises/challenge/tests/test_task.py",
          "lineno": 96,
          "message": "AssertionError: Expected result but got incorrect value"
        },
        "traceback": [
          {
            "path": "exercises/challenge/tests/test_task.py",
            "lineno": 96,
            "message": "AssertionError"
          }
        ],
        "longrepr": "def test_longest_common_subsequence_8():\n    # Test implementation\n>   assert result == expected\nE   AssertionError: Expected result but got incorrect value"
      },
      "teardown": {
        "duration": 0.00013402208073690934,
        "outcome": "passed"
      }
    },
    {
      "nodeid": "assignments/round1/hard-longest_common_subsequence/tests/test_task.py::test_longest_common_subsequence_9",
      "lineno": 53,
      "outcome": "failed",
      "keywords": [
        "test_longest_common_subsequence_9",
        "test_task.py",
        "tests",
        "hard-longest_common_subsequence",
        "round1",
        "assignments",
        "a",
        ""
      ],
      "setup": {
        "duration": 0.00013088776164095793,
        "outcome": "passed"
      },
      "call": {
        "duration": 0.000290159933460983,
        "outcome": "failed",
        "crash": {
          "path": "/home/participant317/workspace/experiment/a/exercises/challenge/tests/test_task.py",
          "lineno": 101,
          "message": "AssertionError: Expected result but got incorrect value"
        },
        "traceback": [
          {
            "path": "exercises/challenge/tests/test_task.py",
            "lineno": 101,
            "message": "AssertionError"
          }
        ],
        "longrepr": "def test_longest_common_subsequence_9():\n    # Test implementation\n>   assert result == expected\nE   AssertionError: Expected result but got incorrect value"
      },
      "teardown": {
        "duration": 8.425065203943807e-05,
        "outcome": "passed"
      }
    }
  ]
}