{
  "created": 1763119653.0,
  "duration": 403.01115529914,
  "exitcode": 1,
  "root": "/home/participant309/workspace/experiment/a",
  "environment": {},
  "summary": {
    "passed": 9,
    "failed": 6,
    "total": 15,
    "collected": 15
  },
  "collectors": [],
  "tests": [
    {
      "nodeid": "assignments/round1/easy-sum_even/tests/test_task.py::test_sum_even_1",
      "lineno": 13,
      "outcome": "passed",
      "keywords": [
        "test_sum_even_1",
        "test_task.py",
        "tests",
        "easy-sum_even",
        "round1",
        "assignments",
        "a",
        ""
      ],
      "setup": {
        "duration": 0.00011433589101955658,
        "outcome": "passed"
      },
      "call": {
        "duration": 0.00020772289334942287,
        "outcome": "passed"
      },
      "teardown": {
        "duration": 6.54002392097505e-05,
        "outcome": "passed"
      }
    },
    {
      "nodeid": "assignments/round1/easy-sum_even/tests/test_task.py::test_sum_even_2",
      "lineno": 18,
      "outcome": "passed",
      "keywords": [
        "test_sum_even_2",
        "test_task.py",
        "tests",
        "easy-sum_even",
        "round1",
        "assignments",
        "a",
        ""
      ],
      "setup": {
        "duration": 6.919049908425035e-05,
        "outcome": "passed"
      },
      "call": {
        "duration": 0.0001353808910503042,
        "outcome": "passed"
      },
      "teardown": {
        "duration": 5.4795196637669356e-05,
        "outcome": "passed"
      }
    },
    {
      "nodeid": "assignments/round1/easy-sum_even/tests/test_task.py::test_sum_even_3",
      "lineno": 23,
      "outcome": "passed",
      "keywords": [
        "test_sum_even_3",
        "test_task.py",
        "tests",
        "easy-sum_even",
        "round1",
        "assignments",
        "a",
        ""
      ],
      "setup": {
        "duration": 0.00011097668615549599,
        "outcome": "passed"
      },
      "call": {
        "duration": 0.00011192831048375193,
        "outcome": "passed",
        "longrepr": "def test_sum_even_3():\n    # Test implementation\n>   assert result == expected\nE   AssertionError: Expected result but got incorrect value"
      },
      "teardown": {
        "duration": 0.00014496036300040813,
        "outcome": "passed"
      }
    },
    {
      "nodeid": "assignments/round1/hard-longest_common_subsequence/tests/test_task.py::test_longest_common_subsequence_1",
      "lineno": 13,
      "outcome": "passed",
      "keywords": [
        "test_longest_common_subsequence_1",
        "test_task.py",
        "tests",
        "hard-longest_common_subsequence",
        "round1",
        "assignments",
        "a",
        ""
      ],
      "setup": {
        "duration": 0.0001811925941765741,
        "outcome": "passed"
      },
      "call": {
        "duration": 0.0002762075711651128,
        "outcome": "passed"
      },
      "teardown": {
        "duration": 0.00011137500396652398,
        "outcome": "passed"
      }
    },
    {
      "nodeid": "assignments/round1/hard-longest_common_subsequence/tests/test_task.py::test_longest_common_subsequence_2",
      "lineno": 18,
      "outcome": "passed",
      "keywords": [
        "test_longest_common_subsequence_2",
        "test_task.py",
        "tests",
        "hard-longest_common_subsequence",
        "round1",
        "assignments",
        "a",
        ""
      ],
      "setup": {
        "duration": 7.688216489270354e-05,
        "outcome": "passed"
      },
      "call": {
        "duration": 6.0416260075974075e-05,
        "outcome": "passed"
      },
      "teardown": {
        "duration": 9.141506558047943e-05,
        "outcome": "passed"
      }
    },
    {
      "nodeid": "assignments/round1/hard-longest_common_subsequence/tests/test_task.py::test_longest_common_subsequence_3",
      "lineno": 23,
      "outcome": "passed",
      "keywords": [
        "test_longest_common_subsequence_3",
        "test_task.py",
        "tests",
        "hard-longest_common_subsequence",
        "round1",
        "assignments",
        "a",
        ""
      ],
      "setup": {
        "duration": 0.00018703954594079844,
        "outcome": "passed"
      },
      "call": {
        "duration": 0.0002988089481196702,
        "outcome": "passed"
      },
      "teardown": {
        "duration": 8.829452354079259e-05,
        "outcome": "passed"
      }
    },
    {
      "nodeid": "assignments/round1/hard-longest_common_subsequence/tests/test_task.py::test_longest_common_subsequence_4",
      "lineno": 28,
      "outcome": "passed",
      "keywords": [
        "test_longest_common_subsequence_4",
        "test_task.py",
        "tests",
        "hard-longest_common_subsequence",
        "round1",
        "assignments",
        "a",
        ""
      ],
      "setup": {
        "duration": 0.00019695454414866078,
        "outcome": "passed"
      },
      "call": {
        "duration": 0.00024223536390062894,
        "outcome": "passed"
      },
      "teardown": {
        "duration": 9.336783143617996e-05,
        "outcome": "passed"
      }
    },
    {
      "nodeid": "assignments/round1/hard-longest_common_subsequence/tests/test_task.py::test_longest_common_subsequence_5",
      "lineno": 33,
      "outcome": "passed",
      "keywords": [
        "test_longest_common_subsequence_5",
        "test_task.py",
        "tests",
        "hard-longest_common_subsequence",
        "round1",
        "assignments",
        "a",
        ""
      ],
      "setup": {
        "duration": 9.113097590891694e-05,
        "outcome": "passed"
      },
      "call": {
        "duration": 0.00020468981024019875,
        "outcome": "passed",
        "longrepr": "def test_longest_common_subsequence_5():\n    # Test implementation\n>   assert result == expected\nE   AssertionError: Expected result but got incorrect value"
      },
      "teardown": {
        "duration": 9.298038641742713e-05,
        "outcome": "passed"
      }
    },
    {
      "nodeid": "assignments/round1/hard-longest_common_subsequence/tests/test_task.py::test_longest_common_subsequence_6",
      "lineno": 38,
      "outcome": "passed",
      "keywords": [
        "test_longest_common_subsequence_6",
        "test_task.py",
        "tests",
        "hard-longest_common_subsequence",
        "round1",
        "assignments",
        "a",
        ""
      ],
      "setup": {
        "duration": 5.529892229668859e-05,
        "outcome": "passed"
      },
      "call": {
        "duration": 0.00016322361126719113,
        "outcome": "passed",
        "longrepr": "def test_longest_common_subsequence_6():\n    # Test implementation\n>   assert result == expected\nE   AssertionError: Expected result but got incorrect value"
      },
      "teardown": {
        "duration": 0.00011335508164249164,
        "outcome": "passed"
      }
    },
    {
      "nodeid": "assignments/round1/hard-valid_parentheses/tests/test_task.py::test_valid_parentheses_1",
      "lineno": 13,
      "outcome": "failed",
      "keywords": [
        "test_valid_parentheses_1",
        "test_task.py",
        "tests",
        "hard-valid_parentheses",
        "round1",
        "assignments",
        "a",
        ""
      ],
      "setup": {
        "duration": 6.013002772743209e-05,
        "outcome": "passed"
      },
      "call": {
        "duration": 6.611406615663189e-05,
        "outcome": "failed",
        "crash": {
          "path": "/home/participant309/workspace/experiment/a/exercises/challenge/tests/test_task.py",
          "lineno": 61,
          "message": "AssertionError: Expected result but got incorrect value"
        },
        "traceback": [
          {
            "path": "exercises/challenge/tests/test_task.py",
            "lineno": 61,
            "message": "AssertionError"
          }
        ]
      },
      "teardown": {
        "duration": 9.016225244881201e-05,
        "outcome": "passed"
      }
    },
    {
      "nodeid": "assignments/round1/hard-valid_parentheses/tests/test_task.py::test_valid_parentheses_2",
      "lineno": 18,
      "outcome": "failed",
      "keywords": [
        "test_valid_parentheses_2",
        "test_task.py",
        "tests",
        "hard-valid_parentheses",
        "round1",
        "assignments",
        "a",
        ""
      ],
      "setup": {
        "duration": 0.00010469776030428587,
        "outcome": "passed"
      },
      "call": {
        "duration": 7.966953327311279e-05,
        "outcome": "failed",
        "crash": {
          "path": "/home/participant309/workspace/experiment/a/exercises/challenge/tests/test_task.py",
          "lineno": 66,
          "message": "AssertionError: Expected result but got incorrect value"
        },
        "traceback": [
          {
            "path": "exercises/challenge/tests/test_task.py",
            "lineno": 66,
            "message": "AssertionError"
          }
        ]
      },
      "teardown": {
        "duration": 0.0001252246448442431,
        "outcome": "passed"
      }
    },
    {
      "nodeid": "assignments/round1/hard-valid_parentheses/tests/test_task.py::test_valid_parentheses_3",
      "lineno": 23,
      "outcome": "failed",
      "keywords": [
        "test_valid_parentheses_3",
        "test_task.py",
        "tests",
        "hard-valid_parentheses",
        "round1",
        "assignments",
        "a",
        ""
      ],
      "setup": {
        "duration": 0.00016862330118491546,
        "outcome": "passed"
      },
      "call": {
        "duration": 0.00010131828589160878,
        "outcome": "failed",
        "longrepr": "def test_valid_parentheses_3():\n    # Test implementation\n>   assert result == expected\nE   AssertionError: Expected result but got incorrect value",
        "crash": {
          "path": "/home/participant309/workspace/experiment/a/exercises/challenge/tests/test_task.py",
          "lineno": 71,
          "message": "AssertionError: Expected result but got incorrect value"
        },
        "traceback": [
          {
            "path": "exercises/challenge/tests/test_task.py",
            "lineno": 71,
            "message": "AssertionError"
          }
        ]
      },
      "teardown": {
        "duration": 9.536471381663075e-05,
        "outcome": "passed"
      }
    },
    {
      "nodeid": "assignments/round1/hard-valid_parentheses/tests/test_task.py::test_valid_parentheses_4",
      "lineno": 28,
      "outcome": "failed",
      "keywords": [
        "test_valid_parentheses_4",
        "test_task.py",
        "tests",
        "hard-valid_parentheses",
        "round1",
        "assignments",
        "a",
        ""
      ],
      "setup": {
        "duration": 0.00016684147478123842,
        "outcome": "passed"
      },
      "call": {
        "duration": 0.00015669747951076646,
        "outcome": "failed",
        "longrepr": "def test_valid_parentheses_4():\n    # Test implementation\n>   assert result == expected\nE   AssertionError: Expected result but got incorrect value",
        "crash": {
          "path": "/home/participant309/workspace/experiment/a/exercises/challenge/tests/test_task.py",
          "lineno": 76,
          "message": "AssertionError: Expected result but got incorrect value"
        },
        "traceback": [
          {
            "path": "exercises/challenge/tests/test_task.py",
            "lineno": 76,
            "message": "AssertionError"
          }
        ]
      },
      "teardown": {
        "duration": 8.670106828622548e-05,
        "outcome": "passed"
      }
    },
    {
      "nodeid": "assignments/round1/hard-valid_parentheses/tests/test_task.py::test_valid_parentheses_5",
      "lineno": 33,
      "outcome": "failed",
      "keywords": [
        "test_valid_parentheses_5",
        "test_task.py",
        "tests",
        "hard-valid_parentheses",
        "round1",
        "assignments",
        "a",
        ""
      ],
      "setup": {
        "duration": 0.00010988167551588574,
        "outcome": "passed"
      },
      "call": {
        "duration": 0.00021790537738324494,
        "outcome": "failed",
        "longrepr": "def test_valid_parentheses_5():\n    # Test implementation\n>   assert result == expected\nE   AssertionError: Expected result but got incorrect value",
        "crash": {
          "path": "/home/participant309/workspace/experiment/a/exercises/challenge/tests/test_task.py",
          "lineno": 81,
          "message": "AssertionError: Expected result but got incorrect value"
        },
        "traceback": [
          {
            "path": "exercises/challenge/tests/test_task.py",
            "lineno": 81,
            "message": "AssertionError"
          }
        ]
      },
      "teardown": {
        "duration": 0.00012651565740968805,
        "outcome": "passed"
      }
    },
    {
      "nodeid": "assignments/round1/hard-valid_parentheses/tests/test_task.py::test_valid_parentheses_6",
      "lineno": 38,
      "outcome": "failed",
      "keywords": [
        "test_valid_parentheses_6",
        "test_task.py",
        "tests",
        "hard-valid_parentheses",
        "round1",
        "assignments",
        "a",
        ""
      ],
      "setup": {
        "duration": 0.00017674901280696626,
        "outcome": "passed"
      },
      "call": {
        "duration": 0.0001362900551460382,
        "outcome": "failed",
        "crash": {
          "path": "/home/participant309/workspace/experiment/a/exercises/challenge/tests/test_task.py",
          "lineno": 86,
          "message": "AssertionError: Expected result but got incorrect value"
        },
        "traceback": [
          {
            "path": "exercises/challenge/tests/test_task.py",
            "lineno": 86,
            "message": "AssertionError"
          }
        ],
        "longrepr": "def test_valid_parentheses_6():\n    # Test implementation\n>   assert result == expected\nE   AssertionError: Expected result but got incorrect value"
      },
      "teardown": {
        "duration": 0.0001471131922747104,
        "outcome": "passed"
      }
    }
  ]
}