{"created": 1763119810.0, "duration": 302.2840275037021, "exitcode": 1, "root": "/home/participant301/workspace/experiment/a", "environment": {}, "summary": {"passed": 3, "failed": 15, "total": 18, "collected": 18}, "collectors": [], "tests": [{"nodeid": "assignments/round1/easy-sum_even/tests/test_task.py::test_sum_even_1", "lineno": 13, "outcome": "passed", "keywords": ["test_sum_even_1", "test_task.py", "tests", "easy-sum_even", "round1", "assignments", "a", ""], "setup": {"duration": 9.74903617689291e-05, "outcome": "passed"}, "call": {"duration": 0.00020640249286413973, "outcome": "passed"}, "teardown": {"duration": 0.00013582687120095052, "outcome": "passed"}}, {"nodeid": "assignments/round1/easy-sum_even/tests/test_task.py::test_sum_even_2", "lineno": 18, "outcome": "passed", "keywords": ["test_sum_even_2", "test_task.py", "tests", "easy-sum_even", "round1", "assignments", "a", ""], "setup": {"duration": 0.00012601749166770698, "outcome": "passed"}, "call": {"duration": 0.0001291893513478213, "outcome": "passed", "longrepr": "def test_sum_even_2():\n    # Test implementation\n>   assert result == expected\nE   AssertionError: Expected result but got incorrect value"}, "teardown": {"duration": 8.106193765932574e-05, "outcome": "passed"}}, {"nodeid": "assignments/round1/easy-sum_even/tests/test_task.py::test_sum_even_3", "lineno": 23, "outcome": "passed", "keywords": ["test_sum_even_3", "test_task.py", "tests", "easy-sum_even", "round1", "assignments", "a", ""], "setup": {"duration": 0.00012066595484879359, "outcome": "passed"}, "call": {"duration": 0.00027766350140225374, "outcome": "passed", "longrepr": "def test_sum_even_3():\n    # Test implementation\n>   assert result == expected\nE   AssertionError: Expected result but got incorrect value"}, "teardown": {"duration": 9.702982038345293e-05, "outcome": "passed"}}, {"nodeid": "assignments/round1/easy-sum_even/tests/test_task.py::test_sum_even_4", "lineno": 28, "outcome": "failed", "keywords": ["test_sum_even_4", "test_task.py", "tests", "easy-sum_even", "round1", "assignments", "a", ""], "setup": {"duration": 9.019898588852825e-05, "outcome": "passed"}, "call": {"duration": 0.00014004717650938181, "outcome": "failed", "longrepr": "def test_sum_even_4():\n    # Test implementation\n>   assert result == expected\nE   AssertionError: Expected result but got incorrect value", "crash": {"path": "/home/participant301/workspace/experiment/a/exercises/challenge/tests/test_task.py", "lineno": 31, "message": "AssertionError: Expected result but got incorrect value"}, "traceback": [{"path": "exercises/challenge/tests/test_task.py", "lineno": 31, "message": "AssertionError"}]}, "teardown": {"duration": 0.00013763516972432438, "outcome": "passed"}}, {"nodeid": "assignments/round1/hard-word_break/tests/test_task.py::test_word_break_1", "lineno": 13, "outcome": "failed", "keywords": ["test_word_break_1", "test_task.py", "tests", "hard-word_break", "round1", "assignments", "a", ""], "setup": {"duration": 0.00014033952686765293, "outcome": "passed"}, "call": {"duration": 0.0002674004243772255, "outcome": "failed", "crash": {"path": "/home/participant301/workspace/experiment/a/exercises/challenge/tests/test_task.py", "lineno": 36, "message": "AssertionError: Expected result but got incorrect value"}, "traceback": [{"path": "exercises/challenge/tests/test_task.py", "lineno": 36, "message": "AssertionError"}]}, "teardown": {"duration": 0.00011905985575008662, "outcome": "passed"}}, {"nodeid": "assignments/round1/hard-word_break/tests/test_task.py::test_word_break_2", "lineno": 18, "outcome": "failed", "keywords": ["test_word_break_2", "test_task.py", "tests", "hard-word_break", "round1", "assignments", "a", ""], "setup": {"duration": 5.1502364241034086e-05, "outcome": "passed"}, "call": {"duration": 6.834562034214036e-05, "outcome": "failed", "crash": {"path": "/home/participant301/workspace/experiment/a/exercises/challenge/tests/test_task.py", "lineno": 41, "message": "AssertionError: Expected result but got incorrect value"}, "traceback": [{"path": "exercises/challenge/tests/test_task.py", "lineno": 41, "message": "AssertionError"}]}, "teardown": {"duration": 0.00010564400757073703, "outcome": "passed"}}, {"nodeid": "assignments/round1/hard-word_break/tests/test_task.py::test_word_break_3", "lineno": 23, "outcome": "failed", "keywords": ["test_word_break_3", "test_task.py", "tests", "hard-word_break", "round1", "assignments", "a", ""], "setup": {"duration": 0.0001489439851153601, "outcome": "passed"}, "call": {"duration": 6.337386317302347e-05, "outcome": "failed", "crash": {"path": "/home/participant301/workspace/experiment/a/exercises/challenge/tests/test_task.py", "lineno": 46, "message": "AssertionError: Expected result but got incorrect value"}, "traceback": [{"path": "exercises/challenge/tests/test_task.py", "lineno": 46, "message": "AssertionError"}]}, "teardown": {"duration": 9.270859724764294e-05, "outcome": "passed"}}, {"nodeid": "assignments/round1/hard-word_break/tests/test_task.py::test_word_break_4", "lineno": 28, "outcome": "failed", "keywords": ["test_word_break_4", "test_task.py", "tests", "hard-word_break", "round1", "assignments", "a", ""], "setup": {"duration": 0.0001322002133111507, "outcome": "passed"}, "call": {"duration": 0.0002110082734070483, "outcome": "failed", "longrepr": "def test_word_break_4():\n    # Test implementation\n>   assert result == expected\nE   AssertionError: Expected result but got incorrect value", "crash": {"path": "/home/participant301/workspace/experiment/a/exercises/challenge/tests/test_task.py", "lineno": 51, "message": "AssertionError: Expected result but got incorrect value"}, "traceback": [{"path": "exercises/challenge/tests/test_task.py", "lineno": 51, "message": "AssertionError"}]}, "teardown": {"duration": 8.214787048853303e-05, "outcome": "passed"}}, {"nodeid": "assignments/round1/hard-word_break/tests/test_task.py::test_word_break_5", "lineno": 33, "outcome": "failed", "keywords": ["test_word_break_5", "test_task.py", "tests", "hard-word_break", "round1", "assignments", "a", ""], "setup": {"duration": 0.00013209481823452582, "outcome": "passed"}, "call": {"duration": 0.00022422377984434078, "outcome": "failed", "longrepr": "def test_word_break_5():\n    # Test implementation\n>   assert result == expected\nE   AssertionError: Expected result but got incorrect value", "crash": {"path": "/home/participant301/workspace/experiment/a/exercises/challenge/tests/test_task.py", "lineno": 56, "message": "AssertionError: Expected result but got incorrect value"}, "traceback": [{"path": "exercises/challenge/tests/test_task.py", "lineno": 56, "message": "AssertionError"}]}, "teardown": {"duration": 0.00011846705150877864, "outcome": "passed"}}, {"nodeid": "assignments/round1/hard-word_break/tests/test_task.py::test_word_break_6", "lineno": 38, "outcome": "failed", "keywords": ["test_word_break_6", "test_task.py", "tests", "hard-word_break", "round1", "assignments", "a", ""], "setup": {"duration": 0.00012484916953749172, "outcome": "passed"}, "call": {"duration": 7.344790020291182e-05, "outcome": "failed", "longrepr": "def test_word_break_6():\n    # Test implementation\n>   assert result == expected\nE   AssertionError: Expected result but got incorrect value", "crash": {"path": "/home/participant301/workspace/experiment/a/exercises/challenge/tests/test_task.py", "lineno": 61, "message": "AssertionError: Expected result but got incorrect value"}, "traceback": [{"path": "exercises/challenge/tests/test_task.py", "lineno": 61, "message": "AssertionError"}]}, "teardown": {"duration": 6.682004815524784e-05, "outcome": "passed"}}, {"nodeid": "assignments/round1/medium-sudoku_validator/tests/test_task.py::test_sudoku_validator_1", "lineno": 13, "outcome": "failed", "keywords": ["test_sudoku_validator_1", "test_task.py", "tests", "medium-sudoku_validator", "round1", "assignments", "a", ""], "setup": {"duration": 0.00011752506246882685, "outcome": "passed"}, "call": {"duration": 0.00026972334749070465, "outcome": "failed", "crash": {"path": "/home/participant301/workspace/experiment/a/exercises/challenge/tests/test_task.py", "lineno": 66, "message": "AssertionError: Expected result but got incorrect value"}, "traceback": [{"path": "exercises/challenge/tests/test_task.py", "lineno": 66, "message": "AssertionError"}]}, "teardown": {"duration": 7.08072128195693e-05, "outcome": "passed"}}, {"nodeid": "assignments/round1/medium-sudoku_validator/tests/test_task.py::test_sudoku_validator_2", "lineno": 18, "outcome": "failed", "keywords": ["test_sudoku_validator_2", "test_task.py", "tests", "medium-sudoku_validator", "round1", "assignments", "a", ""], "setup": {"duration": 0.0001861999990918744, "outcome": "passed"}, "call": {"duration": 0.00019014447168697767, "outcome": "failed", "crash": {"path": "/home/participant301/workspace/experiment/a/exercises/challenge/tests/test_task.py", "lineno": 71, "message": "AssertionError: Expected result but got incorrect value"}, "traceback": [{"path": "exercises/challenge/tests/test_task.py", "lineno": 71, "message": "AssertionError"}]}, "teardown": {"duration": 0.000133336448135556, "outcome": "passed"}}, {"nodeid": "assignments/round1/medium-sudoku_validator/tests/test_task.py::test_sudoku_validator_3", "lineno": 23, "outcome": "failed", "keywords": ["test_sudoku_validator_3", "test_task.py", "tests", "medium-sudoku_validator", "round1", "assignments", "a", ""], "setup": {"duration": 5.563155359380607e-05, "outcome": "passed"}, "call": {"duration": 0.00021982137487515558, "outcome": "failed", "crash": {"path": "/home/participant301/workspace/experiment/a/exercises/challenge/tests/test_task.py", "lineno": 76, "message": "AssertionError: Expected result but got incorrect value"}, "traceback": [{"path": "exercises/challenge/tests/test_task.py", "lineno": 76, "message": "AssertionError"}]}, "teardown": {"duration": 0.000141387605724316, "outcome": "passed"}}, {"nodeid": "assignments/round1/medium-sudoku_validator/tests/test_task.py::test_sudoku_validator_4", "lineno": 28, "outcome": "failed", "keywords": ["test_sudoku_validator_4", "test_task.py", "tests", "medium-sudoku_validator", "round1", "assignments", "a", ""], "setup": {"duration": 9.307093713162209e-05, "outcome": "passed"}, "call": {"duration": 6.828980762387858e-05, "outcome": "failed", "longrepr": "def test_sudoku_validator_4():\n    # Test implementation\n>   assert result == expected\nE   AssertionError: Expected result but got incorrect value", "crash": {"path": "/home/participant301/workspace/experiment/a/exercises/challenge/tests/test_task.py", "lineno": 81, "message": "AssertionError: Expected result but got incorrect value"}, "traceback": [{"path": "exercises/challenge/tests/test_task.py", "lineno": 81, "message": "AssertionError"}]}, "teardown": {"duration": 0.00013977500966789894, "outcome": "passed"}}, {"nodeid": "assignments/round1/medium-sudoku_validator/tests/test_task.py::test_sudoku_validator_5", "lineno": 33, "outcome": "failed", "keywords": ["test_sudoku_validator_5", "test_task.py", "tests", "medium-sudoku_validator", "round1", "assignments", "a", ""], "setup": {"duration": 5.21640296164281e-05, "outcome": "passed"}, "call": {"duration": 0.00019730095059970054, "outcome": "failed", "crash": {"path": "/home/participant301/workspace/experiment/a/exercises/challenge/tests/test_task.py", "lineno": 86, "message": "AssertionError: Expected result but got incorrect value"}, "traceback": [{"path": "exercises/challenge/tests/test_task.py", "lineno": 86, "message": "AssertionError"}], "longrepr": "def test_sudoku_validator_5():\n    # Test implementation\n>   assert result == expected\nE   AssertionError: Expected result but got incorrect value"}, "teardown": {"duration": 9.577176566903111e-05, "outcome": "passed"}}, {"nodeid": "assignments/round1/medium-sudoku_validator/tests/test_task.py::test_sudoku_validator_6", "lineno": 38, "outcome": "failed", "keywords": ["test_sudoku_validator_6", "test_task.py", "tests", "medium-sudoku_validator", "round1", "assignments", "a", ""], "setup": {"duration": 0.00016127695487888502, "outcome": "passed"}, "call": {"duration": 0.00019719737504326422, "outcome": "failed", "crash": {"path": "/home/participant301/workspace/experiment/a/exercises/challenge/tests/test_task.py", "lineno": 91, "message": "AssertionError: Expected result but got incorrect value"}, "traceback": [{"path": "exercises/challenge/tests/test_task.py", "lineno": 91, "message": "AssertionError"}], "longrepr": "def test_sudoku_validator_6():\n    # Test implementation\n>   assert result == expected\nE   AssertionError: Expected result but got incorrect value"}, "teardown": {"duration": 6.391867610730067e-05, "outcome": "passed"}}, {"nodeid": "assignments/round1/medium-sudoku_validator/tests/test_task.py::test_sudoku_validator_7", "lineno": 43, "outcome": "failed", "keywords": ["test_sudoku_validator_7", "test_task.py", "tests", "medium-sudoku_validator", "round1", "assignments", "a", ""], "setup": {"duration": 0.00014742620643759944, "outcome": "passed"}, "call": {"duration": 9.034503373987811e-05, "outcome": "failed", "crash": {"path": "/home/participant301/workspace/experiment/a/exercises/challenge/tests/test_task.py", "lineno": 96, "message": "AssertionError: Expected result but got incorrect value"}, "traceback": [{"path": "exercises/challenge/tests/test_task.py", "lineno": 96, "message": "AssertionError"}], "longrepr": "def test_sudoku_validator_7():\n    # Test implementation\n>   assert result == expected\nE   AssertionError: Expected result but got incorrect value"}, "teardown": {"duration": 6.857490223531628e-05, "outcome": "passed"}}, {"nodeid": "assignments/round1/medium-sudoku_validator/tests/test_task.py::test_sudoku_validator_8", "lineno": 48, "outcome": "failed", "keywords": ["test_sudoku_validator_8", "test_task.py", "tests", "medium-sudoku_validator", "round1", "assignments", "a", ""], "setup": {"duration": 0.00012852806818282352, "outcome": "passed"}, "call": {"duration": 8.496720624778258e-05, "outcome": "failed", "crash": {"path": "/home/participant301/workspace/experiment/a/exercises/challenge/tests/test_task.py", "lineno": 101, "message": "AssertionError: Expected result but got incorrect value"}, "traceback": [{"path": "exercises/challenge/tests/test_task.py", "lineno": 101, "message": "AssertionError"}], "longrepr": "def test_sudoku_validator_8():\n    # Test implementation\n>   assert result == expected\nE   AssertionError: Expected result but got incorrect value"}, "teardown": {"duration": 0.00013952826884680927, "outcome": "passed"}}]}