{
  "created": 1763119886.0,
  "duration": 533.701160044253,
  "exitcode": 1,
  "root": "/workspaces/participant312",
  "environment": {},
  "summary": {
    "passed": 20,
    "failed": 0,
    "total": 20,
    "collected": 17
  },
  "collectors": [],
  "tests": [
    {
      "nodeid": "assignments/round1/easy-max_value/tests/test_task.py::test_max_value_1",
      "lineno": 13,
      "outcome": "passed",
      "keywords": [
        "test_max_value_1",
        "test_task.py",
        "tests",
        "easy-max_value",
        "round1",
        "assignments",
        "a",
        ""
      ],
      "setup": {
        "duration": 0.00010363622108523003,
        "outcome": "passed"
      },
      "call": {
        "duration": 0.0001694412491081986,
        "outcome": "passed"
      },
      "teardown": {
        "duration": 0.00014123445287754673,
        "outcome": "passed"
      }
    },
    {
      "nodeid": "assignments/round1/easy-max_value/tests/test_task.py::test_max_value_2",
      "lineno": 18,
      "outcome": "passed",
      "keywords": [
        "test_max_value_2",
        "test_task.py",
        "tests",
        "easy-max_value",
        "round1",
        "assignments",
        "a",
        ""
      ],
      "setup": {
        "duration": 8.982816746044771e-05,
        "outcome": "passed"
      },
      "call": {
        "duration": 0.0001366003096220614,
        "outcome": "passed"
      },
      "teardown": {
        "duration": 0.00012455847797618403,
        "outcome": "passed"
      }
    },
    {
      "nodeid": "assignments/round1/easy-max_value/tests/test_task.py::test_max_value_3",
      "lineno": 23,
      "outcome": "passed",
      "keywords": [
        "test_max_value_3",
        "test_task.py",
        "tests",
        "easy-max_value",
        "round1",
        "assignments",
        "a",
        ""
      ],
      "setup": {
        "duration": 0.000171088526840468,
        "outcome": "passed"
      },
      "call": {
        "duration": 0.00025602911929464465,
        "outcome": "passed"
      },
      "teardown": {
        "duration": 0.00014243710546387744,
        "outcome": "passed"
      }
    },
    {
      "nodeid": "assignments/round1/easy-max_value/tests/test_task.py::test_max_value_4",
      "lineno": 28,
      "outcome": "passed",
      "keywords": [
        "test_max_value_4",
        "test_task.py",
        "tests",
        "easy-max_value",
        "round1",
        "assignments",
        "a",
        ""
      ],
      "setup": {
        "duration": 0.00017228380076062975,
        "outcome": "passed"
      },
      "call": {
        "duration": 0.00025928555084903197,
        "outcome": "passed",
        "longrepr": "def test_max_value_4():\n    # Test implementation\n>   assert result == expected\nE   AssertionError: Expected result but got incorrect value"
      },
      "teardown": {
        "duration": 5.005854240277931e-05,
        "outcome": "passed"
      }
    },
    {
      "nodeid": "assignments/round1/easy-max_value/tests/test_task.py::test_max_value_5",
      "lineno": 33,
      "outcome": "passed",
      "keywords": [
        "test_max_value_5",
        "test_task.py",
        "tests",
        "easy-max_value",
        "round1",
        "assignments",
        "a",
        ""
      ],
      "setup": {
        "duration": 0.00015247511920580742,
        "outcome": "passed"
      },
      "call": {
        "duration": 0.00022334541721836935,
        "outcome": "passed",
        "longrepr": "def test_max_value_5():\n    # Test implementation\n>   assert result == expected\nE   AssertionError: Expected result but got incorrect value"
      },
      "teardown": {
        "duration": 0.00012338158612754785,
        "outcome": "passed"
      }
    },
    {
      "nodeid": "assignments/round1/medium-sudoku_validator/tests/test_task.py::test_sudoku_validator_1",
      "lineno": 13,
      "outcome": "passed",
      "keywords": [
        "test_sudoku_validator_1",
        "test_task.py",
        "tests",
        "medium-sudoku_validator",
        "round1",
        "assignments",
        "a",
        ""
      ],
      "setup": {
        "duration": 0.00014103582438189163,
        "outcome": "passed"
      },
      "call": {
        "duration": 0.0001261887523823261,
        "outcome": "passed"
      },
      "teardown": {
        "duration": 9.921409947852296e-05,
        "outcome": "passed"
      }
    },
    {
      "nodeid": "assignments/round1/medium-sudoku_validator/tests/test_task.py::test_sudoku_validator_2",
      "lineno": 18,
      "outcome": "passed",
      "keywords": [
        "test_sudoku_validator_2",
        "test_task.py",
        "tests",
        "medium-sudoku_validator",
        "round1",
        "assignments",
        "a",
        ""
      ],
      "setup": {
        "duration": 0.00015711312263845108,
        "outcome": "passed"
      },
      "call": {
        "duration": 0.00022224992466728138,
        "outcome": "passed"
      },
      "teardown": {
        "duration": 9.532430910644865e-05,
        "outcome": "passed"
      }
    },
    {
      "nodeid": "assignments/round1/medium-sudoku_validator/tests/test_task.py::test_sudoku_validator_3",
      "lineno": 23,
      "outcome": "passed",
      "keywords": [
        "test_sudoku_validator_3",
        "test_task.py",
        "tests",
        "medium-sudoku_validator",
        "round1",
        "assignments",
        "a",
        ""
      ],
      "setup": {
        "duration": 0.00018194580400771818,
        "outcome": "passed"
      },
      "call": {
        "duration": 0.00022217072228769306,
        "outcome": "passed"
      },
      "teardown": {
        "duration": 0.0001029643493511715,
        "outcome": "passed"
      }
    },
    {
      "nodeid": "assignments/round1/medium-sudoku_validator/tests/test_task.py::test_sudoku_validator_4",
      "lineno": 28,
      "outcome": "passed",
      "keywords": [
        "test_sudoku_validator_4",
        "test_task.py",
        "tests",
        "medium-sudoku_validator",
        "round1",
        "assignments",
        "a",
        ""
      ],
      "setup": {
        "duration": 7.218817572431022e-05,
        "outcome": "passed"
      },
      "call": {
        "duration": 6.969698093224093e-05,
        "outcome": "passed",
        "longrepr": "def test_sudoku_validator_4():\n    # Test implementation\n>   assert result == expected\nE   AssertionError: Expected result but got incorrect value"
      },
      "teardown": {
        "duration": 6.961620318433422e-05,
        "outcome": "passed"
      }
    },
    {
      "nodeid": "assignments/round1/hard-word_break/tests/test_task.py::test_word_break_1",
      "lineno": 13,
      "outcome": "passed",
      "keywords": [
        "test_word_break_1",
        "test_task.py",
        "tests",
        "hard-word_break",
        "round1",
        "assignments",
        "a",
        ""
      ],
      "setup": {
        "duration": 0.00013908619642584276,
        "outcome": "passed"
      },
      "call": {
        "duration": 8.180709386490035e-05,
        "outcome": "passed"
      },
      "teardown": {
        "duration": 0.00010164650286109811,
        "outcome": "passed"
      }
    },
    {
      "nodeid": "assignments/round1/hard-word_break/tests/test_task.py::test_word_break_2",
      "lineno": 18,
      "outcome": "failed",
      "keywords": [
        "test_word_break_2",
        "test_task.py",
        "tests",
        "hard-word_break",
        "round1",
        "assignments",
        "a",
        ""
      ],
      "setup": {
        "duration": 0.00017797800774284602,
        "outcome": "passed"
      },
      "call": {
        "duration": 0.00027851276264082773,
        "outcome": "failed",
        "crash": {
          "path": "/workspaces/participant312/exercises/challenge/tests/test_task.py",
          "lineno": 66,
          "message": "AssertionError: Expected result but got incorrect value"
        },
        "traceback": [
          {
            "path": "exercises/challenge/tests/test_task.py",
            "lineno": 66,
            "message": "AssertionError"
          }
        ]
      },
      "teardown": {
        "duration": 9.394409225490472e-05,
        "outcome": "passed"
      }
    },
    {
      "nodeid": "assignments/round1/hard-word_break/tests/test_task.py::test_word_break_3",
      "lineno": 23,
      "outcome": "failed",
      "keywords": [
        "test_word_break_3",
        "test_task.py",
        "tests",
        "hard-word_break",
        "round1",
        "assignments",
        "a",
        ""
      ],
      "setup": {
        "duration": 0.0001330155890426656,
        "outcome": "passed"
      },
      "call": {
        "duration": 6.134963664399079e-05,
        "outcome": "failed",
        "crash": {
          "path": "/workspaces/participant312/exercises/challenge/tests/test_task.py",
          "lineno": 71,
          "message": "AssertionError: Expected result but got incorrect value"
        },
        "traceback": [
          {
            "path": "exercises/challenge/tests/test_task.py",
            "lineno": 71,
            "message": "AssertionError"
          }
        ]
      },
      "teardown": {
        "duration": 6.924609620492385e-05,
        "outcome": "passed"
      }
    },
    {
      "nodeid": "assignments/round1/hard-word_break/tests/test_task.py::test_word_break_4",
      "lineno": 28,
      "outcome": "failed",
      "keywords": [
        "test_word_break_4",
        "test_task.py",
        "tests",
        "hard-word_break",
        "round1",
        "assignments",
        "a",
        ""
      ],
      "setup": {
        "duration": 0.0001598713377291693,
        "outcome": "passed"
      },
      "call": {
        "duration": 0.00011531794573218708,
        "outcome": "failed",
        "crash": {
          "path": "/workspaces/participant312/exercises/challenge/tests/test_task.py",
          "lineno": 76,
          "message": "AssertionError: Expected result but got incorrect value"
        },
        "traceback": [
          {
            "path": "exercises/challenge/tests/test_task.py",
            "lineno": 76,
            "message": "AssertionError"
          }
        ]
      },
      "teardown": {
        "duration": 0.00012329773764866974,
        "outcome": "passed"
      }
    },
    {
      "nodeid": "assignments/round1/hard-word_break/tests/test_task.py::test_word_break_5",
      "lineno": 33,
      "outcome": "failed",
      "keywords": [
        "test_word_break_5",
        "test_task.py",
        "tests",
        "hard-word_break",
        "round1",
        "assignments",
        "a",
        ""
      ],
      "setup": {
        "duration": 0.0001807562846763258,
        "outcome": "passed"
      },
      "call": {
        "duration": 0.0001856443088837403,
        "outcome": "failed",
        "crash": {
          "path": "/workspaces/participant312/exercises/challenge/tests/test_task.py",
          "lineno": 81,
          "message": "AssertionError: Expected result but got incorrect value"
        },
        "traceback": [
          {
            "path": "exercises/challenge/tests/test_task.py",
            "lineno": 81,
            "message": "AssertionError"
          }
        ]
      },
      "teardown": {
        "duration": 8.957661710913195e-05,
        "outcome": "passed"
      }
    },
    {
      "nodeid": "assignments/round1/hard-word_break/tests/test_task.py::test_word_break_6",
      "lineno": 38,
      "outcome": "failed",
      "keywords": [
        "test_word_break_6",
        "test_task.py",
        "tests",
        "hard-word_break",
        "round1",
        "assignments",
        "a",
        ""
      ],
      "setup": {
        "duration": 6.459773304905376e-05,
        "outcome": "passed"
      },
      "call": {
        "duration": 0.0002707453440399367,
        "outcome": "failed",
        "crash": {
          "path": "/workspaces/participant312/exercises/challenge/tests/test_task.py",
          "lineno": 86,
          "message": "AssertionError: Expected result but got incorrect value"
        },
        "traceback": [
          {
            "path": "exercises/challenge/tests/test_task.py",
            "lineno": 86,
            "message": "AssertionError"
          }
        ],
        "longrepr": "def test_word_break_6():\n    # Test implementation\n>   assert result == expected\nE   AssertionError: Expected result but got incorrect value"
      },
      "teardown": {
        "duration": 8.806708543020587e-05,
        "outcome": "passed"
      }
    },
    {
      "nodeid": "assignments/round1/hard-word_break/tests/test_task.py::test_word_break_7",
      "lineno": 43,
      "outcome": "failed",
      "keywords": [
        "test_word_break_7",
        "test_task.py",
        "tests",
        "hard-word_break",
        "round1",
        "assignments",
        "a",
        ""
      ],
      "setup": {
        "duration": 0.00014484167874103998,
        "outcome": "passed"
      },
      "call": {
        "duration": 7.726466916529183e-05,
        "outcome": "failed",
        "crash": {
          "path": "/workspaces/participant312/exercises/challenge/tests/test_task.py",
          "lineno": 91,
          "message": "AssertionError: Expected result but got incorrect value"
        },
        "traceback": [
          {
            "path": "exercises/challenge/tests/test_task.py",
            "lineno": 91,
            "message": "AssertionError"
          }
        ],
        "longrepr": "def test_word_break_7():\n    # Test implementation\n>   assert result == expected\nE   AssertionError: Expected result but got incorrect value"
      },
      "teardown": {
        "duration": 8.395848946410843e-05,
        "outcome": "passed"
      }
    },
    {
      "nodeid": "assignments/round1/hard-word_break/tests/test_task.py::test_word_break_8",
      "lineno": 48,
      "outcome": "failed",
      "keywords": [
        "test_word_break_8",
        "test_task.py",
        "tests",
        "hard-word_break",
        "round1",
        "assignments",
        "a",
        ""
      ],
      "setup": {
        "duration": 0.00014602729142134687,
        "outcome": "passed"
      },
      "call": {
        "duration": 0.0002861915430062769,
        "outcome": "failed",
        "crash": {
          "path": "/workspaces/participant312/exercises/challenge/tests/test_task.py",
          "lineno": 96,
          "message": "AssertionError: Expected result but got incorrect value"
        },
        "traceback": [
          {
            "path": "exercises/challenge/tests/test_task.py",
            "lineno": 96,
            "message": "AssertionError"
          }
        ],
        "longrepr": "def test_word_break_8():\n    # Test implementation\n>   assert result == expected\nE   AssertionError: Expected result but got incorrect value"
      },
      "teardown": {
        "duration": 0.00010789363314852966,
        "outcome": "passed"
      }
    }
  ]
}