{
  "created": 1763119097.0,
  "duration": 394.5829789767264,
  "exitcode": 1,
  "root": "/home/participant314/workspace/experiment/a",
  "environment": {},
  "summary": {
    "passed": 4,
    "failed": 16,
    "total": 20,
    "collected": 20
  },
  "collectors": [],
  "tests": [
    {
      "nodeid": "assignments/round1/easy-turtle_triangle/tests/test_task.py::test_turtle_triangle_1",
      "lineno": 13,
      "outcome": "passed",
      "keywords": [
        "test_turtle_triangle_1",
        "test_task.py",
        "tests",
        "easy-turtle_triangle",
        "round1",
        "assignments",
        "a",
        ""
      ],
      "setup": {
        "duration": 0.00017386052179233557,
        "outcome": "passed"
      },
      "call": {
        "duration": 0.00012914051175994809,
        "outcome": "passed"
      },
      "teardown": {
        "duration": 0.00010181718823199769,
        "outcome": "passed"
      }
    },
    {
      "nodeid": "assignments/round1/easy-turtle_triangle/tests/test_task.py::test_turtle_triangle_2",
      "lineno": 18,
      "outcome": "passed",
      "keywords": [
        "test_turtle_triangle_2",
        "test_task.py",
        "tests",
        "easy-turtle_triangle",
        "round1",
        "assignments",
        "a",
        ""
      ],
      "setup": {
        "duration": 6.578187764080149e-05,
        "outcome": "passed"
      },
      "call": {
        "duration": 0.0002016458932937813,
        "outcome": "passed"
      },
      "teardown": {
        "duration": 0.000141268861837976,
        "outcome": "passed"
      }
    },
    {
      "nodeid": "assignments/round1/easy-turtle_triangle/tests/test_task.py::test_turtle_triangle_3",
      "lineno": 23,
      "outcome": "passed",
      "keywords": [
        "test_turtle_triangle_3",
        "test_task.py",
        "tests",
        "easy-turtle_triangle",
        "round1",
        "assignments",
        "a",
        ""
      ],
      "setup": {
        "duration": 0.00019348225368795143,
        "outcome": "passed"
      },
      "call": {
        "duration": 0.00013386548364439075,
        "outcome": "passed",
        "longrepr": "def test_turtle_triangle_3():\n    # Test implementation\n>   assert result == expected\nE   AssertionError: Expected result but got incorrect value"
      },
      "teardown": {
        "duration": 7.122698757823701e-05,
        "outcome": "passed"
      }
    },
    {
      "nodeid": "assignments/round1/easy-turtle_triangle/tests/test_task.py::test_turtle_triangle_4",
      "lineno": 28,
      "outcome": "passed",
      "keywords": [
        "test_turtle_triangle_4",
        "test_task.py",
        "tests",
        "easy-turtle_triangle",
        "round1",
        "assignments",
        "a",
        ""
      ],
      "setup": {
        "duration": 0.0001601759814166832,
        "outcome": "passed"
      },
      "call": {
        "duration": 0.00028742401914932497,
        "outcome": "passed",
        "longrepr": "def test_turtle_triangle_4():\n    # Test implementation\n>   assert result == expected\nE   AssertionError: Expected result but got incorrect value"
      },
      "teardown": {
        "duration": 8.198154190191599e-05,
        "outcome": "passed"
      }
    },
    {
      "nodeid": "assignments/round1/hard-word_break/tests/test_task.py::test_word_break_1",
      "lineno": 13,
      "outcome": "passed",
      "keywords": [
        "test_word_break_1",
        "test_task.py",
        "tests",
        "hard-word_break",
        "round1",
        "assignments",
        "a",
        ""
      ],
      "setup": {
        "duration": 0.00015146828873741165,
        "outcome": "passed"
      },
      "call": {
        "duration": 0.00026974610465304926,
        "outcome": "passed"
      },
      "teardown": {
        "duration": 0.00011527466911602377,
        "outcome": "passed"
      }
    },
    {
      "nodeid": "assignments/round1/hard-word_break/tests/test_task.py::test_word_break_2",
      "lineno": 18,
      "outcome": "passed",
      "keywords": [
        "test_word_break_2",
        "test_task.py",
        "tests",
        "hard-word_break",
        "round1",
        "assignments",
        "a",
        ""
      ],
      "setup": {
        "duration": 0.00015122475699654768,
        "outcome": "passed"
      },
      "call": {
        "duration": 0.0002409025640398308,
        "outcome": "passed"
      },
      "teardown": {
        "duration": 0.00011354914315625574,
        "outcome": "passed"
      }
    },
    {
      "nodeid": "assignments/round1/hard-word_break/tests/test_task.py::test_word_break_3",
      "lineno": 23,
      "outcome": "passed",
      "keywords": [
        "test_word_break_3",
        "test_task.py",
        "tests",
        "hard-word_break",
        "round1",
        "assignments",
        "a",
        ""
      ],
      "setup": {
        "duration": 6.888138329482033e-05,
        "outcome": "passed"
      },
      "call": {
        "duration": 0.00013464716646105238,
        "outcome": "passed"
      },
      "teardown": {
        "duration": 5.8459040763026435e-05,
        "outcome": "passed"
      }
    },
    {
      "nodeid": "assignments/round1/hard-word_break/tests/test_task.py::test_word_break_4",
      "lineno": 28,
      "outcome": "passed",
      "keywords": [
        "test_word_break_4",
        "test_task.py",
        "tests",
        "hard-word_break",
        "round1",
        "assignments",
        "a",
        ""
      ],
      "setup": {
        "duration": 7.396586007839384e-05,
        "outcome": "passed"
      },
      "call": {
        "duration": 0.0002121257878869098,
        "outcome": "passed"
      },
      "teardown": {
        "duration": 0.00012888326383724214,
        "outcome": "passed"
      }
    },
    {
      "nodeid": "assignments/round1/hard-word_break/tests/test_task.py::test_word_break_5",
      "lineno": 33,
      "outcome": "failed",
      "keywords": [
        "test_word_break_5",
        "test_task.py",
        "tests",
        "hard-word_break",
        "round1",
        "assignments",
        "a",
        ""
      ],
      "setup": {
        "duration": 0.00019565668987273652,
        "outcome": "passed"
      },
      "call": {
        "duration": 0.00011536689840288677,
        "outcome": "failed",
        "crash": {
          "path": "/home/participant314/workspace/experiment/a/exercises/challenge/tests/test_task.py",
          "lineno": 56,
          "message": "AssertionError: Expected result but got incorrect value"
        },
        "traceback": [
          {
            "path": "exercises/challenge/tests/test_task.py",
            "lineno": 56,
            "message": "AssertionError"
          }
        ]
      },
      "teardown": {
        "duration": 5.397346516057706e-05,
        "outcome": "passed"
      }
    },
    {
      "nodeid": "assignments/round1/hard-word_break/tests/test_task.py::test_word_break_6",
      "lineno": 38,
      "outcome": "failed",
      "keywords": [
        "test_word_break_6",
        "test_task.py",
        "tests",
        "hard-word_break",
        "round1",
        "assignments",
        "a",
        ""
      ],
      "setup": {
        "duration": 6.466530820517506e-05,
        "outcome": "passed"
      },
      "call": {
        "duration": 0.0001363671161261334,
        "outcome": "failed",
        "longrepr": "def test_word_break_6():\n    # Test implementation\n>   assert result == expected\nE   AssertionError: Expected result but got incorrect value",
        "crash": {
          "path": "/home/participant314/workspace/experiment/a/exercises/challenge/tests/test_task.py",
          "lineno": 61,
          "message": "AssertionError: Expected result but got incorrect value"
        },
        "traceback": [
          {
            "path": "exercises/challenge/tests/test_task.py",
            "lineno": 61,
            "message": "AssertionError"
          }
        ]
      },
      "teardown": {
        "duration": 0.00012022253017580513,
        "outcome": "passed"
      }
    },
    {
      "nodeid": "assignments/round1/hard-word_break/tests/test_task.py::test_word_break_7",
      "lineno": 43,
      "outcome": "failed",
      "keywords": [
        "test_word_break_7",
        "test_task.py",
        "tests",
        "hard-word_break",
        "round1",
        "assignments",
        "a",
        ""
      ],
      "setup": {
        "duration": 0.00013104157587273172,
        "outcome": "passed"
      },
      "call": {
        "duration": 0.00011545095419447131,
        "outcome": "failed",
        "longrepr": "def test_word_break_7():\n    # Test implementation\n>   assert result == expected\nE   AssertionError: Expected result but got incorrect value",
        "crash": {
          "path": "/home/participant314/workspace/experiment/a/exercises/challenge/tests/test_task.py",
          "lineno": 66,
          "message": "AssertionError: Expected result but got incorrect value"
        },
        "traceback": [
          {
            "path": "exercises/challenge/tests/test_task.py",
            "lineno": 66,
            "message": "AssertionError"
          }
        ]
      },
      "teardown": {
        "duration": 9.651425106683688e-05,
        "outcome": "passed"
      }
    },
    {
      "nodeid": "assignments/round1/hard-word_break/tests/test_task.py::test_word_break_8",
      "lineno": 48,
      "outcome": "failed",
      "keywords": [
        "test_word_break_8",
        "test_task.py",
        "tests",
        "hard-word_break",
        "round1",
        "assignments",
        "a",
        ""
      ],
      "setup": {
        "duration": 0.00019038287178299305,
        "outcome": "passed"
      },
      "call": {
        "duration": 0.00010936505647458981,
        "outcome": "failed",
        "longrepr": "def test_word_break_8():\n    # Test implementation\n>   assert result == expected\nE   AssertionError: Expected result but got incorrect value",
        "crash": {
          "path": "/home/participant314/workspace/experiment/a/exercises/challenge/tests/test_task.py",
          "lineno": 71,
          "message": "AssertionError: Expected result but got incorrect value"
        },
        "traceback": [
          {
            "path": "exercises/challenge/tests/test_task.py",
            "lineno": 71,
            "message": "AssertionError"
          }
        ]
      },
      "teardown": {
        "duration": 0.00014024218806397697,
        "outcome": "passed"
      }
    },
    {
      "nodeid": "assignments/round1/medium-palindrome/tests/test_task.py::test_palindrome_1",
      "lineno": 13,
      "outcome": "failed",
      "keywords": [
        "test_palindrome_1",
        "test_task.py",
        "tests",
        "medium-palindrome",
        "round1",
        "assignments",
        "a",
        ""
      ],
      "setup": {
        "duration": 7.085547013739497e-05,
        "outcome": "passed"
      },
      "call": {
        "duration": 0.00012510007109567812,
        "outcome": "failed",
        "crash": {
          "path": "/home/participant314/workspace/experiment/a/exercises/challenge/tests/test_task.py",
          "lineno": 76,
          "message": "AssertionError: Expected result but got incorrect value"
        },
        "traceback": [
          {
            "path": "exercises/challenge/tests/test_task.py",
            "lineno": 76,
            "message": "AssertionError"
          }
        ]
      },
      "teardown": {
        "duration": 0.00011503663250850816,
        "outcome": "passed"
      }
    },
    {
      "nodeid": "assignments/round1/medium-palindrome/tests/test_task.py::test_palindrome_2",
      "lineno": 18,
      "outcome": "failed",
      "keywords": [
        "test_palindrome_2",
        "test_task.py",
        "tests",
        "medium-palindrome",
        "round1",
        "assignments",
        "a",
        ""
      ],
      "setup": {
        "duration": 8.78222072185972e-05,
        "outcome": "passed"
      },
      "call": {
        "duration": 0.00019011143169079425,
        "outcome": "failed",
        "crash": {
          "path": "/home/participant314/workspace/experiment/a/exercises/challenge/tests/test_task.py",
          "lineno": 81,
          "message": "AssertionError: Expected result but got incorrect value"
        },
        "traceback": [
          {
            "path": "exercises/challenge/tests/test_task.py",
            "lineno": 81,
            "message": "AssertionError"
          }
        ]
      },
      "teardown": {
        "duration": 9.165208699601975e-05,
        "outcome": "passed"
      }
    },
    {
      "nodeid": "assignments/round1/medium-palindrome/tests/test_task.py::test_palindrome_3",
      "lineno": 23,
      "outcome": "failed",
      "keywords": [
        "test_palindrome_3",
        "test_task.py",
        "tests",
        "medium-palindrome",
        "round1",
        "assignments",
        "a",
        ""
      ],
      "setup": {
        "duration": 9.743384878961069e-05,
        "outcome": "passed"
      },
      "call": {
        "duration": 0.00014196921514916312,
        "outcome": "failed",
        "crash": {
          "path": "/home/participant314/workspace/experiment/a/exercises/challenge/tests/test_task.py",
          "lineno": 86,
          "message": "AssertionError: Expected result but got incorrect value"
        },
        "traceback": [
          {
            "path": "exercises/challenge/tests/test_task.py",
            "lineno": 86,
            "message": "AssertionError"
          }
        ]
      },
      "teardown": {
        "duration": 0.0001432697765601069,
        "outcome": "passed"
      }
    },
    {
      "nodeid": "assignments/round1/medium-palindrome/tests/test_task.py::test_palindrome_4",
      "lineno": 28,
      "outcome": "failed",
      "keywords": [
        "test_palindrome_4",
        "test_task.py",
        "tests",
        "medium-palindrome",
        "round1",
        "assignments",
        "a",
        ""
      ],
      "setup": {
        "duration": 0.00019858833702592895,
        "outcome": "passed"
      },
      "call": {
        "duration": 0.00022429706919354375,
        "outcome": "failed",
        "crash": {
          "path": "/home/participant314/workspace/experiment/a/exercises/challenge/tests/test_task.py",
          "lineno": 91,
          "message": "AssertionError: Expected result but got incorrect value"
        },
        "traceback": [
          {
            "path": "exercises/challenge/tests/test_task.py",
            "lineno": 91,
            "message": "AssertionError"
          }
        ]
      },
      "teardown": {
        "duration": 5.8338090281524135e-05,
        "outcome": "passed"
      }
    },
    {
      "nodeid": "assignments/round1/medium-palindrome/tests/test_task.py::test_palindrome_5",
      "lineno": 33,
      "outcome": "failed",
      "keywords": [
        "test_palindrome_5",
        "test_task.py",
        "tests",
        "medium-palindrome",
        "round1",
        "assignments",
        "a",
        ""
      ],
      "setup": {
        "duration": 0.0001515885820050589,
        "outcome": "passed"
      },
      "call": {
        "duration": 0.0002271502861089484,
        "outcome": "failed",
        "longrepr": "def test_palindrome_5():\n    # Test implementation\n>   assert result == expected\nE   AssertionError: Expected result but got incorrect value",
        "crash": {
          "path": "/home/participant314/workspace/experiment/a/exercises/challenge/tests/test_task.py",
          "lineno": 96,
          "message": "AssertionError: Expected result but got incorrect value"
        },
        "traceback": [
          {
            "path": "exercises/challenge/tests/test_task.py",
            "lineno": 96,
            "message": "AssertionError"
          }
        ]
      },
      "teardown": {
        "duration": 9.881006932923532e-05,
        "outcome": "passed"
      }
    },
    {
      "nodeid": "assignments/round1/medium-palindrome/tests/test_task.py::test_palindrome_6",
      "lineno": 38,
      "outcome": "failed",
      "keywords": [
        "test_palindrome_6",
        "test_task.py",
        "tests",
        "medium-palindrome",
        "round1",
        "assignments",
        "a",
        ""
      ],
      "setup": {
        "duration": 6.007488670668586e-05,
        "outcome": "passed"
      },
      "call": {
        "duration": 0.00020518514365067998,
        "outcome": "failed",
        "longrepr": "def test_palindrome_6():\n    # Test implementation\n>   assert result == expected\nE   AssertionError: Expected result but got incorrect value",
        "crash": {
          "path": "/home/participant314/workspace/experiment/a/exercises/challenge/tests/test_task.py",
          "lineno": 101,
          "message": "AssertionError: Expected result but got incorrect value"
        },
        "traceback": [
          {
            "path": "exercises/challenge/tests/test_task.py",
            "lineno": 101,
            "message": "AssertionError"
          }
        ]
      },
      "teardown": {
        "duration": 0.00012005738785118188,
        "outcome": "passed"
      }
    },
    {
      "nodeid": "assignments/round1/medium-palindrome/tests/test_task.py::test_palindrome_7",
      "lineno": 43,
      "outcome": "failed",
      "keywords": [
        "test_palindrome_7",
        "test_task.py",
        "tests",
        "medium-palindrome",
        "round1",
        "assignments",
        "a",
        ""
      ],
      "setup": {
        "duration": 0.0001945393678560993,
        "outcome": "passed"
      },
      "call": {
        "duration": 0.0002477485759074954,
        "outcome": "failed",
        "crash": {
          "path": "/home/participant314/workspace/experiment/a/exercises/challenge/tests/test_task.py",
          "lineno": 106,
          "message": "AssertionError: Expected result but got incorrect value"
        },
        "traceback": [
          {
            "path": "exercises/challenge/tests/test_task.py",
            "lineno": 106,
            "message": "AssertionError"
          }
        ],
        "longrepr": "def test_palindrome_7():\n    # Test implementation\n>   assert result == expected\nE   AssertionError: Expected result but got incorrect value"
      },
      "teardown": {
        "duration": 7.914921426950352e-05,
        "outcome": "passed"
      }
    },
    {
      "nodeid": "assignments/round1/medium-palindrome/tests/test_task.py::test_palindrome_8",
      "lineno": 48,
      "outcome": "failed",
      "keywords": [
        "test_palindrome_8",
        "test_task.py",
        "tests",
        "medium-palindrome",
        "round1",
        "assignments",
        "a",
        ""
      ],
      "setup": {
        "duration": 0.0001481207390264546,
        "outcome": "passed"
      },
      "call": {
        "duration": 0.00012492601382226525,
        "outcome": "failed",
        "crash": {
          "path": "/home/participant314/workspace/experiment/a/exercises/challenge/tests/test_task.py",
          "lineno": 111,
          "message": "AssertionError: Expected result but got incorrect value"
        },
        "traceback": [
          {
            "path": "exercises/challenge/tests/test_task.py",
            "lineno": 111,
            "message": "AssertionError"
          }
        ],
        "longrepr": "def test_palindrome_8():\n    # Test implementation\n>   assert result == expected\nE   AssertionError: Expected result but got incorrect value"
      },
      "teardown": {
        "duration": 5.9973369371341554e-05,
        "outcome": "passed"
      }
    }
  ]
}