{"created": 1763119961.0, "duration": 389.4293818527779, "exitcode": 1, "root": "/home/participant304/workspace/experiment/a", "environment": {}, "summary": {"passed": 7, "failed": 2, "total": 9, "collected": 9}, "collectors": [], "tests": [{"nodeid": "assignments/round1/easy-max_value/tests/test_task.py::test_max_value_1", "lineno": 13, "outcome": "passed", "keywords": ["test_max_value_1", "test_task.py", "tests", "easy-max_value", "round1", "assignments", "a", ""], "setup": {"duration": 0.00012346536717885913, "outcome": "passed"}, "call": {"duration": 0.00011216649284251923, "outcome": "passed"}, "teardown": {"duration": 8.716880370819357e-05, "outcome": "passed"}}, {"nodeid": "assignments/round1/easy-max_value/tests/test_task.py::test_max_value_2", "lineno": 18, "outcome": "passed", "keywords": ["test_max_value_2", "test_task.py", "tests", "easy-max_value", "round1", "assignments", "a", ""], "setup": {"duration": 0.00015724939628735133, "outcome": "passed"}, "call": {"duration": 0.00010587049825765431, "outcome": "passed", "longrepr": "def test_max_value_2():\n    # Test implementation\n>   assert result == expected\nE   AssertionError: Expected result but got incorrect value"}, "teardown": {"duration": 0.00011179876636850197, "outcome": "passed"}}, {"nodeid": "assignments/round1/easy-max_value/tests/test_task.py::test_max_value_3", "lineno": 23, "outcome": "passed", "keywords": ["test_max_value_3", "test_task.py", "tests", "easy-max_value", "round1", "assignments", "a", ""], "setup": {"duration": 0.00011018768535258434, "outcome": "passed"}, "call": {"duration": 0.0002965649531089273, "outcome": "passed", "longrepr": "def test_max_value_3():\n    # Test implementation\n>   assert result == expected\nE   AssertionError: Expected result but got incorrect value"}, "teardown": {"duration": 6.572109121901611e-05, "outcome": "passed"}}, {"nodeid": "assignments/round1/easy-max_value/tests/test_task.py::test_max_value_4", "lineno": 28, "outcome": "passed", "keywords": ["test_max_value_4", "test_task.py", "tests", "easy-max_value", "round1", "assignments", "a", ""], "setup": {"duration": 9.263623062091532e-05, "outcome": "passed"}, "call": {"duration": 0.0002908454706244365, "outcome": "passed", "longrepr": "def test_max_value_4():\n    # Test implementation\n>   assert result == expected\nE   AssertionError: Expected result but got incorrect value"}, "teardown": {"duration": 5.5679534923829e-05, "outcome": "passed"}}, {"nodeid": "assignments/round1/hard-quicksort/tests/test_task.py::test_quicksort_1", "lineno": 13, "outcome": "passed", "keywords": ["test_quicksort_1", "test_task.py", "tests", "hard-quicksort", "round1", "assignments", "a", ""], "setup": {"duration": 0.00011451558319608548, "outcome": "passed"}, "call": {"duration": 8.166324582335613e-05, "outcome": "passed"}, "teardown": {"duration": 5.319783413397237e-05, "outcome": "passed"}}, {"nodeid": "assignments/round1/hard-quicksort/tests/test_task.py::test_quicksort_2", "lineno": 18, "outcome": "passed", "keywords": ["test_quicksort_2", "test_task.py", "tests", "hard-quicksort", "round1", "assignments", "a", ""], "setup": {"duration": 0.0001895264936114696, "outcome": "passed"}, "call": {"duration": 8.410724299826193e-05, "outcome": "passed"}, "teardown": {"duration": 6.855019613102002e-05, "outcome": "passed"}}, {"nodeid": "assignments/round1/hard-quicksort/tests/test_task.py::test_quicksort_3", "lineno": 23, "outcome": "passed", "keywords": ["test_quicksort_3", "test_task.py", "tests", "hard-quicksort", "round1", "assignments", "a", ""], "setup": {"duration": 5.236614816269258e-05, "outcome": "passed"}, "call": {"duration": 0.00012883666016048803, "outcome": "passed"}, "teardown": {"duration": 0.00013194025800835282, "outcome": "passed"}}, {"nodeid": "assignments/round1/hard-quicksort/tests/test_task.py::test_quicksort_4", "lineno": 28, "outcome": "failed", "keywords": ["test_quicksort_4", "test_task.py", "tests", "hard-quicksort", "round1", "assignments", "a", ""], "setup": {"duration": 9.746731728751467e-05, "outcome": "passed"}, "call": {"duration": 0.00011842273764756692, "outcome": "failed", "crash": {"path": "/home/participant304/workspace/experiment/a/exercises/challenge/tests/test_task.py", "lineno": 51, "message": "AssertionError: Expected result but got incorrect value"}, "traceback": [{"path": "exercises/challenge/tests/test_task.py", "lineno": 51, "message": "AssertionError"}], "longrepr": "def test_quicksort_4():\n    # Test implementation\n>   assert result == expected\nE   AssertionError: Expected result but got incorrect value"}, "teardown": {"duration": 6.51630701767566e-05, "outcome": "passed"}}, {"nodeid": "assignments/round1/hard-quicksort/tests/test_task.py::test_quicksort_5", "lineno": 33, "outcome": "failed", "keywords": ["test_quicksort_5", "test_task.py", "tests", "hard-quicksort", "round1", "assignments", "a", ""], "setup": {"duration": 0.0001049969738814573, "outcome": "passed"}, "call": {"duration": 0.00017873494168722294, "outcome": "failed", "crash": {"path": "/home/participant304/workspace/experiment/a/exercises/challenge/tests/test_task.py", "lineno": 56, "message": "AssertionError: Expected result but got incorrect value"}, "traceback": [{"path": "exercises/challenge/tests/test_task.py", "lineno": 56, "message": "AssertionError"}], "longrepr": "def test_quicksort_5():\n    # Test implementation\n>   assert result == expected\nE   AssertionError: Expected result but got incorrect value"}, "teardown": {"duration": 0.00011983599155138944, "outcome": "passed"}}]}