{
  "created": 1763119797.0,
  "duration": 523.435622500488,
  "exitcode": 1,
  "root": "/workspaces/participant319",
  "environment": {},
  "summary": {
    "passed": 20,
    "failed": 0,
    "total": 20,
    "collected": 13
  },
  "collectors": [],
  "tests": [
    {
      "nodeid": "assignments/round1/easy-sum_even/tests/test_task.py::test_sum_even_1",
      "lineno": 13,
      "outcome": "passed",
      "keywords": [
        "test_sum_even_1",
        "test_task.py",
        "tests",
        "easy-sum_even",
        "round1",
        "assignments",
        "a",
        ""
      ],
      "setup": {
        "duration": 0.00010765242288704495,
        "outcome": "passed"
      },
      "call": {
        "duration": 0.00026364176046121804,
        "outcome": "passed"
      },
      "teardown": {
        "duration": 0.00014323576007361423,
        "outcome": "passed"
      }
    },
    {
      "nodeid": "assignments/round1/easy-sum_even/tests/test_task.py::test_sum_even_2",
      "lineno": 18,
      "outcome": "passed",
      "keywords": [
        "test_sum_even_2",
        "test_task.py",
        "tests",
        "easy-sum_even",
        "round1",
        "assignments",
        "a",
        ""
      ],
      "setup": {
        "duration": 0.00014999047479089282,
        "outcome": "passed"
      },
      "call": {
        "duration": 0.00023798541181865328,
        "outcome": "passed"
      },
      "teardown": {
        "duration": 8.351738113173139e-05,
        "outcome": "passed"
      }
    },
    {
      "nodeid": "assignments/round1/easy-sum_even/tests/test_task.py::test_sum_even_3",
      "lineno": 23,
      "outcome": "passed",
      "keywords": [
        "test_sum_even_3",
        "test_task.py",
        "tests",
        "easy-sum_even",
        "round1",
        "assignments",
        "a",
        ""
      ],
      "setup": {
        "duration": 0.00015043142264152683,
        "outcome": "passed"
      },
      "call": {
        "duration": 7.869161382167305e-05,
        "outcome": "passed"
      },
      "teardown": {
        "duration": 9.75701253255432e-05,
        "outcome": "passed"
      }
    },
    {
      "nodeid": "assignments/round1/easy-sum_even/tests/test_task.py::test_sum_even_4",
      "lineno": 28,
      "outcome": "passed",
      "keywords": [
        "test_sum_even_4",
        "test_task.py",
        "tests",
        "easy-sum_even",
        "round1",
        "assignments",
        "a",
        ""
      ],
      "setup": {
        "duration": 0.00017264791406220294,
        "outcome": "passed"
      },
      "call": {
        "duration": 0.0002023806254351217,
        "outcome": "passed",
        "longrepr": "def test_sum_even_4():\n    # Test implementation\n>   assert result == expected\nE   AssertionError: Expected result but got incorrect value"
      },
      "teardown": {
        "duration": 8.292322778099127e-05,
        "outcome": "passed"
      }
    },
    {
      "nodeid": "assignments/round1/easy-max_value/tests/test_task.py::test_max_value_1",
      "lineno": 13,
      "outcome": "passed",
      "keywords": [
        "test_max_value_1",
        "test_task.py",
        "tests",
        "easy-max_value",
        "round1",
        "assignments",
        "a",
        ""
      ],
      "setup": {
        "duration": 8.9084915763578e-05,
        "outcome": "passed"
      },
      "call": {
        "duration": 0.0002978438065997817,
        "outcome": "passed"
      },
      "teardown": {
        "duration": 0.00014102154219874442,
        "outcome": "passed"
      }
    },
    {
      "nodeid": "assignments/round1/easy-max_value/tests/test_task.py::test_max_value_2",
      "lineno": 18,
      "outcome": "passed",
      "keywords": [
        "test_max_value_2",
        "test_task.py",
        "tests",
        "easy-max_value",
        "round1",
        "assignments",
        "a",
        ""
      ],
      "setup": {
        "duration": 0.00010093534850221482,
        "outcome": "passed"
      },
      "call": {
        "duration": 0.00013567524073181762,
        "outcome": "passed"
      },
      "teardown": {
        "duration": 0.00011876250830046136,
        "outcome": "passed"
      }
    },
    {
      "nodeid": "assignments/round1/easy-max_value/tests/test_task.py::test_max_value_3",
      "lineno": 23,
      "outcome": "passed",
      "keywords": [
        "test_max_value_3",
        "test_task.py",
        "tests",
        "easy-max_value",
        "round1",
        "assignments",
        "a",
        ""
      ],
      "setup": {
        "duration": 0.0001480864462227746,
        "outcome": "passed"
      },
      "call": {
        "duration": 0.0002058796205700701,
        "outcome": "passed",
        "longrepr": "def test_max_value_3():\n    # Test implementation\n>   assert result == expected\nE   AssertionError: Expected result but got incorrect value"
      },
      "teardown": {
        "duration": 5.574502426828282e-05,
        "outcome": "passed"
      }
    },
    {
      "nodeid": "assignments/round1/easy-max_value/tests/test_task.py::test_max_value_4",
      "lineno": 28,
      "outcome": "passed",
      "keywords": [
        "test_max_value_4",
        "test_task.py",
        "tests",
        "easy-max_value",
        "round1",
        "assignments",
        "a",
        ""
      ],
      "setup": {
        "duration": 0.000129127909838197,
        "outcome": "passed"
      },
      "call": {
        "duration": 0.00029055281418290715,
        "outcome": "passed",
        "longrepr": "def test_max_value_4():\n    # Test implementation\n>   assert result == expected\nE   AssertionError: Expected result but got incorrect value"
      },
      "teardown": {
        "duration": 5.478307735953319e-05,
        "outcome": "passed"
      }
    },
    {
      "nodeid": "assignments/round1/medium-binary_search/tests/test_task.py::test_binary_search_1",
      "lineno": 13,
      "outcome": "passed",
      "keywords": [
        "test_binary_search_1",
        "test_task.py",
        "tests",
        "medium-binary_search",
        "round1",
        "assignments",
        "a",
        ""
      ],
      "setup": {
        "duration": 0.00016361220214224534,
        "outcome": "passed"
      },
      "call": {
        "duration": 0.00021850767276475016,
        "outcome": "passed"
      },
      "teardown": {
        "duration": 5.0802396786988905e-05,
        "outcome": "passed"
      }
    },
    {
      "nodeid": "assignments/round1/medium-binary_search/tests/test_task.py::test_binary_search_2",
      "lineno": 18,
      "outcome": "passed",
      "keywords": [
        "test_binary_search_2",
        "test_task.py",
        "tests",
        "medium-binary_search",
        "round1",
        "assignments",
        "a",
        ""
      ],
      "setup": {
        "duration": 0.00016261087168623452,
        "outcome": "passed"
      },
      "call": {
        "duration": 0.00015162414833221516,
        "outcome": "passed"
      },
      "teardown": {
        "duration": 0.00013605949990509446,
        "outcome": "passed"
      }
    },
    {
      "nodeid": "assignments/round1/medium-binary_search/tests/test_task.py::test_binary_search_3",
      "lineno": 23,
      "outcome": "failed",
      "keywords": [
        "test_binary_search_3",
        "test_task.py",
        "tests",
        "medium-binary_search",
        "round1",
        "assignments",
        "a",
        ""
      ],
      "setup": {
        "duration": 9.923723704303902e-05,
        "outcome": "passed"
      },
      "call": {
        "duration": 0.0001752391865288578,
        "outcome": "failed",
        "crash": {
          "path": "/workspaces/participant319/exercises/challenge/tests/test_task.py",
          "lineno": 66,
          "message": "AssertionError: Expected result but got incorrect value"
        },
        "traceback": [
          {
            "path": "exercises/challenge/tests/test_task.py",
            "lineno": 66,
            "message": "AssertionError"
          }
        ]
      },
      "teardown": {
        "duration": 0.0001112042537491362,
        "outcome": "passed"
      }
    },
    {
      "nodeid": "assignments/round1/medium-binary_search/tests/test_task.py::test_binary_search_4",
      "lineno": 28,
      "outcome": "failed",
      "keywords": [
        "test_binary_search_4",
        "test_task.py",
        "tests",
        "medium-binary_search",
        "round1",
        "assignments",
        "a",
        ""
      ],
      "setup": {
        "duration": 0.00013704968167256186,
        "outcome": "passed"
      },
      "call": {
        "duration": 0.0002232667217418008,
        "outcome": "failed",
        "crash": {
          "path": "/workspaces/participant319/exercises/challenge/tests/test_task.py",
          "lineno": 71,
          "message": "AssertionError: Expected result but got incorrect value"
        },
        "traceback": [
          {
            "path": "exercises/challenge/tests/test_task.py",
            "lineno": 71,
            "message": "AssertionError"
          }
        ]
      },
      "teardown": {
        "duration": 0.00010917896048018205,
        "outcome": "passed"
      }
    },
    {
      "nodeid": "assignments/round1/medium-binary_search/tests/test_task.py::test_binary_search_5",
      "lineno": 33,
      "outcome": "failed",
      "keywords": [
        "test_binary_search_5",
        "test_task.py",
        "tests",
        "medium-binary_search",
        "round1",
        "assignments",
        "a",
        ""
      ],
      "setup": {
        "duration": 8.169291495543644e-05,
        "outcome": "passed"
      },
      "call": {
        "duration": 0.00014715329853981696,
        "outcome": "failed",
        "crash": {
          "path": "/workspaces/participant319/exercises/challenge/tests/test_task.py",
          "lineno": 76,
          "message": "AssertionError: Expected result but got incorrect value"
        },
        "traceback": [
          {
            "path": "exercises/challenge/tests/test_task.py",
            "lineno": 76,
            "message": "AssertionError"
          }
        ],
        "longrepr": "def test_binary_search_5():\n    # Test implementation\n>   assert result == expected\nE   AssertionError: Expected result but got incorrect value"
      },
      "teardown": {
        "duration": 0.00011222407988680091,
        "outcome": "passed"
      }
    }
  ]
}