{"created": 1763119832.0, "duration": 532.7527090547684, "exitcode": 1, "root": "/workspaces/participant310", "environment": {}, "summary": {"passed": 10, "failed": 3, "total": 13, "collected": 13}, "collectors": [], "tests": [{"nodeid": "assignments/round1/easy-list_average/tests/test_task.py::test_list_average_1", "lineno": 13, "outcome": "passed", "keywords": ["test_list_average_1", "test_task.py", "tests", "easy-list_average", "round1", "assignments", "a", ""], "setup": {"duration": 6.846127982298287e-05, "outcome": "passed"}, "call": {"duration": 0.0002042801282168565, "outcome": "passed"}, "teardown": {"duration": 0.00012652693054223096, "outcome": "passed"}}, {"nodeid": "assignments/round1/easy-list_average/tests/test_task.py::test_list_average_2", "lineno": 18, "outcome": "passed", "keywords": ["test_list_average_2", "test_task.py", "tests", "easy-list_average", "round1", "assignments", "a", ""], "setup": {"duration": 6.113480101775838e-05, "outcome": "passed"}, "call": {"duration": 0.0001804383298229991, "outcome": "passed"}, "teardown": {"duration": 0.00011895452529769835, "outcome": "passed"}}, {"nodeid": "assignments/round1/easy-list_average/tests/test_task.py::test_list_average_3", "lineno": 23, "outcome": "passed", "keywords": ["test_list_average_3", "test_task.py", "tests", "easy-list_average", "round1", "assignments", "a", ""], "setup": {"duration": 0.00014944731510272127, "outcome": "passed"}, "call": {"duration": 9.247398676141911e-05, "outcome": "passed"}, "teardown": {"duration": 0.0001350299913205649, "outcome": "passed"}}, {"nodeid": "assignments/round1/easy-list_average/tests/test_task.py::test_list_average_4", "lineno": 28, "outcome": "passed", "keywords": ["test_list_average_4", "test_task.py", "tests", "easy-list_average", "round1", "assignments", "a", ""], "setup": {"duration": 0.00013731726609468903, "outcome": "passed"}, "call": {"duration": 8.472767138309119e-05, "outcome": "passed", "longrepr": "def test_list_average_4():\n    # Test implementation\n>   assert result == expected\nE   AssertionError: Expected result but got incorrect value"}, "teardown": {"duration": 8.131652592430547e-05, "outcome": "passed"}}, {"nodeid": "assignments/round1/easy-list_average/tests/test_task.py::test_list_average_5", "lineno": 33, "outcome": "passed", "keywords": ["test_list_average_5", "test_task.py", "tests", "easy-list_average", "round1", "assignments", "a", ""], "setup": {"duration": 0.00019554355046500835, "outcome": "passed"}, "call": {"duration": 0.00028933146915126367, "outcome": "passed", "longrepr": "def test_list_average_5():\n    # Test implementation\n>   assert result == expected\nE   AssertionError: Expected result but got incorrect value"}, "teardown": {"duration": 0.00014124550512609424, "outcome": "passed"}}, {"nodeid": "assignments/round1/hard-valid_parentheses/tests/test_task.py::test_valid_parentheses_1", "lineno": 13, "outcome": "passed", "keywords": ["test_valid_parentheses_1", "test_task.py", "tests", "hard-valid_parentheses", "round1", "assignments", "a", ""], "setup": {"duration": 0.00019971095668279431, "outcome": "passed"}, "call": {"duration": 8.822468447945166e-05, "outcome": "passed"}, "teardown": {"duration": 6.798313600039422e-05, "outcome": "passed"}}, {"nodeid": "assignments/round1/hard-valid_parentheses/tests/test_task.py::test_valid_parentheses_2", "lineno": 18, "outcome": "passed", "keywords": ["test_valid_parentheses_2", "test_task.py", "tests", "hard-valid_parentheses", "round1", "assignments", "a", ""], "setup": {"duration": 0.00014157688693170026, "outcome": "passed"}, "call": {"duration": 0.00011958562342189301, "outcome": "passed"}, "teardown": {"duration": 7.300843756862775e-05, "outcome": "passed"}}, {"nodeid": "assignments/round1/hard-valid_parentheses/tests/test_task.py::test_valid_parentheses_3", "lineno": 23, "outcome": "passed", "keywords": ["test_valid_parentheses_3", "test_task.py", "tests", "hard-valid_parentheses", "round1", "assignments", "a", ""], "setup": {"duration": 8.475296222988125e-05, "outcome": "passed"}, "call": {"duration": 0.00018151089374551777, "outcome": "passed"}, "teardown": {"duration": 0.00010933150244325459, "outcome": "passed"}}, {"nodeid": "assignments/round1/hard-valid_parentheses/tests/test_task.py::test_valid_parentheses_4", "lineno": 28, "outcome": "passed", "keywords": ["test_valid_parentheses_4", "test_task.py", "tests", "hard-valid_parentheses", "round1", "assignments", "a", ""], "setup": {"duration": 0.0001859019260293158, "outcome": "passed"}, "call": {"duration": 0.0002515994574900839, "outcome": "passed"}, "teardown": {"duration": 9.769581996929208e-05, "outcome": "passed"}}, {"nodeid": "assignments/round1/hard-valid_parentheses/tests/test_task.py::test_valid_parentheses_5", "lineno": 33, "outcome": "passed", "keywords": ["test_valid_parentheses_5", "test_task.py", "tests", "hard-valid_parentheses", "round1", "assignments", "a", ""], "setup": {"duration": 0.00010403746552244383, "outcome": "passed"}, "call": {"duration": 7.503253567066082e-05, "outcome": "passed", "longrepr": "def test_valid_parentheses_5():\n    # Test implementation\n>   assert result == expected\nE   AssertionError: Expected result but got incorrect value"}, "teardown": {"duration": 8.699500914027778e-05, "outcome": "passed"}}, {"nodeid": "assignments/round1/hard-valid_parentheses/tests/test_task.py::test_valid_parentheses_6", "lineno": 38, "outcome": "failed", "keywords": ["test_valid_parentheses_6", "test_task.py", "tests", "hard-valid_parentheses", "round1", "assignments", "a", ""], "setup": {"duration": 0.00018855568024815956, "outcome": "passed"}, "call": {"duration": 0.00014421566135577304, "outcome": "failed", "longrepr": "def test_valid_parentheses_6():\n    # Test implementation\n>   assert result == expected\nE   AssertionError: Expected result but got incorrect value", "crash": {"path": "/workspaces/participant310/exercises/challenge/tests/test_task.py", "lineno": 66, "message": "AssertionError: Expected result but got incorrect value"}, "traceback": [{"path": "exercises/challenge/tests/test_task.py", "lineno": 66, "message": "AssertionError"}]}, "teardown": {"duration": 0.0001026706518858386, "outcome": "passed"}}, {"nodeid": "assignments/round1/hard-valid_parentheses/tests/test_task.py::test_valid_parentheses_7", "lineno": 43, "outcome": "failed", "keywords": ["test_valid_parentheses_7", "test_task.py", "tests", "hard-valid_parentheses", "round1", "assignments", "a", ""], "setup": {"duration": 0.00014141635833542893, "outcome": "passed"}, "call": {"duration": 0.0002829950075771644, "outcome": "failed", "longrepr": "def test_valid_parentheses_7():\n    # Test implementation\n>   assert result == expected\nE   AssertionError: Expected result but got incorrect value", "crash": {"path": "/workspaces/participant310/exercises/challenge/tests/test_task.py", "lineno": 71, "message": "AssertionError: Expected result but got incorrect value"}, "traceback": [{"path": "exercises/challenge/tests/test_task.py", "lineno": 71, "message": "AssertionError"}]}, "teardown": {"duration": 6.107940837702235e-05, "outcome": "passed"}}, {"nodeid": "assignments/round1/hard-valid_parentheses/tests/test_task.py::test_valid_parentheses_8", "lineno": 48, "outcome": "failed", "keywords": ["test_valid_parentheses_8", "test_task.py", "tests", "hard-valid_parentheses", "round1", "assignments", "a", ""], "setup": {"duration": 0.00018330151871783878, "outcome": "passed"}, "call": {"duration": 6.372154820200536e-05, "outcome": "failed", "crash": {"path": "/workspaces/participant310/exercises/challenge/tests/test_task.py", "lineno": 76, "message": "AssertionError: Expected result but got incorrect value"}, "traceback": [{"path": "exercises/challenge/tests/test_task.py", "lineno": 76, "message": "AssertionError"}], "longrepr": "def test_valid_parentheses_8():\n    # Test implementation\n>   assert result == expected\nE   AssertionError: Expected result but got incorrect value"}, "teardown": {"duration": 7.12022648807487e-05, "outcome": "passed"}}]}