{"created": 1763120445.0, "duration": 411.0438370053562, "exitcode": 0, "root": "/workspaces/participant311", "environment": {}, "summary": {"passed": 15, "failed": 0, "total": 15, "collected": 15}, "collectors": [], "tests": [{"nodeid": "assignments/round1/medium-word_frequency/tests/test_task.py::test_word_frequency_1", "lineno": 13, "outcome": "passed", "keywords": ["test_word_frequency_1", "test_task.py", "tests", "medium-word_frequency", "round1", "assignments", "a", ""], "setup": {"duration": 0.0001572790202699414, "outcome": "passed"}, "call": {"duration": 0.0001703391801201069, "outcome": "passed"}, "teardown": {"duration": 0.00010141043708584356, "outcome": "passed"}}, {"nodeid": "assignments/round1/medium-word_frequency/tests/test_task.py::test_word_frequency_2", "lineno": 18, "outcome": "passed", "keywords": ["test_word_frequency_2", "test_task.py", "tests", "medium-word_frequency", "round1", "assignments", "a", ""], "setup": {"duration": 0.0001428641978670288, "outcome": "passed"}, "call": {"duration": 0.00016919634434925352, "outcome": "passed"}, "teardown": {"duration": 0.0001407339578190715, "outcome": "passed"}}, {"nodeid": "assignments/round1/medium-word_frequency/tests/test_task.py::test_word_frequency_3", "lineno": 23, "outcome": "passed", "keywords": ["test_word_frequency_3", "test_task.py", "tests", "medium-word_frequency", "round1", "assignments", "a", ""], "setup": {"duration": 0.00017381986133613693, "outcome": "passed"}, "call": {"duration": 0.00024644134184063405, "outcome": "passed"}, "teardown": {"duration": 9.802075060432614e-05, "outcome": "passed"}}, {"nodeid": "assignments/round1/medium-word_frequency/tests/test_task.py::test_word_frequency_4", "lineno": 28, "outcome": "passed", "keywords": ["test_word_frequency_4", "test_task.py", "tests", "medium-word_frequency", "round1", "assignments", "a", ""], "setup": {"duration": 0.00018927282813150222, "outcome": "passed"}, "call": {"duration": 0.0002732186867705294, "outcome": "passed"}, "teardown": {"duration": 0.00014275017787974511, "outcome": "passed"}}, {"nodeid": "assignments/round1/medium-word_frequency/tests/test_task.py::test_word_frequency_5", "lineno": 33, "outcome": "passed", "keywords": ["test_word_frequency_5", "test_task.py", "tests", "medium-word_frequency", "round1", "assignments", "a", ""], "setup": {"duration": 0.00018839073716651972, "outcome": "passed"}, "call": {"duration": 0.0001898468583737801, "outcome": "passed"}, "teardown": {"duration": 0.00014692132882477904, "outcome": "passed"}}, {"nodeid": "assignments/round1/medium-word_frequency/tests/test_task.py::test_word_frequency_6", "lineno": 38, "outcome": "passed", "keywords": ["test_word_frequency_6", "test_task.py", "tests", "medium-word_frequency", "round1", "assignments", "a", ""], "setup": {"duration": 9.914842973529403e-05, "outcome": "passed"}, "call": {"duration": 0.0001676262841385894, "outcome": "passed", "longrepr": "def test_word_frequency_6():\n    # Test implementation\n>   assert result == expected\nE   AssertionError: Expected result but got incorrect value"}, "teardown": {"duration": 0.0001265748679726785, "outcome": "passed"}}, {"nodeid": "assignments/round1/medium-word_frequency/tests/test_task.py::test_word_frequency_7", "lineno": 43, "outcome": "passed", "keywords": ["test_word_frequency_7", "test_task.py", "tests", "medium-word_frequency", "round1", "assignments", "a", ""], "setup": {"duration": 9.56257425856549e-05, "outcome": "passed"}, "call": {"duration": 8.63032055723229e-05, "outcome": "passed", "longrepr": "def test_word_frequency_7():\n    # Test implementation\n>   assert result == expected\nE   AssertionError: Expected result but got incorrect value"}, "teardown": {"duration": 0.0001204002651907449, "outcome": "passed"}}, {"nodeid": "assignments/round1/medium-word_frequency/tests/test_task.py::test_word_frequency_8", "lineno": 48, "outcome": "passed", "keywords": ["test_word_frequency_8", "test_task.py", "tests", "medium-word_frequency", "round1", "assignments", "a", ""], "setup": {"duration": 0.00010253554755367483, "outcome": "passed"}, "call": {"duration": 0.00015526594783519398, "outcome": "passed", "longrepr": "def test_word_frequency_8():\n    # Test implementation\n>   assert result == expected\nE   AssertionError: Expected result but got incorrect value"}, "teardown": {"duration": 6.68099150290241e-05, "outcome": "passed"}}, {"nodeid": "assignments/round1/hard-valid_parentheses/tests/test_task.py::test_valid_parentheses_1", "lineno": 13, "outcome": "passed", "keywords": ["test_valid_parentheses_1", "test_task.py", "tests", "hard-valid_parentheses", "round1", "assignments", "a", ""], "setup": {"duration": 0.00015145706591597873, "outcome": "passed"}, "call": {"duration": 0.00013285960325343707, "outcome": "passed"}, "teardown": {"duration": 0.00010332213362155264, "outcome": "passed"}}, {"nodeid": "assignments/round1/hard-valid_parentheses/tests/test_task.py::test_valid_parentheses_2", "lineno": 18, "outcome": "passed", "keywords": ["test_valid_parentheses_2", "test_task.py", "tests", "hard-valid_parentheses", "round1", "assignments", "a", ""], "setup": {"duration": 0.00015935063492598874, "outcome": "passed"}, "call": {"duration": 0.0002721936160192355, "outcome": "passed"}, "teardown": {"duration": 0.000124662390902367, "outcome": "passed"}}, {"nodeid": "assignments/round1/hard-valid_parentheses/tests/test_task.py::test_valid_parentheses_3", "lineno": 23, "outcome": "passed", "keywords": ["test_valid_parentheses_3", "test_task.py", "tests", "hard-valid_parentheses", "round1", "assignments", "a", ""], "setup": {"duration": 7.435945487693432e-05, "outcome": "passed"}, "call": {"duration": 7.099481514468437e-05, "outcome": "passed"}, "teardown": {"duration": 0.00013935093518435647, "outcome": "passed"}}, {"nodeid": "assignments/round1/hard-valid_parentheses/tests/test_task.py::test_valid_parentheses_4", "lineno": 28, "outcome": "passed", "keywords": ["test_valid_parentheses_4", "test_task.py", "tests", "hard-valid_parentheses", "round1", "assignments", "a", ""], "setup": {"duration": 0.0001586731897982713, "outcome": "passed"}, "call": {"duration": 0.00011068065838555392, "outcome": "passed"}, "teardown": {"duration": 0.0001394842889034481, "outcome": "passed"}}, {"nodeid": "assignments/round1/hard-valid_parentheses/tests/test_task.py::test_valid_parentheses_5", "lineno": 33, "outcome": "passed", "keywords": ["test_valid_parentheses_5", "test_task.py", "tests", "hard-valid_parentheses", "round1", "assignments", "a", ""], "setup": {"duration": 7.066736477728824e-05, "outcome": "passed"}, "call": {"duration": 0.00017959230342224706, "outcome": "passed"}, "teardown": {"duration": 0.00014414294580701603, "outcome": "passed"}}, {"nodeid": "assignments/round1/hard-valid_parentheses/tests/test_task.py::test_valid_parentheses_6", "lineno": 38, "outcome": "passed", "keywords": ["test_valid_parentheses_6", "test_task.py", "tests", "hard-valid_parentheses", "round1", "assignments", "a", ""], "setup": {"duration": 0.00013177423325705855, "outcome": "passed"}, "call": {"duration": 0.000261538798603239, "outcome": "passed"}, "teardown": {"duration": 0.0001331025825382184, "outcome": "passed"}}, {"nodeid": "assignments/round1/hard-valid_parentheses/tests/test_task.py::test_valid_parentheses_7", "lineno": 43, "outcome": "passed", "keywords": ["test_valid_parentheses_7", "test_task.py", "tests", "hard-valid_parentheses", "round1", "assignments", "a", ""], "setup": {"duration": 0.00019215235133781506, "outcome": "passed"}, "call": {"duration": 0.00017831243850848058, "outcome": "passed", "longrepr": "def test_valid_parentheses_7():\n    # Test implementation\n>   assert result == expected\nE   AssertionError: Expected result but got incorrect value"}, "teardown": {"duration": 0.0001380420049228598, "outcome": "passed"}}]}